[0.054s] Invoking command in '/home/adm-vsp-dv/urdf_update/urdf/build/motoman_resources': CMAKE_PREFIX_PATH=${CMAKE_PREFIX_PATH}:/opt/ros/rolling DEBUGINFOD_URLS=https://debuginfod.ubuntu.com /usr/bin/cmake --build /home/adm-vsp-dv/urdf_update/urdf/build/motoman_resources -- -j8 -l8
[0.181s] Invoked command in '/home/adm-vsp-dv/urdf_update/urdf/build/motoman_resources' returned '0': CMAKE_PREFIX_PATH=${CMAKE_PREFIX_PATH}:/opt/ros/rolling DEBUGINFOD_URLS=https://debuginfod.ubuntu.com /usr/bin/cmake --build /home/adm-vsp-dv/urdf_update/urdf/build/motoman_resources -- -j8 -l8
[0.263s] Invoking command in '/home/adm-vsp-dv/urdf_update/urdf/build/motoman_resources': CMAKE_PREFIX_PATH=${CMAKE_PREFIX_PATH}:/opt/ros/rolling DEBUGINFOD_URLS=https://debuginfod.ubuntu.com /usr/bin/cmake --install /home/adm-vsp-dv/urdf_update/urdf/build/motoman_resources
[0.279s] -- Install configuration: ""
[0.279s] -- Execute custom install script
[0.279s] -- Up-to-date symlink: /home/adm-vsp-dv/urdf_update/urdf/install/motoman_resources/share/motoman_resources/urdf/common_colors.xacro
[0.279s] -- Up-to-date symlink: /home/adm-vsp-dv/urdf_update/urdf/install/motoman_resources/share/motoman_resources/urdf/common_materials.xacro
[0.279s] -- Up-to-date symlink: /home/adm-vsp-dv/urdf_update/urdf/install/motoman_resources/share/ament_index/resource_index/package_run_dependencies/motoman_resources
[0.280s] -- Up-to-date symlink: /home/adm-vsp-dv/urdf_update/urdf/install/motoman_resources/share/ament_index/resource_index/parent_prefix_path/motoman_resources
[0.280s] -- Up-to-date symlink: /home/adm-vsp-dv/urdf_update/urdf/install/motoman_resources/share/motoman_resources/environment/ament_prefix_path.sh
[0.280s] -- Up-to-date symlink: /home/adm-vsp-dv/urdf_update/urdf/install/motoman_resources/share/motoman_resources/environment/ament_prefix_path.dsv
[0.280s] -- Up-to-date symlink: /home/adm-vsp-dv/urdf_update/urdf/install/motoman_resources/share/motoman_resources/environment/path.sh
[0.281s] -- Up-to-date symlink: /home/adm-vsp-dv/urdf_update/urdf/install/motoman_resources/share/motoman_resources/environment/path.dsv
[0.281s] -- Up-to-date symlink: /home/adm-vsp-dv/urdf_update/urdf/install/motoman_resources/share/motoman_resources/local_setup.bash
[0.281s] -- Up-to-date symlink: /home/adm-vsp-dv/urdf_update/urdf/install/motoman_resources/share/motoman_resources/local_setup.sh
[0.282s] -- Up-to-date symlink: /home/adm-vsp-dv/urdf_update/urdf/install/motoman_resources/share/motoman_resources/local_setup.zsh
[0.282s] -- Up-to-date symlink: /home/adm-vsp-dv/urdf_update/urdf/install/motoman_resources/share/motoman_resources/local_setup.dsv
[0.282s] -- Symlinking: /home/adm-vsp-dv/urdf_update/urdf/install/motoman_resources/share/motoman_resources/package.dsv
[0.297s] -- Up-to-date symlink: /home/adm-vsp-dv/urdf_update/urdf/install/motoman_resources/share/ament_index/resource_index/packages/motoman_resources
[0.297s] -- Up-to-date symlink: /home/adm-vsp-dv/urdf_update/urdf/install/motoman_resources/share/motoman_resources/cmake/motoman_resourcesConfig.cmake
[0.297s] -- Up-to-date symlink: /home/adm-vsp-dv/urdf_update/urdf/install/motoman_resources/share/motoman_resources/cmake/motoman_resourcesConfig-version.cmake
[0.297s] -- Up-to-date symlink: /home/adm-vsp-dv/urdf_update/urdf/install/motoman_resources/share/motoman_resources/package.xml
[0.339s] Invoked command in '/home/adm-vsp-dv/urdf_update/urdf/build/motoman_resources' returned '0': CMAKE_PREFIX_PATH=${CMAKE_PREFIX_PATH}:/opt/ros/rolling DEBUGINFOD_URLS=https://debuginfod.ubuntu.com /usr/bin/cmake --install /home/adm-vsp-dv/urdf_update/urdf/build/motoman_resources
