-- Install configuration: ""
-- Execute custom install script
-- Up-to-date symlink: /home/adm-vsp-dv/urdf_update/urdf/install/cobotta_cell_description/share/cobotta_cell_description/urdf/cobotta_cell.urdf.xacro
-- Up-to-date symlink: /home/adm-vsp-dv/urdf_update/urdf/install/cobotta_cell_description/share/cobotta_cell_description/urdf/cobotta_cell_gen.urdf.xacro
-- Up-to-date symlink: /home/adm-vsp-dv/urdf_update/urdf/install/cobotta_cell_description/share/cobotta_cell_description/launch/display.launch.py
-- Up-to-date symlink: /home/adm-vsp-dv/urdf_update/urdf/install/cobotta_cell_description/share/ament_index/resource_index/package_run_dependencies/cobotta_cell_description
-- Up-to-date symlink: /home/adm-vsp-dv/urdf_update/urdf/install/cobotta_cell_description/share/ament_index/resource_index/parent_prefix_path/cobotta_cell_description
-- Up-to-date symlink: /home/adm-vsp-dv/urdf_update/urdf/install/cobotta_cell_description/share/cobotta_cell_description/environment/ament_prefix_path.sh
-- Up-to-date symlink: /home/adm-vsp-dv/urdf_update/urdf/install/cobotta_cell_description/share/cobotta_cell_description/environment/ament_prefix_path.dsv
-- Up-to-date symlink: /home/adm-vsp-dv/urdf_update/urdf/install/cobotta_cell_description/share/cobotta_cell_description/environment/path.sh
-- Up-to-date symlink: /home/adm-vsp-dv/urdf_update/urdf/install/cobotta_cell_description/share/cobotta_cell_description/environment/path.dsv
-- Up-to-date symlink: /home/adm-vsp-dv/urdf_update/urdf/install/cobotta_cell_description/share/cobotta_cell_description/local_setup.bash
-- Up-to-date symlink: /home/adm-vsp-dv/urdf_update/urdf/install/cobotta_cell_description/share/cobotta_cell_description/local_setup.sh
-- Up-to-date symlink: /home/adm-vsp-dv/urdf_update/urdf/install/cobotta_cell_description/share/cobotta_cell_description/local_setup.zsh
-- Up-to-date symlink: /home/adm-vsp-dv/urdf_update/urdf/install/cobotta_cell_description/share/cobotta_cell_description/local_setup.dsv
-- Symlinking: /home/adm-vsp-dv/urdf_update/urdf/install/cobotta_cell_description/share/cobotta_cell_description/package.dsv
-- Up-to-date symlink: /home/adm-vsp-dv/urdf_update/urdf/install/cobotta_cell_description/share/ament_index/resource_index/packages/cobotta_cell_description
-- Up-to-date symlink: /home/adm-vsp-dv/urdf_update/urdf/install/cobotta_cell_description/share/cobotta_cell_description/cmake/cobotta_cell_descriptionConfig.cmake
-- Up-to-date symlink: /home/adm-vsp-dv/urdf_update/urdf/install/cobotta_cell_description/share/cobotta_cell_description/cmake/cobotta_cell_descriptionConfig-version.cmake
-- Up-to-date symlink: /home/adm-vsp-dv/urdf_update/urdf/install/cobotta_cell_description/share/cobotta_cell_description/package.xml
