-- Install configuration: ""
-- Execute custom install script
-- Up-to-date symlink: /home/adm-vsp-dv/urdf_update/urdf/install/m_2063306_000_description/share/m_2063306_000_description/config/joint_names_m_2063306_000.yaml
-- Up-to-date symlink: /home/adm-vsp-dv/urdf_update/urdf/install/m_2063306_000_description/share/m_2063306_000_description/launch/display.launch
-- Up-to-date symlink: /home/adm-vsp-dv/urdf_update/urdf/install/m_2063306_000_description/share/m_2063306_000_description/launch/gazebo.launch
-- Up-to-date symlink: /home/adm-vsp-dv/urdf_update/urdf/install/m_2063306_000_description/share/m_2063306_000_description/meshes/base_link.STL
-- Up-to-date symlink: /home/adm-vsp-dv/urdf_update/urdf/install/m_2063306_000_description/share/m_2063306_000_description/meshes/link_1.STL
-- Up-to-date symlink: /home/adm-vsp-dv/urdf_update/urdf/install/m_2063306_000_description/share/m_2063306_000_description/urdf/m_2063306_000.csv
-- Up-to-date symlink: /home/adm-vsp-dv/urdf_update/urdf/install/m_2063306_000_description/share/m_2063306_000_description/urdf/m_2063306_000.urdf
-- Up-to-date symlink: /home/adm-vsp-dv/urdf_update/urdf/install/m_2063306_000_description/share/m_2063306_000_description/urdf/m_2063306_000.urdf.xacro
-- Up-to-date symlink: /home/adm-vsp-dv/urdf_update/urdf/install/m_2063306_000_description/share/ament_index/resource_index/package_run_dependencies/m_2063306_000_description
-- Up-to-date symlink: /home/adm-vsp-dv/urdf_update/urdf/install/m_2063306_000_description/share/ament_index/resource_index/parent_prefix_path/m_2063306_000_description
-- Up-to-date symlink: /home/adm-vsp-dv/urdf_update/urdf/install/m_2063306_000_description/share/m_2063306_000_description/environment/ament_prefix_path.sh
-- Up-to-date symlink: /home/adm-vsp-dv/urdf_update/urdf/install/m_2063306_000_description/share/m_2063306_000_description/environment/ament_prefix_path.dsv
-- Up-to-date symlink: /home/adm-vsp-dv/urdf_update/urdf/install/m_2063306_000_description/share/m_2063306_000_description/environment/path.sh
-- Up-to-date symlink: /home/adm-vsp-dv/urdf_update/urdf/install/m_2063306_000_description/share/m_2063306_000_description/environment/path.dsv
-- Up-to-date symlink: /home/adm-vsp-dv/urdf_update/urdf/install/m_2063306_000_description/share/m_2063306_000_description/local_setup.bash
-- Up-to-date symlink: /home/adm-vsp-dv/urdf_update/urdf/install/m_2063306_000_description/share/m_2063306_000_description/local_setup.sh
-- Up-to-date symlink: /home/adm-vsp-dv/urdf_update/urdf/install/m_2063306_000_description/share/m_2063306_000_description/local_setup.zsh
-- Up-to-date symlink: /home/adm-vsp-dv/urdf_update/urdf/install/m_2063306_000_description/share/m_2063306_000_description/local_setup.dsv
-- Symlinking: /home/adm-vsp-dv/urdf_update/urdf/install/m_2063306_000_description/share/m_2063306_000_description/package.dsv
-- Up-to-date symlink: /home/adm-vsp-dv/urdf_update/urdf/install/m_2063306_000_description/share/ament_index/resource_index/packages/m_2063306_000_description
-- Up-to-date symlink: /home/adm-vsp-dv/urdf_update/urdf/install/m_2063306_000_description/share/m_2063306_000_description/cmake/m_2063306_000_descriptionConfig.cmake
-- Up-to-date symlink: /home/adm-vsp-dv/urdf_update/urdf/install/m_2063306_000_description/share/m_2063306_000_description/cmake/m_2063306_000_descriptionConfig-version.cmake
-- Up-to-date symlink: /home/adm-vsp-dv/urdf_update/urdf/install/m_2063306_000_description/share/m_2063306_000_description/package.xml
