-- Install configuration: ""
-- Execute custom install script
-- Up-to-date symlink: /home/adm-vsp-dv/urdf_update/urdf/install/kiwi_cell_description/share/kiwi_cell_description/launch/display.launch.py
-- Up-to-date symlink: /home/adm-vsp-dv/urdf_update/urdf/install/kiwi_cell_description/share/kiwi_cell_description/meshes/base_link.STL
-- Up-to-date symlink: /home/adm-vsp-dv/urdf_update/urdf/install/kiwi_cell_description/share/kiwi_cell_description/meshes/robot_base_link.STL
-- Up-to-date symlink: /home/adm-vsp-dv/urdf_update/urdf/install/kiwi_cell_description/share/kiwi_cell_description/urdf/example_kiwi_cell.urdf.xacro
-- Up-to-date symlink: /home/adm-vsp-dv/urdf_update/urdf/install/kiwi_cell_description/share/kiwi_cell_description/urdf/kiwi_cell.png
-- Up-to-date symlink: /home/adm-vsp-dv/urdf_update/urdf/install/kiwi_cell_description/share/kiwi_cell_description/urdf/kiwi_cell.urdf.xacro
-- Up-to-date symlink: /home/adm-vsp-dv/urdf_update/urdf/install/kiwi_cell_description/share/ament_index/resource_index/package_run_dependencies/kiwi_cell_description
-- Up-to-date symlink: /home/adm-vsp-dv/urdf_update/urdf/install/kiwi_cell_description/share/ament_index/resource_index/parent_prefix_path/kiwi_cell_description
-- Up-to-date symlink: /home/adm-vsp-dv/urdf_update/urdf/install/kiwi_cell_description/share/kiwi_cell_description/environment/ament_prefix_path.sh
-- Up-to-date symlink: /home/adm-vsp-dv/urdf_update/urdf/install/kiwi_cell_description/share/kiwi_cell_description/environment/ament_prefix_path.dsv
-- Up-to-date symlink: /home/adm-vsp-dv/urdf_update/urdf/install/kiwi_cell_description/share/kiwi_cell_description/environment/path.sh
-- Up-to-date symlink: /home/adm-vsp-dv/urdf_update/urdf/install/kiwi_cell_description/share/kiwi_cell_description/environment/path.dsv
-- Up-to-date symlink: /home/adm-vsp-dv/urdf_update/urdf/install/kiwi_cell_description/share/kiwi_cell_description/local_setup.bash
-- Up-to-date symlink: /home/adm-vsp-dv/urdf_update/urdf/install/kiwi_cell_description/share/kiwi_cell_description/local_setup.sh
-- Up-to-date symlink: /home/adm-vsp-dv/urdf_update/urdf/install/kiwi_cell_description/share/kiwi_cell_description/local_setup.zsh
-- Up-to-date symlink: /home/adm-vsp-dv/urdf_update/urdf/install/kiwi_cell_description/share/kiwi_cell_description/local_setup.dsv
-- Symlinking: /home/adm-vsp-dv/urdf_update/urdf/install/kiwi_cell_description/share/kiwi_cell_description/package.dsv
-- Up-to-date symlink: /home/adm-vsp-dv/urdf_update/urdf/install/kiwi_cell_description/share/ament_index/resource_index/packages/kiwi_cell_description
-- Up-to-date symlink: /home/adm-vsp-dv/urdf_update/urdf/install/kiwi_cell_description/share/kiwi_cell_description/cmake/kiwi_cell_descriptionConfig.cmake
-- Up-to-date symlink: /home/adm-vsp-dv/urdf_update/urdf/install/kiwi_cell_description/share/kiwi_cell_description/cmake/kiwi_cell_descriptionConfig-version.cmake
-- Up-to-date symlink: /home/adm-vsp-dv/urdf_update/urdf/install/kiwi_cell_description/share/kiwi_cell_description/package.xml
