[0.070s] Invoking command in '/home/adm-vsp-dv/urdf_update/urdf/build/combined_gp7_description': DEBUGINFOD_URLS=https://debuginfod.ubuntu.com /usr/bin/cmake --build /home/adm-vsp-dv/urdf_update/urdf/build/combined_gp7_description -- -j8 -l8
[0.121s] -- Found ament_cmake: 2.7.0 (/opt/ros/rolling/share/ament_cmake/cmake)
[0.575s] -- Found xacro: 2.0.11 (/opt/ros/rolling/share/xacro/cmake)
[0.582s] -- Found rviz2: 14.2.3 (/opt/ros/rolling/share/rviz2/cmake)
[0.592s] -- Found robot_state_publisher: 3.4.0 (/opt/ros/rolling/share/robot_state_publisher/cmake)
[0.706s] -- Found rosidl_generator_c: 4.8.1 (/opt/ros/rolling/share/rosidl_generator_c/cmake)
[0.720s] -- Found rosidl_generator_cpp: 4.8.1 (/opt/ros/rolling/share/rosidl_generator_cpp/cmake)
[0.751s] -- Using all available rosidl_typesupport_c: rosidl_typesupport_fastrtps_c;rosidl_typesupport_introspection_c
[0.790s] -- Using all available rosidl_typesupport_cpp: rosidl_typesupport_fastrtps_cpp;rosidl_typesupport_introspection_cpp
[0.916s] -- Found rmw_implementation_cmake: 7.4.1 (/opt/ros/rolling/share/rmw_implementation_cmake/cmake)
[0.920s] -- Found rmw_fastrtps_cpp: 9.0.0 (/opt/ros/rolling/share/rmw_fastrtps_cpp/cmake)
[1.003s] -- Found OpenSSL: /usr/lib/x86_64-linux-gnu/libcrypto.so (found version "3.0.13")  
[1.021s] -- Found FastRTPS: /opt/ros/rolling/include (Required is at least version "2.13") 
[1.045s] -- Using RMW implementation 'rmw_fastrtps_cpp' as default
[1.403s] [31mCMake Error at CMakeLists.txt:14 (find_package):
[1.403s]   By not providing "Findjoint_state_publisher.cmake" in CMAKE_MODULE_PATH
[1.404s]   this project has asked CMake to find a package configuration file provided
[1.404s]   by "joint_state_publisher", but CMake did not find one.
[1.404s] 
[1.404s]   Could not find a package configuration file provided by
[1.404s]   "joint_state_publisher" with any of the following names:
[1.404s] 
[1.404s]     joint_state_publisherConfig.cmake
[1.404s]     joint_state_publisher-config.cmake
[1.404s] 
[1.404s]   Add the installation prefix of "joint_state_publisher" to CMAKE_PREFIX_PATH
[1.404s]   or set "joint_state_publisher_DIR" to a directory containing one of the
[1.404s]   above files.  If "joint_state_publisher" provides a separate development
[1.405s]   package or SDK, be sure it has been installed.
[1.405s] 
[1.405s] [0m
[1.405s] -- Configuring incomplete, errors occurred!
[1.411s] gmake: *** [Makefile:226: cmake_check_build_system] Error 1
[1.413s] Invoked command in '/home/adm-vsp-dv/urdf_update/urdf/build/combined_gp7_description' returned '2': DEBUGINFOD_URLS=https://debuginfod.ubuntu.com /usr/bin/cmake --build /home/adm-vsp-dv/urdf_update/urdf/build/combined_gp7_description -- -j8 -l8
