[0.051s] Invoking command in '/home/adm-vsp-dv/urdf_update/urdf/build/combined_gp7_description': DEBUGINFOD_URLS=https://debuginfod.ubuntu.com /usr/bin/cmake --build /home/adm-vsp-dv/urdf_update/urdf/build/combined_gp7_description -- -j8 -l8
[0.093s] -- Found ament_cmake: 2.7.0 (/opt/ros/rolling/share/ament_cmake/cmake)
[0.495s] -- Found xacro: 2.0.11 (/opt/ros/rolling/share/xacro/cmake)
[0.495s] -- Found rviz2: 14.2.3 (/opt/ros/rolling/share/rviz2/cmake)
[0.495s] -- Found robot_state_publisher: 3.4.0 (/opt/ros/rolling/share/robot_state_publisher/cmake)
[0.561s] -- Found rosidl_generator_c: 4.8.1 (/opt/ros/rolling/share/rosidl_generator_c/cmake)
[0.578s] -- Found rosidl_generator_cpp: 4.8.1 (/opt/ros/rolling/share/rosidl_generator_cpp/cmake)
[0.609s] -- Using all available rosidl_typesupport_c: rosidl_typesupport_fastrtps_c;rosidl_typesupport_introspection_c
[0.635s] -- Using all available rosidl_typesupport_cpp: rosidl_typesupport_fastrtps_cpp;rosidl_typesupport_introspection_cpp
[0.752s] -- Found rmw_implementation_cmake: 7.4.1 (/opt/ros/rolling/share/rmw_implementation_cmake/cmake)
[0.755s] -- Found rmw_fastrtps_cpp: 9.0.0 (/opt/ros/rolling/share/rmw_fastrtps_cpp/cmake)
[0.828s] -- Using RMW implementation 'rmw_fastrtps_cpp' as default
[1.095s] [31mCMake Error at CMakeLists.txt:14 (find_package):
[1.095s]   By not providing "Findjoint_state_publisher_gui.cmake" in CMAKE_MODULE_PATH
[1.095s]   this project has asked CMake to find a package configuration file provided
[1.095s]   by "joint_state_publisher_gui", but CMake did not find one.
[1.095s] 
[1.095s]   Could not find a package configuration file provided by
[1.096s]   "joint_state_publisher_gui" with any of the following names:
[1.096s] 
[1.096s]     joint_state_publisher_guiConfig.cmake
[1.096s]     joint_state_publisher_gui-config.cmake
[1.096s] 
[1.096s]   Add the installation prefix of "joint_state_publisher_gui" to
[1.096s]   CMAKE_PREFIX_PATH or set "joint_state_publisher_gui_DIR" to a directory
[1.096s]   containing one of the above files.  If "joint_state_publisher_gui" provides
[1.096s]   a separate development package or SDK, be sure it has been installed.
[1.096s] 
[1.097s] [0m
[1.097s] -- Configuring incomplete, errors occurred!
[1.103s] gmake: *** [Makefile:226: cmake_check_build_system] Error 1
[1.105s] Invoked command in '/home/adm-vsp-dv/urdf_update/urdf/build/combined_gp7_description' returned '2': DEBUGINFOD_URLS=https://debuginfod.ubuntu.com /usr/bin/cmake --build /home/adm-vsp-dv/urdf_update/urdf/build/combined_gp7_description -- -j8 -l8
