[0.042s] Invoking command in '/home/adm-vsp-dv/urdf_update/urdf/build/kiwi_cell_description': CMAKE_PREFIX_PATH=${CMAKE_PREFIX_PATH}:/opt/ros/rolling DEBUGINFOD_URLS=https://debuginfod.ubuntu.com /usr/bin/cmake /home/adm-vsp-dv/urdf_update/urdf/component_models-main/std_components/kiwi_cell_description -DAMENT_CMAKE_SYMLINK_INSTALL=1 -DCMAKE_INSTALL_PREFIX=/home/adm-vsp-dv/urdf_update/urdf/install/kiwi_cell_description
[0.189s] -- The C compiler identification is GNU 13.2.0
[0.323s] -- The CXX compiler identification is GNU 13.2.0
[0.356s] -- Detecting C compiler ABI info
[0.535s] -- Detecting C compiler ABI info - done
[0.559s] -- Check for working C compiler: /usr/bin/cc - skipped
[0.560s] -- Detecting C compile features
[0.563s] -- Detecting C compile features - done
[0.583s] -- Detecting CXX compiler ABI info
[0.785s] -- Detecting CXX compiler ABI info - done
[0.811s] -- Check for working CXX compiler: /usr/bin/c++ - skipped
[0.811s] -- Detecting CXX compile features
[0.811s] -- Detecting CXX compile features - done
[0.816s] -- Found ament_cmake: 2.7.0 (/opt/ros/rolling/share/ament_cmake/cmake)
[1.175s] -- Found Python3: /usr/bin/python3 (found version "3.12.3") found components: Interpreter 
[1.358s] -- Override CMake install command with custom implementation using symlinks instead of copying resources
[1.676s] -- Configuring done (1.6s)
[1.676s] -- Generating done (0.0s)
[1.682s] -- Build files have been written to: /home/adm-vsp-dv/urdf_update/urdf/build/kiwi_cell_description
[1.690s] Invoked command in '/home/adm-vsp-dv/urdf_update/urdf/build/kiwi_cell_description' returned '0': CMAKE_PREFIX_PATH=${CMAKE_PREFIX_PATH}:/opt/ros/rolling DEBUGINFOD_URLS=https://debuginfod.ubuntu.com /usr/bin/cmake /home/adm-vsp-dv/urdf_update/urdf/component_models-main/std_components/kiwi_cell_description -DAMENT_CMAKE_SYMLINK_INSTALL=1 -DCMAKE_INSTALL_PREFIX=/home/adm-vsp-dv/urdf_update/urdf/install/kiwi_cell_description
[1.695s] Invoking command in '/home/adm-vsp-dv/urdf_update/urdf/build/kiwi_cell_description': CMAKE_PREFIX_PATH=${CMAKE_PREFIX_PATH}:/opt/ros/rolling DEBUGINFOD_URLS=https://debuginfod.ubuntu.com /usr/bin/cmake --build /home/adm-vsp-dv/urdf_update/urdf/build/kiwi_cell_description -- -j8 -l8
[1.767s] Invoked command in '/home/adm-vsp-dv/urdf_update/urdf/build/kiwi_cell_description' returned '0': CMAKE_PREFIX_PATH=${CMAKE_PREFIX_PATH}:/opt/ros/rolling DEBUGINFOD_URLS=https://debuginfod.ubuntu.com /usr/bin/cmake --build /home/adm-vsp-dv/urdf_update/urdf/build/kiwi_cell_description -- -j8 -l8
[1.804s] Invoking command in '/home/adm-vsp-dv/urdf_update/urdf/build/kiwi_cell_description': CMAKE_PREFIX_PATH=${CMAKE_PREFIX_PATH}:/opt/ros/rolling DEBUGINFOD_URLS=https://debuginfod.ubuntu.com /usr/bin/cmake --install /home/adm-vsp-dv/urdf_update/urdf/build/kiwi_cell_description
[1.821s] -- Install configuration: ""
[1.822s] -- Execute custom install script
[1.824s] -- Symlinking: /home/adm-vsp-dv/urdf_update/urdf/install/kiwi_cell_description/share/kiwi_cell_description/launch/display.launch.py
[1.843s] -- Symlinking: /home/adm-vsp-dv/urdf_update/urdf/install/kiwi_cell_description/share/kiwi_cell_description/meshes/base_link.STL
[1.861s] -- Symlinking: /home/adm-vsp-dv/urdf_update/urdf/install/kiwi_cell_description/share/kiwi_cell_description/meshes/robot_base_link.STL
[1.873s] -- Symlinking: /home/adm-vsp-dv/urdf_update/urdf/install/kiwi_cell_description/share/kiwi_cell_description/urdf/example_kiwi_cell.urdf.xacro
[1.896s] -- Symlinking: /home/adm-vsp-dv/urdf_update/urdf/install/kiwi_cell_description/share/kiwi_cell_description/urdf/kiwi_cell.png
[1.912s] -- Symlinking: /home/adm-vsp-dv/urdf_update/urdf/install/kiwi_cell_description/share/kiwi_cell_description/urdf/kiwi_cell.urdf.xacro
[1.932s] -- Symlinking: /home/adm-vsp-dv/urdf_update/urdf/install/kiwi_cell_description/share/ament_index/resource_index/package_run_dependencies/kiwi_cell_description
[1.946s] -- Symlinking: /home/adm-vsp-dv/urdf_update/urdf/install/kiwi_cell_description/share/ament_index/resource_index/parent_prefix_path/kiwi_cell_description
[1.961s] -- Symlinking: /home/adm-vsp-dv/urdf_update/urdf/install/kiwi_cell_description/share/kiwi_cell_description/environment/ament_prefix_path.sh
[1.975s] -- Symlinking: /home/adm-vsp-dv/urdf_update/urdf/install/kiwi_cell_description/share/kiwi_cell_description/environment/ament_prefix_path.dsv
[1.993s] -- Symlinking: /home/adm-vsp-dv/urdf_update/urdf/install/kiwi_cell_description/share/kiwi_cell_description/environment/path.sh
[2.021s] -- Symlinking: /home/adm-vsp-dv/urdf_update/urdf/install/kiwi_cell_description/share/kiwi_cell_description/environment/path.dsv
[2.049s] -- Symlinking: /home/adm-vsp-dv/urdf_update/urdf/install/kiwi_cell_description/share/kiwi_cell_description/local_setup.bash
[2.068s] -- Symlinking: /home/adm-vsp-dv/urdf_update/urdf/install/kiwi_cell_description/share/kiwi_cell_description/local_setup.sh
[2.084s] -- Symlinking: /home/adm-vsp-dv/urdf_update/urdf/install/kiwi_cell_description/share/kiwi_cell_description/local_setup.zsh
[2.100s] -- Symlinking: /home/adm-vsp-dv/urdf_update/urdf/install/kiwi_cell_description/share/kiwi_cell_description/local_setup.dsv
[2.123s] -- Symlinking: /home/adm-vsp-dv/urdf_update/urdf/install/kiwi_cell_description/share/kiwi_cell_description/package.dsv
[2.146s] -- Symlinking: /home/adm-vsp-dv/urdf_update/urdf/install/kiwi_cell_description/share/ament_index/resource_index/packages/kiwi_cell_description
[2.158s] -- Symlinking: /home/adm-vsp-dv/urdf_update/urdf/install/kiwi_cell_description/share/kiwi_cell_description/cmake/kiwi_cell_descriptionConfig.cmake
[2.175s] -- Symlinking: /home/adm-vsp-dv/urdf_update/urdf/install/kiwi_cell_description/share/kiwi_cell_description/cmake/kiwi_cell_descriptionConfig-version.cmake
[2.191s] -- Symlinking: /home/adm-vsp-dv/urdf_update/urdf/install/kiwi_cell_description/share/kiwi_cell_description/package.xml
[2.228s] Invoked command in '/home/adm-vsp-dv/urdf_update/urdf/build/kiwi_cell_description' returned '0': CMAKE_PREFIX_PATH=${CMAKE_PREFIX_PATH}:/opt/ros/rolling DEBUGINFOD_URLS=https://debuginfod.ubuntu.com /usr/bin/cmake --install /home/adm-vsp-dv/urdf_update/urdf/build/kiwi_cell_description
