[0.043s] Invoking command in '/home/adm-vsp-dv/urdf_update/urdf/build/kiwi_cell_description': CMAKE_PREFIX_PATH=${CMAKE_PREFIX_PATH}:/opt/ros/rolling DEBUGINFOD_URLS=https://debuginfod.ubuntu.com /usr/bin/cmake --build /home/adm-vsp-dv/urdf_update/urdf/build/kiwi_cell_description -- -j8 -l8
[0.126s] Invoked command in '/home/adm-vsp-dv/urdf_update/urdf/build/kiwi_cell_description' returned '0': CMAKE_PREFIX_PATH=${CMAKE_PREFIX_PATH}:/opt/ros/rolling DEBUGINFOD_URLS=https://debuginfod.ubuntu.com /usr/bin/cmake --build /home/adm-vsp-dv/urdf_update/urdf/build/kiwi_cell_description -- -j8 -l8
[0.168s] Invoking command in '/home/adm-vsp-dv/urdf_update/urdf/build/kiwi_cell_description': CMAKE_PREFIX_PATH=${CMAKE_PREFIX_PATH}:/opt/ros/rolling DEBUGINFOD_URLS=https://debuginfod.ubuntu.com /usr/bin/cmake --install /home/adm-vsp-dv/urdf_update/urdf/build/kiwi_cell_description
[0.194s] -- Install configuration: ""
[0.200s] -- Execute custom install script
[0.200s] -- Up-to-date symlink: /home/adm-vsp-dv/urdf_update/urdf/install/kiwi_cell_description/share/kiwi_cell_description/launch/display.launch.py
[0.200s] -- Up-to-date symlink: /home/adm-vsp-dv/urdf_update/urdf/install/kiwi_cell_description/share/kiwi_cell_description/meshes/base_link.STL
[0.200s] -- Up-to-date symlink: /home/adm-vsp-dv/urdf_update/urdf/install/kiwi_cell_description/share/kiwi_cell_description/meshes/robot_base_link.STL
[0.200s] -- Up-to-date symlink: /home/adm-vsp-dv/urdf_update/urdf/install/kiwi_cell_description/share/kiwi_cell_description/urdf/example_kiwi_cell.urdf.xacro
[0.200s] -- Up-to-date symlink: /home/adm-vsp-dv/urdf_update/urdf/install/kiwi_cell_description/share/kiwi_cell_description/urdf/kiwi_cell.png
[0.201s] -- Up-to-date symlink: /home/adm-vsp-dv/urdf_update/urdf/install/kiwi_cell_description/share/kiwi_cell_description/urdf/kiwi_cell.urdf.xacro
[0.201s] -- Up-to-date symlink: /home/adm-vsp-dv/urdf_update/urdf/install/kiwi_cell_description/share/ament_index/resource_index/package_run_dependencies/kiwi_cell_description
[0.204s] -- Up-to-date symlink: /home/adm-vsp-dv/urdf_update/urdf/install/kiwi_cell_description/share/ament_index/resource_index/parent_prefix_path/kiwi_cell_description
[0.213s] -- Up-to-date symlink: /home/adm-vsp-dv/urdf_update/urdf/install/kiwi_cell_description/share/kiwi_cell_description/environment/ament_prefix_path.sh
[0.213s] -- Up-to-date symlink: /home/adm-vsp-dv/urdf_update/urdf/install/kiwi_cell_description/share/kiwi_cell_description/environment/ament_prefix_path.dsv
[0.214s] -- Up-to-date symlink: /home/adm-vsp-dv/urdf_update/urdf/install/kiwi_cell_description/share/kiwi_cell_description/environment/path.sh
[0.217s] -- Up-to-date symlink: /home/adm-vsp-dv/urdf_update/urdf/install/kiwi_cell_description/share/kiwi_cell_description/environment/path.dsv
[0.218s] -- Up-to-date symlink: /home/adm-vsp-dv/urdf_update/urdf/install/kiwi_cell_description/share/kiwi_cell_description/local_setup.bash
[0.218s] -- Up-to-date symlink: /home/adm-vsp-dv/urdf_update/urdf/install/kiwi_cell_description/share/kiwi_cell_description/local_setup.sh
[0.218s] -- Up-to-date symlink: /home/adm-vsp-dv/urdf_update/urdf/install/kiwi_cell_description/share/kiwi_cell_description/local_setup.zsh
[0.219s] -- Up-to-date symlink: /home/adm-vsp-dv/urdf_update/urdf/install/kiwi_cell_description/share/kiwi_cell_description/local_setup.dsv
[0.222s] -- Symlinking: /home/adm-vsp-dv/urdf_update/urdf/install/kiwi_cell_description/share/kiwi_cell_description/package.dsv
[0.245s] -- Up-to-date symlink: /home/adm-vsp-dv/urdf_update/urdf/install/kiwi_cell_description/share/ament_index/resource_index/packages/kiwi_cell_description
[0.245s] -- Up-to-date symlink: /home/adm-vsp-dv/urdf_update/urdf/install/kiwi_cell_description/share/kiwi_cell_description/cmake/kiwi_cell_descriptionConfig.cmake
[0.245s] -- Up-to-date symlink: /home/adm-vsp-dv/urdf_update/urdf/install/kiwi_cell_description/share/kiwi_cell_description/cmake/kiwi_cell_descriptionConfig-version.cmake
[0.246s] -- Up-to-date symlink: /home/adm-vsp-dv/urdf_update/urdf/install/kiwi_cell_description/share/kiwi_cell_description/package.xml
[0.294s] Invoked command in '/home/adm-vsp-dv/urdf_update/urdf/build/kiwi_cell_description' returned '0': CMAKE_PREFIX_PATH=${CMAKE_PREFIX_PATH}:/opt/ros/rolling DEBUGINFOD_URLS=https://debuginfod.ubuntu.com /usr/bin/cmake --install /home/adm-vsp-dv/urdf_update/urdf/build/kiwi_cell_description
