[0.043s] Invoking command in '/home/adm-vsp-dv/urdf_update/urdf/build/m_2063306_000_description': CMAKE_PREFIX_PATH=${CMAKE_PREFIX_PATH}:/opt/ros/rolling DEBUGINFOD_URLS=https://debuginfod.ubuntu.com /usr/bin/cmake --build /home/adm-vsp-dv/urdf_update/urdf/build/m_2063306_000_description -- -j8 -l8
[0.122s] Invoked command in '/home/adm-vsp-dv/urdf_update/urdf/build/m_2063306_000_description' returned '0': CMAKE_PREFIX_PATH=${CMAKE_PREFIX_PATH}:/opt/ros/rolling DEBUGINFOD_URLS=https://debuginfod.ubuntu.com /usr/bin/cmake --build /home/adm-vsp-dv/urdf_update/urdf/build/m_2063306_000_description -- -j8 -l8
[0.178s] Invoking command in '/home/adm-vsp-dv/urdf_update/urdf/build/m_2063306_000_description': CMAKE_PREFIX_PATH=${CMAKE_PREFIX_PATH}:/opt/ros/rolling DEBUGINFOD_URLS=https://debuginfod.ubuntu.com /usr/bin/cmake --install /home/adm-vsp-dv/urdf_update/urdf/build/m_2063306_000_description
[0.218s] -- Install configuration: ""
[0.218s] -- Execute custom install script
[0.219s] -- Up-to-date symlink: /home/adm-vsp-dv/urdf_update/urdf/install/m_2063306_000_description/share/m_2063306_000_description/config/joint_names_m_2063306_000.yaml
[0.219s] -- Up-to-date symlink: /home/adm-vsp-dv/urdf_update/urdf/install/m_2063306_000_description/share/m_2063306_000_description/launch/display.launch
[0.219s] -- Up-to-date symlink: /home/adm-vsp-dv/urdf_update/urdf/install/m_2063306_000_description/share/m_2063306_000_description/launch/gazebo.launch
[0.219s] -- Up-to-date symlink: /home/adm-vsp-dv/urdf_update/urdf/install/m_2063306_000_description/share/m_2063306_000_description/meshes/base_link.STL
[0.219s] -- Up-to-date symlink: /home/adm-vsp-dv/urdf_update/urdf/install/m_2063306_000_description/share/m_2063306_000_description/meshes/link_1.STL
[0.219s] -- Up-to-date symlink: /home/adm-vsp-dv/urdf_update/urdf/install/m_2063306_000_description/share/m_2063306_000_description/urdf/m_2063306_000.csv
[0.219s] -- Up-to-date symlink: /home/adm-vsp-dv/urdf_update/urdf/install/m_2063306_000_description/share/m_2063306_000_description/urdf/m_2063306_000.urdf
[0.219s] -- Up-to-date symlink: /home/adm-vsp-dv/urdf_update/urdf/install/m_2063306_000_description/share/m_2063306_000_description/urdf/m_2063306_000.urdf.xacro
[0.220s] -- Up-to-date symlink: /home/adm-vsp-dv/urdf_update/urdf/install/m_2063306_000_description/share/ament_index/resource_index/package_run_dependencies/m_2063306_000_description
[0.220s] -- Up-to-date symlink: /home/adm-vsp-dv/urdf_update/urdf/install/m_2063306_000_description/share/ament_index/resource_index/parent_prefix_path/m_2063306_000_description
[0.220s] -- Up-to-date symlink: /home/adm-vsp-dv/urdf_update/urdf/install/m_2063306_000_description/share/m_2063306_000_description/environment/ament_prefix_path.sh
[0.220s] -- Up-to-date symlink: /home/adm-vsp-dv/urdf_update/urdf/install/m_2063306_000_description/share/m_2063306_000_description/environment/ament_prefix_path.dsv
[0.220s] -- Up-to-date symlink: /home/adm-vsp-dv/urdf_update/urdf/install/m_2063306_000_description/share/m_2063306_000_description/environment/path.sh
[0.220s] -- Up-to-date symlink: /home/adm-vsp-dv/urdf_update/urdf/install/m_2063306_000_description/share/m_2063306_000_description/environment/path.dsv
[0.221s] -- Up-to-date symlink: /home/adm-vsp-dv/urdf_update/urdf/install/m_2063306_000_description/share/m_2063306_000_description/local_setup.bash
[0.221s] -- Up-to-date symlink: /home/adm-vsp-dv/urdf_update/urdf/install/m_2063306_000_description/share/m_2063306_000_description/local_setup.sh
[0.221s] -- Up-to-date symlink: /home/adm-vsp-dv/urdf_update/urdf/install/m_2063306_000_description/share/m_2063306_000_description/local_setup.zsh
[0.222s] -- Up-to-date symlink: /home/adm-vsp-dv/urdf_update/urdf/install/m_2063306_000_description/share/m_2063306_000_description/local_setup.dsv
[0.222s] -- Symlinking: /home/adm-vsp-dv/urdf_update/urdf/install/m_2063306_000_description/share/m_2063306_000_description/package.dsv
[0.223s] -- Up-to-date symlink: /home/adm-vsp-dv/urdf_update/urdf/install/m_2063306_000_description/share/ament_index/resource_index/packages/m_2063306_000_description
[0.223s] -- Up-to-date symlink: /home/adm-vsp-dv/urdf_update/urdf/install/m_2063306_000_description/share/m_2063306_000_description/cmake/m_2063306_000_descriptionConfig.cmake
[0.223s] -- Up-to-date symlink: /home/adm-vsp-dv/urdf_update/urdf/install/m_2063306_000_description/share/m_2063306_000_description/cmake/m_2063306_000_descriptionConfig-version.cmake
[0.223s] -- Up-to-date symlink: /home/adm-vsp-dv/urdf_update/urdf/install/m_2063306_000_description/share/m_2063306_000_description/package.xml
[0.263s] Invoked command in '/home/adm-vsp-dv/urdf_update/urdf/build/m_2063306_000_description' returned '0': CMAKE_PREFIX_PATH=${CMAKE_PREFIX_PATH}:/opt/ros/rolling DEBUGINFOD_URLS=https://debuginfod.ubuntu.com /usr/bin/cmake --install /home/adm-vsp-dv/urdf_update/urdf/build/m_2063306_000_description
