-- The C compiler identification is GNU 13.2.0
-- The CXX compiler identification is GNU 13.2.0
-- Detecting C compiler ABI info
-- Detecting C compiler ABI info - done
-- Check for working C compiler: /usr/bin/cc - skipped
-- Detecting C compile features
-- Detecting C compile features - done
-- Detecting CXX compiler ABI info
-- Detecting CXX compiler ABI info - done
-- Check for working CXX compiler: /usr/bin/c++ - skipped
-- Detecting CXX compile features
-- Detecting CXX compile features - done
-- Found ament_cmake: 2.7.0 (/opt/ros/rolling/share/ament_cmake/cmake)
-- Found Python3: /usr/bin/python3 (found version "3.12.3") found components: Interpreter 
-- Found ament_lint_auto: 0.18.1 (/opt/ros/rolling/share/ament_lint_auto/cmake)
WARNING: Metapackage "combined_gp7_description" must buildtool_depend on catkin.
WARNING: Metapackage "combined_gp7_description" should not have other dependencies besides a buildtool_depend on catkin and exec_depends.
-- Configuring done (1.5s)
-- Generating done (0.0s)
-- Build files have been written to: /home/adm-vsp-dv/urdf_update/urdf/build/combined_gp7_description
[33mCMake Warning:
  Manually-specified variables were not used by the project:

    CATKIN_INSTALL_INTO_PREFIX_ROOT
    CATKIN_SYMLINK_INSTALL

[0m
-- Install configuration: ""
-- Installing: /home/adm-vsp-dv/urdf_update/urdf/install/combined_gp7_description/share/combined_gp7_description/urdf/urdf
-- Installing: /home/adm-vsp-dv/urdf_update/urdf/install/combined_gp7_description/share/combined_gp7_description/urdf/urdf/combined_gp7.urdf.xacro
-- Installing: /home/adm-vsp-dv/urdf_update/urdf/install/combined_gp7_description/share/combined_gp7_description/launch/launch
-- Installing: /home/adm-vsp-dv/urdf_update/urdf/install/combined_gp7_description/share/combined_gp7_description/launch/launch/combined_gp7.launch.py
-- Installing: /home/adm-vsp-dv/urdf_update/urdf/install/combined_gp7_description/share/ament_index/resource_index/package_run_dependencies/combined_gp7_description
-- Installing: /home/adm-vsp-dv/urdf_update/urdf/install/combined_gp7_description/share/ament_index/resource_index/parent_prefix_path/combined_gp7_description
-- Installing: /home/adm-vsp-dv/urdf_update/urdf/install/combined_gp7_description/share/combined_gp7_description/environment/ament_prefix_path.sh
-- Installing: /home/adm-vsp-dv/urdf_update/urdf/install/combined_gp7_description/share/combined_gp7_description/environment/ament_prefix_path.dsv
-- Installing: /home/adm-vsp-dv/urdf_update/urdf/install/combined_gp7_description/share/combined_gp7_description/environment/path.sh
-- Installing: /home/adm-vsp-dv/urdf_update/urdf/install/combined_gp7_description/share/combined_gp7_description/environment/path.dsv
-- Installing: /home/adm-vsp-dv/urdf_update/urdf/install/combined_gp7_description/share/combined_gp7_description/local_setup.bash
-- Installing: /home/adm-vsp-dv/urdf_update/urdf/install/combined_gp7_description/share/combined_gp7_description/local_setup.sh
-- Installing: /home/adm-vsp-dv/urdf_update/urdf/install/combined_gp7_description/share/combined_gp7_description/local_setup.zsh
-- Installing: /home/adm-vsp-dv/urdf_update/urdf/install/combined_gp7_description/share/combined_gp7_description/local_setup.dsv
-- Installing: /home/adm-vsp-dv/urdf_update/urdf/install/combined_gp7_description/share/combined_gp7_description/package.dsv
-- Installing: /home/adm-vsp-dv/urdf_update/urdf/install/combined_gp7_description/share/ament_index/resource_index/packages/combined_gp7_description
-- Installing: /home/adm-vsp-dv/urdf_update/urdf/install/combined_gp7_description/share/combined_gp7_description/cmake/combined_gp7_descriptionConfig.cmake
-- Installing: /home/adm-vsp-dv/urdf_update/urdf/install/combined_gp7_description/share/combined_gp7_description/cmake/combined_gp7_descriptionConfig-version.cmake
-- Installing: /home/adm-vsp-dv/urdf_update/urdf/install/combined_gp7_description/share/combined_gp7_description/package.xml
