[0.076s] Invoking command in '/home/adm-vsp-dv/urdf_update/urdf/build/combined_gp7_description': DEBUGINFOD_URLS=https://debuginfod.ubuntu.com /usr/bin/cmake /home/adm-vsp-dv/urdf_update/urdf/combined_gp7_description -DCATKIN_INSTALL_INTO_PREFIX_ROOT=0 -DCATKIN_SYMLINK_INSTALL=ON -DCMAKE_INSTALL_PREFIX=/home/adm-vsp-dv/urdf_update/urdf/install/combined_gp7_description
[0.171s] -- The C compiler identification is GNU 13.2.0
[0.291s] -- The CXX compiler identification is GNU 13.2.0
[0.319s] -- Detecting C compiler ABI info
[0.507s] -- Detecting C compiler ABI info - done
[0.533s] -- Check for working C compiler: /usr/bin/cc - skipped
[0.534s] -- Detecting C compile features
[0.535s] -- Detecting C compile features - done
[0.552s] -- Detecting CXX compiler ABI info
[0.757s] -- Detecting CXX compiler ABI info - done
[0.782s] -- Check for working CXX compiler: /usr/bin/c++ - skipped
[0.784s] -- Detecting CXX compile features
[0.784s] -- Detecting CXX compile features - done
[0.795s] -- Found ament_cmake: 2.7.0 (/opt/ros/rolling/share/ament_cmake/cmake)
[1.165s] -- Found Python3: /usr/bin/python3 (found version "3.12.3") found components: Interpreter 
[1.408s] -- Found ament_lint_auto: 0.18.1 (/opt/ros/rolling/share/ament_lint_auto/cmake)
[1.583s] WARNING: Metapackage "combined_gp7_description" must buildtool_depend on catkin.
[1.585s] WARNING: Metapackage "combined_gp7_description" should not have other dependencies besides a buildtool_depend on catkin and exec_depends.
[1.626s] -- Configuring done (1.5s)
[1.631s] -- Generating done (0.0s)
[1.633s] -- Build files have been written to: /home/adm-vsp-dv/urdf_update/urdf/build/combined_gp7_description
[1.633s] [33mCMake Warning:
[1.633s]   Manually-specified variables were not used by the project:
[1.633s] 
[1.633s]     CATKIN_INSTALL_INTO_PREFIX_ROOT
[1.634s]     CATKIN_SYMLINK_INSTALL
[1.634s] 
[1.634s] [0m
[1.645s] Invoked command in '/home/adm-vsp-dv/urdf_update/urdf/build/combined_gp7_description' returned '0': DEBUGINFOD_URLS=https://debuginfod.ubuntu.com /usr/bin/cmake /home/adm-vsp-dv/urdf_update/urdf/combined_gp7_description -DCATKIN_INSTALL_INTO_PREFIX_ROOT=0 -DCATKIN_SYMLINK_INSTALL=ON -DCMAKE_INSTALL_PREFIX=/home/adm-vsp-dv/urdf_update/urdf/install/combined_gp7_description
[1.645s] Invoking command in '/home/adm-vsp-dv/urdf_update/urdf/build/combined_gp7_description': DEBUGINFOD_URLS=https://debuginfod.ubuntu.com /usr/bin/cmake --build /home/adm-vsp-dv/urdf_update/urdf/build/combined_gp7_description -- -j8 -l8
[1.970s] Invoked command in '/home/adm-vsp-dv/urdf_update/urdf/build/combined_gp7_description' returned '0': DEBUGINFOD_URLS=https://debuginfod.ubuntu.com /usr/bin/cmake --build /home/adm-vsp-dv/urdf_update/urdf/build/combined_gp7_description -- -j8 -l8
[2.061s] Invoking command in '/home/adm-vsp-dv/urdf_update/urdf/build/combined_gp7_description': DEBUGINFOD_URLS=https://debuginfod.ubuntu.com /usr/bin/cmake --install /home/adm-vsp-dv/urdf_update/urdf/build/combined_gp7_description
[2.077s] -- Install configuration: ""
[2.078s] -- Installing: /home/adm-vsp-dv/urdf_update/urdf/install/combined_gp7_description/share/combined_gp7_description/urdf/urdf
[2.078s] -- Installing: /home/adm-vsp-dv/urdf_update/urdf/install/combined_gp7_description/share/combined_gp7_description/urdf/urdf/combined_gp7.urdf.xacro
[2.079s] -- Installing: /home/adm-vsp-dv/urdf_update/urdf/install/combined_gp7_description/share/combined_gp7_description/launch/launch
[2.079s] -- Installing: /home/adm-vsp-dv/urdf_update/urdf/install/combined_gp7_description/share/combined_gp7_description/launch/launch/combined_gp7.launch.py
[2.081s] -- Installing: /home/adm-vsp-dv/urdf_update/urdf/install/combined_gp7_description/share/ament_index/resource_index/package_run_dependencies/combined_gp7_description
[2.081s] -- Installing: /home/adm-vsp-dv/urdf_update/urdf/install/combined_gp7_description/share/ament_index/resource_index/parent_prefix_path/combined_gp7_description
[2.081s] -- Installing: /home/adm-vsp-dv/urdf_update/urdf/install/combined_gp7_description/share/combined_gp7_description/environment/ament_prefix_path.sh
[2.081s] -- Installing: /home/adm-vsp-dv/urdf_update/urdf/install/combined_gp7_description/share/combined_gp7_description/environment/ament_prefix_path.dsv
[2.082s] -- Installing: /home/adm-vsp-dv/urdf_update/urdf/install/combined_gp7_description/share/combined_gp7_description/environment/path.sh
[2.082s] -- Installing: /home/adm-vsp-dv/urdf_update/urdf/install/combined_gp7_description/share/combined_gp7_description/environment/path.dsv
[2.084s] -- Installing: /home/adm-vsp-dv/urdf_update/urdf/install/combined_gp7_description/share/combined_gp7_description/local_setup.bash
[2.087s] -- Installing: /home/adm-vsp-dv/urdf_update/urdf/install/combined_gp7_description/share/combined_gp7_description/local_setup.sh
[2.089s] -- Installing: /home/adm-vsp-dv/urdf_update/urdf/install/combined_gp7_description/share/combined_gp7_description/local_setup.zsh
[2.089s] -- Installing: /home/adm-vsp-dv/urdf_update/urdf/install/combined_gp7_description/share/combined_gp7_description/local_setup.dsv
[2.089s] -- Installing: /home/adm-vsp-dv/urdf_update/urdf/install/combined_gp7_description/share/combined_gp7_description/package.dsv
[2.090s] -- Installing: /home/adm-vsp-dv/urdf_update/urdf/install/combined_gp7_description/share/ament_index/resource_index/packages/combined_gp7_description
[2.090s] -- Installing: /home/adm-vsp-dv/urdf_update/urdf/install/combined_gp7_description/share/combined_gp7_description/cmake/combined_gp7_descriptionConfig.cmake
[2.090s] -- Installing: /home/adm-vsp-dv/urdf_update/urdf/install/combined_gp7_description/share/combined_gp7_description/cmake/combined_gp7_descriptionConfig-version.cmake
[2.090s] -- Installing: /home/adm-vsp-dv/urdf_update/urdf/install/combined_gp7_description/share/combined_gp7_description/package.xml
[2.100s] Invoked command in '/home/adm-vsp-dv/urdf_update/urdf/build/combined_gp7_description' returned '0': DEBUGINFOD_URLS=https://debuginfod.ubuntu.com /usr/bin/cmake --install /home/adm-vsp-dv/urdf_update/urdf/build/combined_gp7_description
