-- Install configuration: ""
-- Execute custom install script
-- Up-to-date symlink: /home/adm-vsp-dv/urdf_update/urdf/install/m_2025643_001_description/share/m_2025643_001_description/config/joint_names_m_2025643_001.yaml
-- Up-to-date symlink: /home/adm-vsp-dv/urdf_update/urdf/install/m_2025643_001_description/share/m_2025643_001_description/launch/display.launch
-- Up-to-date symlink: /home/adm-vsp-dv/urdf_update/urdf/install/m_2025643_001_description/share/m_2025643_001_description/launch/gazebo.launch
-- Up-to-date symlink: /home/adm-vsp-dv/urdf_update/urdf/install/m_2025643_001_description/share/m_2025643_001_description/meshes/base_link.STL
-- Up-to-date symlink: /home/adm-vsp-dv/urdf_update/urdf/install/m_2025643_001_description/share/m_2025643_001_description/meshes/finger_left_link.STL
-- Up-to-date symlink: /home/adm-vsp-dv/urdf_update/urdf/install/m_2025643_001_description/share/m_2025643_001_description/meshes/gripper_left_link.STL
-- Up-to-date symlink: /home/adm-vsp-dv/urdf_update/urdf/install/m_2025643_001_description/share/m_2025643_001_description/meshes/link_1.STL
-- Up-to-date symlink: /home/adm-vsp-dv/urdf_update/urdf/install/m_2025643_001_description/share/m_2025643_001_description/meshes/link_2.STL
-- Up-to-date symlink: /home/adm-vsp-dv/urdf_update/urdf/install/m_2025643_001_description/share/m_2025643_001_description/urdf/m_2025643_001.csv
-- Up-to-date symlink: /home/adm-vsp-dv/urdf_update/urdf/install/m_2025643_001_description/share/m_2025643_001_description/urdf/m_2025643_001.urdf
-- Up-to-date symlink: /home/adm-vsp-dv/urdf_update/urdf/install/m_2025643_001_description/share/m_2025643_001_description/urdf/m_2025643_001.urdf.xacro
-- Up-to-date symlink: /home/adm-vsp-dv/urdf_update/urdf/install/m_2025643_001_description/share/ament_index/resource_index/package_run_dependencies/m_2025643_001_description
-- Up-to-date symlink: /home/adm-vsp-dv/urdf_update/urdf/install/m_2025643_001_description/share/ament_index/resource_index/parent_prefix_path/m_2025643_001_description
-- Up-to-date symlink: /home/adm-vsp-dv/urdf_update/urdf/install/m_2025643_001_description/share/m_2025643_001_description/environment/ament_prefix_path.sh
-- Up-to-date symlink: /home/adm-vsp-dv/urdf_update/urdf/install/m_2025643_001_description/share/m_2025643_001_description/environment/ament_prefix_path.dsv
-- Up-to-date symlink: /home/adm-vsp-dv/urdf_update/urdf/install/m_2025643_001_description/share/m_2025643_001_description/environment/path.sh
-- Up-to-date symlink: /home/adm-vsp-dv/urdf_update/urdf/install/m_2025643_001_description/share/m_2025643_001_description/environment/path.dsv
-- Up-to-date symlink: /home/adm-vsp-dv/urdf_update/urdf/install/m_2025643_001_description/share/m_2025643_001_description/local_setup.bash
-- Up-to-date symlink: /home/adm-vsp-dv/urdf_update/urdf/install/m_2025643_001_description/share/m_2025643_001_description/local_setup.sh
-- Up-to-date symlink: /home/adm-vsp-dv/urdf_update/urdf/install/m_2025643_001_description/share/m_2025643_001_description/local_setup.zsh
-- Up-to-date symlink: /home/adm-vsp-dv/urdf_update/urdf/install/m_2025643_001_description/share/m_2025643_001_description/local_setup.dsv
-- Symlinking: /home/adm-vsp-dv/urdf_update/urdf/install/m_2025643_001_description/share/m_2025643_001_description/package.dsv
-- Up-to-date symlink: /home/adm-vsp-dv/urdf_update/urdf/install/m_2025643_001_description/share/ament_index/resource_index/packages/m_2025643_001_description
-- Up-to-date symlink: /home/adm-vsp-dv/urdf_update/urdf/install/m_2025643_001_description/share/m_2025643_001_description/cmake/m_2025643_001_descriptionConfig.cmake
-- Up-to-date symlink: /home/adm-vsp-dv/urdf_update/urdf/install/m_2025643_001_description/share/m_2025643_001_description/cmake/m_2025643_001_descriptionConfig-version.cmake
-- Up-to-date symlink: /home/adm-vsp-dv/urdf_update/urdf/install/m_2025643_001_description/share/m_2025643_001_description/package.xml
