-- Install configuration: ""
-- Execute custom install script
-- Up-to-date symlink: /home/adm-vsp-dv/urdf_update/urdf/install/codenser_description/share/codenser_description/config/joint_names_m_2025642_001.yaml
-- Up-to-date symlink: /home/adm-vsp-dv/urdf_update/urdf/install/codenser_description/share/codenser_description/launch/display.launch.py
-- Up-to-date symlink: /home/adm-vsp-dv/urdf_update/urdf/install/codenser_description/share/codenser_description/launch/gazebo.launch
-- Up-to-date symlink: /home/adm-vsp-dv/urdf_update/urdf/install/codenser_description/share/codenser_description/meshes/base_link.STL
-- Up-to-date symlink: /home/adm-vsp-dv/urdf_update/urdf/install/codenser_description/share/codenser_description/meshes/elbow_joint.STL
-- Up-to-date symlink: /home/adm-vsp-dv/urdf_update/urdf/install/codenser_description/share/codenser_description/meshes/gripper_left_link.STL
-- Up-to-date symlink: /home/adm-vsp-dv/urdf_update/urdf/install/codenser_description/share/codenser_description/meshes/gripper_right_link.STL
-- Up-to-date symlink: /home/adm-vsp-dv/urdf_update/urdf/install/codenser_description/share/codenser_description/meshes/shoulder_link.STL
-- Up-to-date symlink: /home/adm-vsp-dv/urdf_update/urdf/install/codenser_description/share/codenser_description/meshes/vertical_link.STL
-- Up-to-date symlink: /home/adm-vsp-dv/urdf_update/urdf/install/codenser_description/share/codenser_description/meshes/wrist_link.STL
-- Up-to-date symlink: /home/adm-vsp-dv/urdf_update/urdf/install/codenser_description/share/codenser_description/rviz/rviz_basic_settings.rviz
-- Up-to-date symlink: /home/adm-vsp-dv/urdf_update/urdf/install/codenser_description/share/codenser_description/urdf/codenser.urdf
-- Up-to-date symlink: /home/adm-vsp-dv/urdf_update/urdf/install/codenser_description/share/codenser_description/urdf/codenser.urdf.xacro
-- Up-to-date symlink: /home/adm-vsp-dv/urdf_update/urdf/install/codenser_description/share/codenser_description/urdf/condenser.csv
-- Up-to-date symlink: /home/adm-vsp-dv/urdf_update/urdf/install/codenser_description/share/ament_index/resource_index/package_run_dependencies/codenser_description
-- Up-to-date symlink: /home/adm-vsp-dv/urdf_update/urdf/install/codenser_description/share/ament_index/resource_index/parent_prefix_path/codenser_description
-- Up-to-date symlink: /home/adm-vsp-dv/urdf_update/urdf/install/codenser_description/share/codenser_description/environment/ament_prefix_path.sh
-- Up-to-date symlink: /home/adm-vsp-dv/urdf_update/urdf/install/codenser_description/share/codenser_description/environment/ament_prefix_path.dsv
-- Up-to-date symlink: /home/adm-vsp-dv/urdf_update/urdf/install/codenser_description/share/codenser_description/environment/path.sh
-- Up-to-date symlink: /home/adm-vsp-dv/urdf_update/urdf/install/codenser_description/share/codenser_description/environment/path.dsv
-- Up-to-date symlink: /home/adm-vsp-dv/urdf_update/urdf/install/codenser_description/share/codenser_description/local_setup.bash
-- Up-to-date symlink: /home/adm-vsp-dv/urdf_update/urdf/install/codenser_description/share/codenser_description/local_setup.sh
-- Up-to-date symlink: /home/adm-vsp-dv/urdf_update/urdf/install/codenser_description/share/codenser_description/local_setup.zsh
-- Up-to-date symlink: /home/adm-vsp-dv/urdf_update/urdf/install/codenser_description/share/codenser_description/local_setup.dsv
-- Symlinking: /home/adm-vsp-dv/urdf_update/urdf/install/codenser_description/share/codenser_description/package.dsv
-- Up-to-date symlink: /home/adm-vsp-dv/urdf_update/urdf/install/codenser_description/share/ament_index/resource_index/packages/codenser_description
-- Up-to-date symlink: /home/adm-vsp-dv/urdf_update/urdf/install/codenser_description/share/codenser_description/cmake/codenser_descriptionConfig.cmake
-- Up-to-date symlink: /home/adm-vsp-dv/urdf_update/urdf/install/codenser_description/share/codenser_description/cmake/codenser_descriptionConfig-version.cmake
-- Up-to-date symlink: /home/adm-vsp-dv/urdf_update/urdf/install/codenser_description/share/codenser_description/package.xml
