[0.044s] Invoking command in '/home/adm-vsp-dv/urdf_update/urdf/build/m_2154940_001_description': CMAKE_PREFIX_PATH=${CMAKE_PREFIX_PATH}:/opt/ros/rolling DEBUGINFOD_URLS=https://debuginfod.ubuntu.com /usr/bin/cmake --build /home/adm-vsp-dv/urdf_update/urdf/build/m_2154940_001_description -- -j8 -l8
[0.120s] Invoked command in '/home/adm-vsp-dv/urdf_update/urdf/build/m_2154940_001_description' returned '0': CMAKE_PREFIX_PATH=${CMAKE_PREFIX_PATH}:/opt/ros/rolling DEBUGINFOD_URLS=https://debuginfod.ubuntu.com /usr/bin/cmake --build /home/adm-vsp-dv/urdf_update/urdf/build/m_2154940_001_description -- -j8 -l8
[0.164s] Invoking command in '/home/adm-vsp-dv/urdf_update/urdf/build/m_2154940_001_description': CMAKE_PREFIX_PATH=${CMAKE_PREFIX_PATH}:/opt/ros/rolling DEBUGINFOD_URLS=https://debuginfod.ubuntu.com /usr/bin/cmake --install /home/adm-vsp-dv/urdf_update/urdf/build/m_2154940_001_description
[0.203s] -- Install configuration: ""
[0.203s] -- Execute custom install script
[0.205s] -- Up-to-date symlink: /home/adm-vsp-dv/urdf_update/urdf/install/m_2154940_001_description/share/m_2154940_001_description/config/joint_names_m_2154940_001.yaml
[0.206s] -- Up-to-date symlink: /home/adm-vsp-dv/urdf_update/urdf/install/m_2154940_001_description/share/m_2154940_001_description/launch/display.launch
[0.207s] -- Up-to-date symlink: /home/adm-vsp-dv/urdf_update/urdf/install/m_2154940_001_description/share/m_2154940_001_description/launch/gazebo.launch
[0.207s] -- Up-to-date symlink: /home/adm-vsp-dv/urdf_update/urdf/install/m_2154940_001_description/share/m_2154940_001_description/meshes/base_link.STL
[0.208s] -- Up-to-date symlink: /home/adm-vsp-dv/urdf_update/urdf/install/m_2154940_001_description/share/m_2154940_001_description/urdf/m_2154940_001.csv
[0.208s] -- Up-to-date symlink: /home/adm-vsp-dv/urdf_update/urdf/install/m_2154940_001_description/share/m_2154940_001_description/urdf/m_2154940_001.urdf.xacro
[0.208s] -- Up-to-date symlink: /home/adm-vsp-dv/urdf_update/urdf/install/m_2154940_001_description/share/ament_index/resource_index/package_run_dependencies/m_2154940_001_description
[0.208s] -- Up-to-date symlink: /home/adm-vsp-dv/urdf_update/urdf/install/m_2154940_001_description/share/ament_index/resource_index/parent_prefix_path/m_2154940_001_description
[0.209s] -- Up-to-date symlink: /home/adm-vsp-dv/urdf_update/urdf/install/m_2154940_001_description/share/m_2154940_001_description/environment/ament_prefix_path.sh
[0.211s] -- Up-to-date symlink: /home/adm-vsp-dv/urdf_update/urdf/install/m_2154940_001_description/share/m_2154940_001_description/environment/ament_prefix_path.dsv
[0.214s] -- Up-to-date symlink: /home/adm-vsp-dv/urdf_update/urdf/install/m_2154940_001_description/share/m_2154940_001_description/environment/path.sh
[0.217s] -- Up-to-date symlink: /home/adm-vsp-dv/urdf_update/urdf/install/m_2154940_001_description/share/m_2154940_001_description/environment/path.dsv
[0.217s] -- Up-to-date symlink: /home/adm-vsp-dv/urdf_update/urdf/install/m_2154940_001_description/share/m_2154940_001_description/local_setup.bash
[0.218s] -- Up-to-date symlink: /home/adm-vsp-dv/urdf_update/urdf/install/m_2154940_001_description/share/m_2154940_001_description/local_setup.sh
[0.218s] -- Up-to-date symlink: /home/adm-vsp-dv/urdf_update/urdf/install/m_2154940_001_description/share/m_2154940_001_description/local_setup.zsh
[0.218s] -- Up-to-date symlink: /home/adm-vsp-dv/urdf_update/urdf/install/m_2154940_001_description/share/m_2154940_001_description/local_setup.dsv
[0.218s] -- Symlinking: /home/adm-vsp-dv/urdf_update/urdf/install/m_2154940_001_description/share/m_2154940_001_description/package.dsv
[0.234s] -- Up-to-date symlink: /home/adm-vsp-dv/urdf_update/urdf/install/m_2154940_001_description/share/ament_index/resource_index/packages/m_2154940_001_description
[0.234s] -- Up-to-date symlink: /home/adm-vsp-dv/urdf_update/urdf/install/m_2154940_001_description/share/m_2154940_001_description/cmake/m_2154940_001_descriptionConfig.cmake
[0.234s] -- Up-to-date symlink: /home/adm-vsp-dv/urdf_update/urdf/install/m_2154940_001_description/share/m_2154940_001_description/cmake/m_2154940_001_descriptionConfig-version.cmake
[0.235s] -- Up-to-date symlink: /home/adm-vsp-dv/urdf_update/urdf/install/m_2154940_001_description/share/m_2154940_001_description/package.xml
[0.256s] Invoked command in '/home/adm-vsp-dv/urdf_update/urdf/build/m_2154940_001_description' returned '0': CMAKE_PREFIX_PATH=${CMAKE_PREFIX_PATH}:/opt/ros/rolling DEBUGINFOD_URLS=https://debuginfod.ubuntu.com /usr/bin/cmake --install /home/adm-vsp-dv/urdf_update/urdf/build/m_2154940_001_description
