-- Install configuration: ""
-- Execute custom install script
-- Symlinking: /home/adm-vsp-dv/urdf_update/urdf/install/codenser_double_moveit_config_pkg/share/ament_index/resource_index/package_run_dependencies/codenser_double_moveit_config_pkg
-- Symlinking: /home/adm-vsp-dv/urdf_update/urdf/install/codenser_double_moveit_config_pkg/share/ament_index/resource_index/parent_prefix_path/codenser_double_moveit_config_pkg
-- Symlinking: /home/adm-vsp-dv/urdf_update/urdf/install/codenser_double_moveit_config_pkg/share/codenser_double_moveit_config_pkg/environment/ament_prefix_path.sh
-- Symlinking: /home/adm-vsp-dv/urdf_update/urdf/install/codenser_double_moveit_config_pkg/share/codenser_double_moveit_config_pkg/environment/ament_prefix_path.dsv
-- Symlinking: /home/adm-vsp-dv/urdf_update/urdf/install/codenser_double_moveit_config_pkg/share/codenser_double_moveit_config_pkg/environment/path.sh
-- Symlinking: /home/adm-vsp-dv/urdf_update/urdf/install/codenser_double_moveit_config_pkg/share/codenser_double_moveit_config_pkg/environment/path.dsv
-- Symlinking: /home/adm-vsp-dv/urdf_update/urdf/install/codenser_double_moveit_config_pkg/share/codenser_double_moveit_config_pkg/local_setup.bash
-- Symlinking: /home/adm-vsp-dv/urdf_update/urdf/install/codenser_double_moveit_config_pkg/share/codenser_double_moveit_config_pkg/local_setup.sh
-- Symlinking: /home/adm-vsp-dv/urdf_update/urdf/install/codenser_double_moveit_config_pkg/share/codenser_double_moveit_config_pkg/local_setup.zsh
-- Symlinking: /home/adm-vsp-dv/urdf_update/urdf/install/codenser_double_moveit_config_pkg/share/codenser_double_moveit_config_pkg/local_setup.dsv
-- Symlinking: /home/adm-vsp-dv/urdf_update/urdf/install/codenser_double_moveit_config_pkg/share/codenser_double_moveit_config_pkg/package.dsv
-- Symlinking: /home/adm-vsp-dv/urdf_update/urdf/install/codenser_double_moveit_config_pkg/share/ament_index/resource_index/packages/codenser_double_moveit_config_pkg
-- Symlinking: /home/adm-vsp-dv/urdf_update/urdf/install/codenser_double_moveit_config_pkg/share/codenser_double_moveit_config_pkg/cmake/codenser_double_moveit_config_pkgConfig.cmake
-- Symlinking: /home/adm-vsp-dv/urdf_update/urdf/install/codenser_double_moveit_config_pkg/share/codenser_double_moveit_config_pkg/cmake/codenser_double_moveit_config_pkgConfig-version.cmake
-- Symlinking: /home/adm-vsp-dv/urdf_update/urdf/install/codenser_double_moveit_config_pkg/share/codenser_double_moveit_config_pkg/package.xml
-- Symlinking: /home/adm-vsp-dv/urdf_update/urdf/install/codenser_double_moveit_config_pkg/share/codenser_double_moveit_config_pkg/launch/demo.launch.py
-- Symlinking: /home/adm-vsp-dv/urdf_update/urdf/install/codenser_double_moveit_config_pkg/share/codenser_double_moveit_config_pkg/launch/move_group.launch.py
-- Symlinking: /home/adm-vsp-dv/urdf_update/urdf/install/codenser_double_moveit_config_pkg/share/codenser_double_moveit_config_pkg/launch/moveit_rviz.launch.py
-- Symlinking: /home/adm-vsp-dv/urdf_update/urdf/install/codenser_double_moveit_config_pkg/share/codenser_double_moveit_config_pkg/launch/rsp.launch.py
-- Symlinking: /home/adm-vsp-dv/urdf_update/urdf/install/codenser_double_moveit_config_pkg/share/codenser_double_moveit_config_pkg/launch/setup_assistant.launch.py
-- Symlinking: /home/adm-vsp-dv/urdf_update/urdf/install/codenser_double_moveit_config_pkg/share/codenser_double_moveit_config_pkg/launch/spawn_controllers.launch.py
-- Symlinking: /home/adm-vsp-dv/urdf_update/urdf/install/codenser_double_moveit_config_pkg/share/codenser_double_moveit_config_pkg/launch/static_virtual_joint_tfs.launch.py
-- Symlinking: /home/adm-vsp-dv/urdf_update/urdf/install/codenser_double_moveit_config_pkg/share/codenser_double_moveit_config_pkg/launch/warehouse_db.launch.py
-- Symlinking: /home/adm-vsp-dv/urdf_update/urdf/install/codenser_double_moveit_config_pkg/share/codenser_double_moveit_config_pkg/config/codenser_double.ros2_control.xacro
-- Symlinking: /home/adm-vsp-dv/urdf_update/urdf/install/codenser_double_moveit_config_pkg/share/codenser_double_moveit_config_pkg/config/codenser_double.srdf
-- Symlinking: /home/adm-vsp-dv/urdf_update/urdf/install/codenser_double_moveit_config_pkg/share/codenser_double_moveit_config_pkg/config/codenser_double.urdf.xacro
-- Symlinking: /home/adm-vsp-dv/urdf_update/urdf/install/codenser_double_moveit_config_pkg/share/codenser_double_moveit_config_pkg/config/initial_positions.yaml
-- Symlinking: /home/adm-vsp-dv/urdf_update/urdf/install/codenser_double_moveit_config_pkg/share/codenser_double_moveit_config_pkg/config/joint_limits.yaml
-- Symlinking: /home/adm-vsp-dv/urdf_update/urdf/install/codenser_double_moveit_config_pkg/share/codenser_double_moveit_config_pkg/config/kinematics.yaml
-- Symlinking: /home/adm-vsp-dv/urdf_update/urdf/install/codenser_double_moveit_config_pkg/share/codenser_double_moveit_config_pkg/config/moveit.rviz
-- Symlinking: /home/adm-vsp-dv/urdf_update/urdf/install/codenser_double_moveit_config_pkg/share/codenser_double_moveit_config_pkg/config/moveit_controllers.yaml
-- Symlinking: /home/adm-vsp-dv/urdf_update/urdf/install/codenser_double_moveit_config_pkg/share/codenser_double_moveit_config_pkg/config/ompl_planning.yaml
-- Symlinking: /home/adm-vsp-dv/urdf_update/urdf/install/codenser_double_moveit_config_pkg/share/codenser_double_moveit_config_pkg/config/pilz_cartesian_limits.yaml
-- Symlinking: /home/adm-vsp-dv/urdf_update/urdf/install/codenser_double_moveit_config_pkg/share/codenser_double_moveit_config_pkg/config/ros2_controllers.yaml
-- Symlinking: /home/adm-vsp-dv/urdf_update/urdf/install/codenser_double_moveit_config_pkg/share/codenser_double_moveit_config_pkg/.setup_assistant
