-- Install configuration: ""
-- Execute custom install script
-- Symlinking: /home/adm-vsp-dv/urdf_update/urdf/install/cvrb0609_description/share/cvrb0609_description/launch/display.launch.py
-- Symlinking: /home/adm-vsp-dv/urdf_update/urdf/install/cvrb0609_description/share/cvrb0609_description/meshes/J1.dae
-- Symlinking: /home/adm-vsp-dv/urdf_update/urdf/install/cvrb0609_description/share/cvrb0609_description/meshes/J2.dae
-- Symlinking: /home/adm-vsp-dv/urdf_update/urdf/install/cvrb0609_description/share/cvrb0609_description/meshes/J3.dae
-- Symlinking: /home/adm-vsp-dv/urdf_update/urdf/install/cvrb0609_description/share/cvrb0609_description/meshes/J4.dae
-- Symlinking: /home/adm-vsp-dv/urdf_update/urdf/install/cvrb0609_description/share/cvrb0609_description/meshes/J5.dae
-- Symlinking: /home/adm-vsp-dv/urdf_update/urdf/install/cvrb0609_description/share/cvrb0609_description/meshes/J6.dae
-- Symlinking: /home/adm-vsp-dv/urdf_update/urdf/install/cvrb0609_description/share/cvrb0609_description/meshes/base_link.dae
-- Symlinking: /home/adm-vsp-dv/urdf_update/urdf/install/cvrb0609_description/share/cvrb0609_description/urdf/cvrb0609.urdf.xacro
-- Symlinking: /home/adm-vsp-dv/urdf_update/urdf/install/cvrb0609_description/share/cvrb0609_description/urdf/example_cvrb0609.urdf.xacro
-- Symlinking: /home/adm-vsp-dv/urdf_update/urdf/install/cvrb0609_description/share/cvrb0609_description/urdf/home_joint_values.png
-- Symlinking: /home/adm-vsp-dv/urdf_update/urdf/install/cvrb0609_description/share/ament_index/resource_index/package_run_dependencies/cvrb0609_description
-- Symlinking: /home/adm-vsp-dv/urdf_update/urdf/install/cvrb0609_description/share/ament_index/resource_index/parent_prefix_path/cvrb0609_description
-- Symlinking: /home/adm-vsp-dv/urdf_update/urdf/install/cvrb0609_description/share/cvrb0609_description/environment/ament_prefix_path.sh
-- Symlinking: /home/adm-vsp-dv/urdf_update/urdf/install/cvrb0609_description/share/cvrb0609_description/environment/ament_prefix_path.dsv
-- Symlinking: /home/adm-vsp-dv/urdf_update/urdf/install/cvrb0609_description/share/cvrb0609_description/environment/path.sh
-- Symlinking: /home/adm-vsp-dv/urdf_update/urdf/install/cvrb0609_description/share/cvrb0609_description/environment/path.dsv
-- Symlinking: /home/adm-vsp-dv/urdf_update/urdf/install/cvrb0609_description/share/cvrb0609_description/local_setup.bash
-- Symlinking: /home/adm-vsp-dv/urdf_update/urdf/install/cvrb0609_description/share/cvrb0609_description/local_setup.sh
-- Symlinking: /home/adm-vsp-dv/urdf_update/urdf/install/cvrb0609_description/share/cvrb0609_description/local_setup.zsh
-- Symlinking: /home/adm-vsp-dv/urdf_update/urdf/install/cvrb0609_description/share/cvrb0609_description/local_setup.dsv
-- Symlinking: /home/adm-vsp-dv/urdf_update/urdf/install/cvrb0609_description/share/cvrb0609_description/package.dsv
-- Symlinking: /home/adm-vsp-dv/urdf_update/urdf/install/cvrb0609_description/share/ament_index/resource_index/packages/cvrb0609_description
-- Symlinking: /home/adm-vsp-dv/urdf_update/urdf/install/cvrb0609_description/share/cvrb0609_description/cmake/cvrb0609_descriptionConfig.cmake
-- Symlinking: /home/adm-vsp-dv/urdf_update/urdf/install/cvrb0609_description/share/cvrb0609_description/cmake/cvrb0609_descriptionConfig-version.cmake
-- Symlinking: /home/adm-vsp-dv/urdf_update/urdf/install/cvrb0609_description/share/cvrb0609_description/package.xml
