-- The C compiler identification is GNU 13.2.0
-- The CXX compiler identification is GNU 13.2.0
-- Detecting C compiler ABI info
-- Detecting C compiler ABI info - done
-- Check for working C compiler: /usr/bin/cc - skipped
-- Detecting C compile features
-- Detecting C compile features - done
-- Detecting CXX compiler ABI info
-- Detecting CXX compiler ABI info - done
-- Check for working CXX compiler: /usr/bin/c++ - skipped
-- Detecting CXX compile features
-- Detecting CXX compile features - done
-- Found ament_cmake: 2.7.0 (/opt/ros/rolling/share/ament_cmake/cmake)
-- Found Python3: /usr/bin/python3 (found version "3.12.3") found components: Interpreter 
-- Override CMake install command with custom implementation using symlinks instead of copying resources
-- Configuring done (1.9s)
-- Generating done (0.0s)
-- Build files have been written to: /home/adm-vsp-dv/urdf_update/urdf/build/schunk_egp64_c_description
-- Install configuration: ""
-- Execute custom install script
-- Symlinking: /home/adm-vsp-dv/urdf_update/urdf/install/schunk_egp64_c_description/share/schunk_egp64_c_description/launch/display.launch.py
-- Symlinking: /home/adm-vsp-dv/urdf_update/urdf/install/schunk_egp64_c_description/share/schunk_egp64_c_description/meshes/finger_1_link.STL
-- Symlinking: /home/adm-vsp-dv/urdf_update/urdf/install/schunk_egp64_c_description/share/schunk_egp64_c_description/meshes/finger_2_link.STL
-- Symlinking: /home/adm-vsp-dv/urdf_update/urdf/install/schunk_egp64_c_description/share/schunk_egp64_c_description/meshes/housing_link.STL
-- Symlinking: /home/adm-vsp-dv/urdf_update/urdf/install/schunk_egp64_c_description/share/schunk_egp64_c_description/meshes/housing_link.dae
-- Symlinking: /home/adm-vsp-dv/urdf_update/urdf/install/schunk_egp64_c_description/share/schunk_egp64_c_description/urdf/example_schunk_egp64_c.urdf.xacro
-- Symlinking: /home/adm-vsp-dv/urdf_update/urdf/install/schunk_egp64_c_description/share/schunk_egp64_c_description/urdf/schunk_egp64_c.urdf.xacro
-- Symlinking: /home/adm-vsp-dv/urdf_update/urdf/install/schunk_egp64_c_description/share/ament_index/resource_index/package_run_dependencies/schunk_egp64_c_description
-- Symlinking: /home/adm-vsp-dv/urdf_update/urdf/install/schunk_egp64_c_description/share/ament_index/resource_index/parent_prefix_path/schunk_egp64_c_description
-- Symlinking: /home/adm-vsp-dv/urdf_update/urdf/install/schunk_egp64_c_description/share/schunk_egp64_c_description/environment/ament_prefix_path.sh
-- Symlinking: /home/adm-vsp-dv/urdf_update/urdf/install/schunk_egp64_c_description/share/schunk_egp64_c_description/environment/ament_prefix_path.dsv
-- Symlinking: /home/adm-vsp-dv/urdf_update/urdf/install/schunk_egp64_c_description/share/schunk_egp64_c_description/environment/path.sh
-- Symlinking: /home/adm-vsp-dv/urdf_update/urdf/install/schunk_egp64_c_description/share/schunk_egp64_c_description/environment/path.dsv
-- Symlinking: /home/adm-vsp-dv/urdf_update/urdf/install/schunk_egp64_c_description/share/schunk_egp64_c_description/local_setup.bash
-- Symlinking: /home/adm-vsp-dv/urdf_update/urdf/install/schunk_egp64_c_description/share/schunk_egp64_c_description/local_setup.sh
-- Symlinking: /home/adm-vsp-dv/urdf_update/urdf/install/schunk_egp64_c_description/share/schunk_egp64_c_description/local_setup.zsh
-- Symlinking: /home/adm-vsp-dv/urdf_update/urdf/install/schunk_egp64_c_description/share/schunk_egp64_c_description/local_setup.dsv
-- Symlinking: /home/adm-vsp-dv/urdf_update/urdf/install/schunk_egp64_c_description/share/schunk_egp64_c_description/package.dsv
-- Symlinking: /home/adm-vsp-dv/urdf_update/urdf/install/schunk_egp64_c_description/share/ament_index/resource_index/packages/schunk_egp64_c_description
-- Symlinking: /home/adm-vsp-dv/urdf_update/urdf/install/schunk_egp64_c_description/share/schunk_egp64_c_description/cmake/schunk_egp64_c_descriptionConfig.cmake
-- Symlinking: /home/adm-vsp-dv/urdf_update/urdf/install/schunk_egp64_c_description/share/schunk_egp64_c_description/cmake/schunk_egp64_c_descriptionConfig-version.cmake
-- Symlinking: /home/adm-vsp-dv/urdf_update/urdf/install/schunk_egp64_c_description/share/schunk_egp64_c_description/package.xml
