[0.058s] Invoking command in '/home/adm-vsp-dv/urdf_update/urdf/build/cobotta_cell_description': AMENT_PREFIX_PATH=/home/adm-vsp-dv/urdf_update/urdf/install/schunk_egp64_c_description:/home/adm-vsp-dv/urdf_update/urdf/install/pneumatic_disassembly_unit_description:/home/adm-vsp-dv/urdf_update/urdf/install/kiwi_cell_description:${AMENT_PREFIX_PATH} CMAKE_PREFIX_PATH=/home/adm-vsp-dv/urdf_update/urdf/install/schunk_egp64_c_description:/home/adm-vsp-dv/urdf_update/urdf/install/pneumatic_disassembly_unit_description:/home/adm-vsp-dv/urdf_update/urdf/install/kiwi_cell_description:/opt/ros/rolling/opt/gz_sim_vendor:/opt/ros/rolling/opt/gz_sensors_vendor:/opt/ros/rolling/opt/gz_physics_vendor:/opt/ros/rolling/opt/sdformat_vendor:/opt/ros/rolling/opt/gz_gui_vendor:/opt/ros/rolling/opt/gz_transport_vendor:/opt/ros/rolling/opt/gz_rendering_vendor:/opt/ros/rolling/opt/gz_plugin_vendor:/opt/ros/rolling/opt/gz_fuel_tools_vendor:/opt/ros/rolling/opt/gz_msgs_vendor:/opt/ros/rolling/opt/gz_common_vendor:/opt/ros/rolling/opt/gz_math_vendor:/opt/ros/rolling/opt/gz_utils_vendor:/opt/ros/rolling/opt/gz_tools_vendor:/opt/ros/rolling/opt/gz_ogre_next_vendor:/opt/ros/rolling/opt/gz_dartsim_vendor:/opt/ros/rolling/opt/gz_cmake_vendor:/opt/ros/rolling DEBUGINFOD_URLS=https://debuginfod.ubuntu.com /usr/bin/cmake /home/adm-vsp-dv/urdf_update/urdf/cobotta_cell_description -DAMENT_CMAKE_SYMLINK_INSTALL=1 -DCMAKE_INSTALL_PREFIX=/home/adm-vsp-dv/urdf_update/urdf/install/cobotta_cell_description
[0.294s] -- The C compiler identification is GNU 13.2.0
[0.294s] -- The CXX compiler identification is GNU 13.2.0
[0.312s] -- Detecting C compiler ABI info
[0.481s] -- Detecting C compiler ABI info - done
[0.504s] -- Check for working C compiler: /usr/bin/cc - skipped
[0.505s] -- Detecting C compile features
[0.506s] -- Detecting C compile features - done
[0.521s] -- Detecting CXX compiler ABI info
[0.806s] -- Detecting CXX compiler ABI info - done
[0.847s] -- Check for working CXX compiler: /usr/bin/c++ - skipped
[0.848s] -- Detecting CXX compile features
[0.850s] -- Detecting CXX compile features - done
[0.863s] -- Found ament_cmake: 2.7.0 (/opt/ros/rolling/share/ament_cmake/cmake)
[1.176s] -- Found Python3: /usr/bin/python3 (found version "3.12.3") found components: Interpreter 
[1.331s] -- Override CMake install command with custom implementation using symlinks instead of copying resources
[1.631s] -- Configuring done (1.6s)
[1.638s] -- Generating done (0.0s)
[1.638s] -- Build files have been written to: /home/adm-vsp-dv/urdf_update/urdf/build/cobotta_cell_description
[1.650s] Invoked command in '/home/adm-vsp-dv/urdf_update/urdf/build/cobotta_cell_description' returned '0': AMENT_PREFIX_PATH=/home/adm-vsp-dv/urdf_update/urdf/install/schunk_egp64_c_description:/home/adm-vsp-dv/urdf_update/urdf/install/pneumatic_disassembly_unit_description:/home/adm-vsp-dv/urdf_update/urdf/install/kiwi_cell_description:${AMENT_PREFIX_PATH} CMAKE_PREFIX_PATH=/home/adm-vsp-dv/urdf_update/urdf/install/schunk_egp64_c_description:/home/adm-vsp-dv/urdf_update/urdf/install/pneumatic_disassembly_unit_description:/home/adm-vsp-dv/urdf_update/urdf/install/kiwi_cell_description:/opt/ros/rolling/opt/gz_sim_vendor:/opt/ros/rolling/opt/gz_sensors_vendor:/opt/ros/rolling/opt/gz_physics_vendor:/opt/ros/rolling/opt/sdformat_vendor:/opt/ros/rolling/opt/gz_gui_vendor:/opt/ros/rolling/opt/gz_transport_vendor:/opt/ros/rolling/opt/gz_rendering_vendor:/opt/ros/rolling/opt/gz_plugin_vendor:/opt/ros/rolling/opt/gz_fuel_tools_vendor:/opt/ros/rolling/opt/gz_msgs_vendor:/opt/ros/rolling/opt/gz_common_vendor:/opt/ros/rolling/opt/gz_math_vendor:/opt/ros/rolling/opt/gz_utils_vendor:/opt/ros/rolling/opt/gz_tools_vendor:/opt/ros/rolling/opt/gz_ogre_next_vendor:/opt/ros/rolling/opt/gz_dartsim_vendor:/opt/ros/rolling/opt/gz_cmake_vendor:/opt/ros/rolling DEBUGINFOD_URLS=https://debuginfod.ubuntu.com /usr/bin/cmake /home/adm-vsp-dv/urdf_update/urdf/cobotta_cell_description -DAMENT_CMAKE_SYMLINK_INSTALL=1 -DCMAKE_INSTALL_PREFIX=/home/adm-vsp-dv/urdf_update/urdf/install/cobotta_cell_description
[1.651s] Invoking command in '/home/adm-vsp-dv/urdf_update/urdf/build/cobotta_cell_description': AMENT_PREFIX_PATH=/home/adm-vsp-dv/urdf_update/urdf/install/schunk_egp64_c_description:/home/adm-vsp-dv/urdf_update/urdf/install/pneumatic_disassembly_unit_description:/home/adm-vsp-dv/urdf_update/urdf/install/kiwi_cell_description:${AMENT_PREFIX_PATH} CMAKE_PREFIX_PATH=/home/adm-vsp-dv/urdf_update/urdf/install/schunk_egp64_c_description:/home/adm-vsp-dv/urdf_update/urdf/install/pneumatic_disassembly_unit_description:/home/adm-vsp-dv/urdf_update/urdf/install/kiwi_cell_description:/opt/ros/rolling/opt/gz_sim_vendor:/opt/ros/rolling/opt/gz_sensors_vendor:/opt/ros/rolling/opt/gz_physics_vendor:/opt/ros/rolling/opt/sdformat_vendor:/opt/ros/rolling/opt/gz_gui_vendor:/opt/ros/rolling/opt/gz_transport_vendor:/opt/ros/rolling/opt/gz_rendering_vendor:/opt/ros/rolling/opt/gz_plugin_vendor:/opt/ros/rolling/opt/gz_fuel_tools_vendor:/opt/ros/rolling/opt/gz_msgs_vendor:/opt/ros/rolling/opt/gz_common_vendor:/opt/ros/rolling/opt/gz_math_vendor:/opt/ros/rolling/opt/gz_utils_vendor:/opt/ros/rolling/opt/gz_tools_vendor:/opt/ros/rolling/opt/gz_ogre_next_vendor:/opt/ros/rolling/opt/gz_dartsim_vendor:/opt/ros/rolling/opt/gz_cmake_vendor:/opt/ros/rolling DEBUGINFOD_URLS=https://debuginfod.ubuntu.com /usr/bin/cmake --build /home/adm-vsp-dv/urdf_update/urdf/build/cobotta_cell_description -- -j8 -l8
[1.728s] Invoked command in '/home/adm-vsp-dv/urdf_update/urdf/build/cobotta_cell_description' returned '0': AMENT_PREFIX_PATH=/home/adm-vsp-dv/urdf_update/urdf/install/schunk_egp64_c_description:/home/adm-vsp-dv/urdf_update/urdf/install/pneumatic_disassembly_unit_description:/home/adm-vsp-dv/urdf_update/urdf/install/kiwi_cell_description:${AMENT_PREFIX_PATH} CMAKE_PREFIX_PATH=/home/adm-vsp-dv/urdf_update/urdf/install/schunk_egp64_c_description:/home/adm-vsp-dv/urdf_update/urdf/install/pneumatic_disassembly_unit_description:/home/adm-vsp-dv/urdf_update/urdf/install/kiwi_cell_description:/opt/ros/rolling/opt/gz_sim_vendor:/opt/ros/rolling/opt/gz_sensors_vendor:/opt/ros/rolling/opt/gz_physics_vendor:/opt/ros/rolling/opt/sdformat_vendor:/opt/ros/rolling/opt/gz_gui_vendor:/opt/ros/rolling/opt/gz_transport_vendor:/opt/ros/rolling/opt/gz_rendering_vendor:/opt/ros/rolling/opt/gz_plugin_vendor:/opt/ros/rolling/opt/gz_fuel_tools_vendor:/opt/ros/rolling/opt/gz_msgs_vendor:/opt/ros/rolling/opt/gz_common_vendor:/opt/ros/rolling/opt/gz_math_vendor:/opt/ros/rolling/opt/gz_utils_vendor:/opt/ros/rolling/opt/gz_tools_vendor:/opt/ros/rolling/opt/gz_ogre_next_vendor:/opt/ros/rolling/opt/gz_dartsim_vendor:/opt/ros/rolling/opt/gz_cmake_vendor:/opt/ros/rolling DEBUGINFOD_URLS=https://debuginfod.ubuntu.com /usr/bin/cmake --build /home/adm-vsp-dv/urdf_update/urdf/build/cobotta_cell_description -- -j8 -l8
[1.774s] Invoking command in '/home/adm-vsp-dv/urdf_update/urdf/build/cobotta_cell_description': AMENT_PREFIX_PATH=/home/adm-vsp-dv/urdf_update/urdf/install/schunk_egp64_c_description:/home/adm-vsp-dv/urdf_update/urdf/install/pneumatic_disassembly_unit_description:/home/adm-vsp-dv/urdf_update/urdf/install/kiwi_cell_description:${AMENT_PREFIX_PATH} CMAKE_PREFIX_PATH=/home/adm-vsp-dv/urdf_update/urdf/install/schunk_egp64_c_description:/home/adm-vsp-dv/urdf_update/urdf/install/pneumatic_disassembly_unit_description:/home/adm-vsp-dv/urdf_update/urdf/install/kiwi_cell_description:/opt/ros/rolling/opt/gz_sim_vendor:/opt/ros/rolling/opt/gz_sensors_vendor:/opt/ros/rolling/opt/gz_physics_vendor:/opt/ros/rolling/opt/sdformat_vendor:/opt/ros/rolling/opt/gz_gui_vendor:/opt/ros/rolling/opt/gz_transport_vendor:/opt/ros/rolling/opt/gz_rendering_vendor:/opt/ros/rolling/opt/gz_plugin_vendor:/opt/ros/rolling/opt/gz_fuel_tools_vendor:/opt/ros/rolling/opt/gz_msgs_vendor:/opt/ros/rolling/opt/gz_common_vendor:/opt/ros/rolling/opt/gz_math_vendor:/opt/ros/rolling/opt/gz_utils_vendor:/opt/ros/rolling/opt/gz_tools_vendor:/opt/ros/rolling/opt/gz_ogre_next_vendor:/opt/ros/rolling/opt/gz_dartsim_vendor:/opt/ros/rolling/opt/gz_cmake_vendor:/opt/ros/rolling DEBUGINFOD_URLS=https://debuginfod.ubuntu.com /usr/bin/cmake --install /home/adm-vsp-dv/urdf_update/urdf/build/cobotta_cell_description
[1.789s] -- Install configuration: ""
[1.794s] -- Execute custom install script
[1.794s] -- Symlinking: /home/adm-vsp-dv/urdf_update/urdf/install/cobotta_cell_description/share/cobotta_cell_description/urdf/cobotta_cell.urdf.xacro
[1.808s] -- Symlinking: /home/adm-vsp-dv/urdf_update/urdf/install/cobotta_cell_description/share/cobotta_cell_description/urdf/cobotta_cell_gen.urdf.xacro
[1.827s] -- Symlinking: /home/adm-vsp-dv/urdf_update/urdf/install/cobotta_cell_description/share/cobotta_cell_description/launch/display.launch.py
[1.842s] -- Symlinking: /home/adm-vsp-dv/urdf_update/urdf/install/cobotta_cell_description/share/ament_index/resource_index/package_run_dependencies/cobotta_cell_description
[1.856s] -- Symlinking: /home/adm-vsp-dv/urdf_update/urdf/install/cobotta_cell_description/share/ament_index/resource_index/parent_prefix_path/cobotta_cell_description
[1.870s] -- Symlinking: /home/adm-vsp-dv/urdf_update/urdf/install/cobotta_cell_description/share/cobotta_cell_description/environment/ament_prefix_path.sh
[1.886s] -- Symlinking: /home/adm-vsp-dv/urdf_update/urdf/install/cobotta_cell_description/share/cobotta_cell_description/environment/ament_prefix_path.dsv
[1.905s] -- Symlinking: /home/adm-vsp-dv/urdf_update/urdf/install/cobotta_cell_description/share/cobotta_cell_description/environment/path.sh
[1.923s] -- Symlinking: /home/adm-vsp-dv/urdf_update/urdf/install/cobotta_cell_description/share/cobotta_cell_description/environment/path.dsv
[1.939s] -- Symlinking: /home/adm-vsp-dv/urdf_update/urdf/install/cobotta_cell_description/share/cobotta_cell_description/local_setup.bash
[1.954s] -- Symlinking: /home/adm-vsp-dv/urdf_update/urdf/install/cobotta_cell_description/share/cobotta_cell_description/local_setup.sh
[1.970s] -- Symlinking: /home/adm-vsp-dv/urdf_update/urdf/install/cobotta_cell_description/share/cobotta_cell_description/local_setup.zsh
[1.989s] -- Symlinking: /home/adm-vsp-dv/urdf_update/urdf/install/cobotta_cell_description/share/cobotta_cell_description/local_setup.dsv
[2.003s] -- Symlinking: /home/adm-vsp-dv/urdf_update/urdf/install/cobotta_cell_description/share/cobotta_cell_description/package.dsv
[2.020s] -- Symlinking: /home/adm-vsp-dv/urdf_update/urdf/install/cobotta_cell_description/share/ament_index/resource_index/packages/cobotta_cell_description
[2.035s] -- Symlinking: /home/adm-vsp-dv/urdf_update/urdf/install/cobotta_cell_description/share/cobotta_cell_description/cmake/cobotta_cell_descriptionConfig.cmake
[2.049s] -- Symlinking: /home/adm-vsp-dv/urdf_update/urdf/install/cobotta_cell_description/share/cobotta_cell_description/cmake/cobotta_cell_descriptionConfig-version.cmake
[2.069s] -- Symlinking: /home/adm-vsp-dv/urdf_update/urdf/install/cobotta_cell_description/share/cobotta_cell_description/package.xml
[2.082s] Invoked command in '/home/adm-vsp-dv/urdf_update/urdf/build/cobotta_cell_description' returned '0': AMENT_PREFIX_PATH=/home/adm-vsp-dv/urdf_update/urdf/install/schunk_egp64_c_description:/home/adm-vsp-dv/urdf_update/urdf/install/pneumatic_disassembly_unit_description:/home/adm-vsp-dv/urdf_update/urdf/install/kiwi_cell_description:${AMENT_PREFIX_PATH} CMAKE_PREFIX_PATH=/home/adm-vsp-dv/urdf_update/urdf/install/schunk_egp64_c_description:/home/adm-vsp-dv/urdf_update/urdf/install/pneumatic_disassembly_unit_description:/home/adm-vsp-dv/urdf_update/urdf/install/kiwi_cell_description:/opt/ros/rolling/opt/gz_sim_vendor:/opt/ros/rolling/opt/gz_sensors_vendor:/opt/ros/rolling/opt/gz_physics_vendor:/opt/ros/rolling/opt/sdformat_vendor:/opt/ros/rolling/opt/gz_gui_vendor:/opt/ros/rolling/opt/gz_transport_vendor:/opt/ros/rolling/opt/gz_rendering_vendor:/opt/ros/rolling/opt/gz_plugin_vendor:/opt/ros/rolling/opt/gz_fuel_tools_vendor:/opt/ros/rolling/opt/gz_msgs_vendor:/opt/ros/rolling/opt/gz_common_vendor:/opt/ros/rolling/opt/gz_math_vendor:/opt/ros/rolling/opt/gz_utils_vendor:/opt/ros/rolling/opt/gz_tools_vendor:/opt/ros/rolling/opt/gz_ogre_next_vendor:/opt/ros/rolling/opt/gz_dartsim_vendor:/opt/ros/rolling/opt/gz_cmake_vendor:/opt/ros/rolling DEBUGINFOD_URLS=https://debuginfod.ubuntu.com /usr/bin/cmake --install /home/adm-vsp-dv/urdf_update/urdf/build/cobotta_cell_description
