[0.097s] Invoking command in '/home/adm-vsp-dv/urdf_update/urdf/build/combined__description': DEBUGINFOD_URLS=https://debuginfod.ubuntu.com /usr/bin/cmake /home/adm-vsp-dv/urdf_update/urdf/combined_gp7_description -DCATKIN_INSTALL_INTO_PREFIX_ROOT=0 -DCATKIN_SYMLINK_INSTALL=ON -DCMAKE_INSTALL_PREFIX=/home/adm-vsp-dv/urdf_update/urdf/install/combined__description
[0.222s] -- The C compiler identification is GNU 13.2.0
[0.323s] -- The CXX compiler identification is GNU 13.2.0
[0.346s] -- Detecting C compiler ABI info
[0.479s] -- Detecting C compiler ABI info - done
[0.497s] -- Check for working C compiler: /usr/bin/cc - skipped
[0.498s] -- Detecting C compile features
[0.500s] -- Detecting C compile features - done
[0.518s] -- Detecting CXX compiler ABI info
[0.682s] -- Detecting CXX compiler ABI info - done
[0.694s] -- Check for working CXX compiler: /usr/bin/c++ - skipped
[0.695s] -- Detecting CXX compile features
[0.695s] -- Detecting CXX compile features - done
[0.700s] -- Found ament_cmake: 2.7.0 (/opt/ros/rolling/share/ament_cmake/cmake)
[0.903s] -- Found Python3: /usr/bin/python3 (found version "3.12.3") found components: Interpreter 
[1.028s] -- Found ament_lint_auto: 0.18.1 (/opt/ros/rolling/share/ament_lint_auto/cmake)
[1.100s] WARNING: Metapackage "combined__description" must buildtool_depend on catkin.
[1.101s] WARNING: Metapackage "combined__description" should not have other dependencies besides a buildtool_depend on catkin and exec_depends.
[1.113s] [31mCMake Error at /opt/ros/rolling/share/ament_cmake_core/cmake/core/ament_package_xml.cmake:53 (message):
[1.113s]   ament_package_xml() package name 'combined__description' in '/package.xml'
[1.113s]   does not match current PROJECT_NAME 'combined_gp7_description'.  You must
[1.113s]   call project() with the same package name before.
[1.114s] Call Stack (most recent call first):
[1.114s]   /opt/ros/rolling/share/ament_lint_auto/cmake/ament_lint_auto_find_test_dependencies.cmake:31 (ament_package_xml)
[1.114s]   CMakeLists.txt:30 (ament_lint_auto_find_test_dependencies)
[1.114s] 
[1.114s] [0m
[1.114s] -- Configuring incomplete, errors occurred!
[1.118s] Invoked command in '/home/adm-vsp-dv/urdf_update/urdf/build/combined__description' returned '1': DEBUGINFOD_URLS=https://debuginfod.ubuntu.com /usr/bin/cmake /home/adm-vsp-dv/urdf_update/urdf/combined_gp7_description -DCATKIN_INSTALL_INTO_PREFIX_ROOT=0 -DCATKIN_SYMLINK_INSTALL=ON -DCMAKE_INSTALL_PREFIX=/home/adm-vsp-dv/urdf_update/urdf/install/combined__description
