[0.043s] Invoking command in '/home/adm-vsp-dv/urdf_update/urdf/build/kiwi_cell_description': CMAKE_PREFIX_PATH=${CMAKE_PREFIX_PATH}:/opt/ros/rolling DEBUGINFOD_URLS=https://debuginfod.ubuntu.com /usr/bin/cmake --build /home/adm-vsp-dv/urdf_update/urdf/build/kiwi_cell_description -- -j8 -l8
[0.117s] Invoked command in '/home/adm-vsp-dv/urdf_update/urdf/build/kiwi_cell_description' returned '0': CMAKE_PREFIX_PATH=${CMAKE_PREFIX_PATH}:/opt/ros/rolling DEBUGINFOD_URLS=https://debuginfod.ubuntu.com /usr/bin/cmake --build /home/adm-vsp-dv/urdf_update/urdf/build/kiwi_cell_description -- -j8 -l8
[0.162s] Invoking command in '/home/adm-vsp-dv/urdf_update/urdf/build/kiwi_cell_description': CMAKE_PREFIX_PATH=${CMAKE_PREFIX_PATH}:/opt/ros/rolling DEBUGINFOD_URLS=https://debuginfod.ubuntu.com /usr/bin/cmake --install /home/adm-vsp-dv/urdf_update/urdf/build/kiwi_cell_description
[0.183s] -- Install configuration: ""
[0.183s] -- Execute custom install script
[0.184s] -- Up-to-date symlink: /home/adm-vsp-dv/urdf_update/urdf/install/kiwi_cell_description/share/kiwi_cell_description/launch/display.launch.py
[0.184s] -- Up-to-date symlink: /home/adm-vsp-dv/urdf_update/urdf/install/kiwi_cell_description/share/kiwi_cell_description/meshes/base_link.STL
[0.186s] -- Up-to-date symlink: /home/adm-vsp-dv/urdf_update/urdf/install/kiwi_cell_description/share/kiwi_cell_description/meshes/robot_base_link.STL
[0.187s] -- Up-to-date symlink: /home/adm-vsp-dv/urdf_update/urdf/install/kiwi_cell_description/share/kiwi_cell_description/urdf/example_kiwi_cell.urdf.xacro
[0.187s] -- Up-to-date symlink: /home/adm-vsp-dv/urdf_update/urdf/install/kiwi_cell_description/share/kiwi_cell_description/urdf/kiwi_cell.png
[0.188s] -- Up-to-date symlink: /home/adm-vsp-dv/urdf_update/urdf/install/kiwi_cell_description/share/kiwi_cell_description/urdf/kiwi_cell.urdf.xacro
[0.189s] -- Up-to-date symlink: /home/adm-vsp-dv/urdf_update/urdf/install/kiwi_cell_description/share/ament_index/resource_index/package_run_dependencies/kiwi_cell_description
[0.203s] -- Up-to-date symlink: /home/adm-vsp-dv/urdf_update/urdf/install/kiwi_cell_description/share/ament_index/resource_index/parent_prefix_path/kiwi_cell_description
[0.204s] -- Up-to-date symlink: /home/adm-vsp-dv/urdf_update/urdf/install/kiwi_cell_description/share/kiwi_cell_description/environment/ament_prefix_path.sh
[0.206s] -- Up-to-date symlink: /home/adm-vsp-dv/urdf_update/urdf/install/kiwi_cell_description/share/kiwi_cell_description/environment/ament_prefix_path.dsv
[0.206s] -- Up-to-date symlink: /home/adm-vsp-dv/urdf_update/urdf/install/kiwi_cell_description/share/kiwi_cell_description/environment/path.sh
[0.207s] -- Up-to-date symlink: /home/adm-vsp-dv/urdf_update/urdf/install/kiwi_cell_description/share/kiwi_cell_description/environment/path.dsv
[0.207s] -- Up-to-date symlink: /home/adm-vsp-dv/urdf_update/urdf/install/kiwi_cell_description/share/kiwi_cell_description/local_setup.bash
[0.207s] -- Up-to-date symlink: /home/adm-vsp-dv/urdf_update/urdf/install/kiwi_cell_description/share/kiwi_cell_description/local_setup.sh
[0.208s] -- Up-to-date symlink: /home/adm-vsp-dv/urdf_update/urdf/install/kiwi_cell_description/share/kiwi_cell_description/local_setup.zsh
[0.209s] -- Up-to-date symlink: /home/adm-vsp-dv/urdf_update/urdf/install/kiwi_cell_description/share/kiwi_cell_description/local_setup.dsv
[0.210s] -- Symlinking: /home/adm-vsp-dv/urdf_update/urdf/install/kiwi_cell_description/share/kiwi_cell_description/package.dsv
[0.220s] -- Up-to-date symlink: /home/adm-vsp-dv/urdf_update/urdf/install/kiwi_cell_description/share/ament_index/resource_index/packages/kiwi_cell_description
[0.221s] -- Up-to-date symlink: /home/adm-vsp-dv/urdf_update/urdf/install/kiwi_cell_description/share/kiwi_cell_description/cmake/kiwi_cell_descriptionConfig.cmake
[0.221s] -- Up-to-date symlink: /home/adm-vsp-dv/urdf_update/urdf/install/kiwi_cell_description/share/kiwi_cell_description/cmake/kiwi_cell_descriptionConfig-version.cmake
[0.222s] -- Up-to-date symlink: /home/adm-vsp-dv/urdf_update/urdf/install/kiwi_cell_description/share/kiwi_cell_description/package.xml
[0.228s] Invoked command in '/home/adm-vsp-dv/urdf_update/urdf/build/kiwi_cell_description' returned '0': CMAKE_PREFIX_PATH=${CMAKE_PREFIX_PATH}:/opt/ros/rolling DEBUGINFOD_URLS=https://debuginfod.ubuntu.com /usr/bin/cmake --install /home/adm-vsp-dv/urdf_update/urdf/build/kiwi_cell_description
