-- The C compiler identification is GNU 13.2.0
-- The CXX compiler identification is GNU 13.2.0
-- Detecting C compiler ABI info
-- Detecting C compiler ABI info - done
-- Check for working C compiler: /usr/bin/cc - skipped
-- Detecting C compile features
-- Detecting C compile features - done
-- Detecting CXX compiler ABI info
-- Detecting CXX compiler ABI info - done
-- Check for working CXX compiler: /usr/bin/c++ - skipped
-- Detecting CXX compile features
-- Detecting CXX compile features - done
-- Found ament_cmake: 2.7.0 (/opt/ros/rolling/share/ament_cmake/cmake)
-- Found Python3: /usr/bin/python3 (found version "3.12.3") found components: Interpreter 
-- Override CMake install command with custom implementation using symlinks instead of copying resources
-- Configuring done (1.6s)
-- Generating done (0.0s)
-- Build files have been written to: /home/adm-vsp-dv/urdf_update/urdf/build/codenser_description
-- Install configuration: ""
-- Execute custom install script
-- Symlinking: /home/adm-vsp-dv/urdf_update/urdf/install/codenser_description/share/codenser_description/config/joint_names_m_2025642_001.yaml
-- Symlinking: /home/adm-vsp-dv/urdf_update/urdf/install/codenser_description/share/codenser_description/launch/display.launch.py
-- Symlinking: /home/adm-vsp-dv/urdf_update/urdf/install/codenser_description/share/codenser_description/launch/gazebo.launch
-- Symlinking: /home/adm-vsp-dv/urdf_update/urdf/install/codenser_description/share/codenser_description/meshes/base_link.STL
-- Symlinking: /home/adm-vsp-dv/urdf_update/urdf/install/codenser_description/share/codenser_description/meshes/elbow_joint.STL
-- Symlinking: /home/adm-vsp-dv/urdf_update/urdf/install/codenser_description/share/codenser_description/meshes/gripper_left_link.STL
-- Symlinking: /home/adm-vsp-dv/urdf_update/urdf/install/codenser_description/share/codenser_description/meshes/gripper_right_link.STL
-- Symlinking: /home/adm-vsp-dv/urdf_update/urdf/install/codenser_description/share/codenser_description/meshes/shoulder_link.STL
-- Symlinking: /home/adm-vsp-dv/urdf_update/urdf/install/codenser_description/share/codenser_description/meshes/vertical_link.STL
-- Symlinking: /home/adm-vsp-dv/urdf_update/urdf/install/codenser_description/share/codenser_description/meshes/wrist_link.STL
-- Symlinking: /home/adm-vsp-dv/urdf_update/urdf/install/codenser_description/share/codenser_description/rviz/rviz_basic_settings.rviz
-- Symlinking: /home/adm-vsp-dv/urdf_update/urdf/install/codenser_description/share/codenser_description/urdf/codenser.urdf
-- Symlinking: /home/adm-vsp-dv/urdf_update/urdf/install/codenser_description/share/codenser_description/urdf/codenser.urdf.xacro
-- Symlinking: /home/adm-vsp-dv/urdf_update/urdf/install/codenser_description/share/codenser_description/urdf/condenser.csv
-- Symlinking: /home/adm-vsp-dv/urdf_update/urdf/install/codenser_description/share/ament_index/resource_index/package_run_dependencies/codenser_description
-- Symlinking: /home/adm-vsp-dv/urdf_update/urdf/install/codenser_description/share/ament_index/resource_index/parent_prefix_path/codenser_description
-- Symlinking: /home/adm-vsp-dv/urdf_update/urdf/install/codenser_description/share/codenser_description/environment/ament_prefix_path.sh
-- Symlinking: /home/adm-vsp-dv/urdf_update/urdf/install/codenser_description/share/codenser_description/environment/ament_prefix_path.dsv
-- Symlinking: /home/adm-vsp-dv/urdf_update/urdf/install/codenser_description/share/codenser_description/environment/path.sh
-- Symlinking: /home/adm-vsp-dv/urdf_update/urdf/install/codenser_description/share/codenser_description/environment/path.dsv
-- Symlinking: /home/adm-vsp-dv/urdf_update/urdf/install/codenser_description/share/codenser_description/local_setup.bash
-- Symlinking: /home/adm-vsp-dv/urdf_update/urdf/install/codenser_description/share/codenser_description/local_setup.sh
-- Symlinking: /home/adm-vsp-dv/urdf_update/urdf/install/codenser_description/share/codenser_description/local_setup.zsh
-- Symlinking: /home/adm-vsp-dv/urdf_update/urdf/install/codenser_description/share/codenser_description/local_setup.dsv
-- Symlinking: /home/adm-vsp-dv/urdf_update/urdf/install/codenser_description/share/codenser_description/package.dsv
-- Symlinking: /home/adm-vsp-dv/urdf_update/urdf/install/codenser_description/share/ament_index/resource_index/packages/codenser_description
-- Symlinking: /home/adm-vsp-dv/urdf_update/urdf/install/codenser_description/share/codenser_description/cmake/codenser_descriptionConfig.cmake
-- Symlinking: /home/adm-vsp-dv/urdf_update/urdf/install/codenser_description/share/codenser_description/cmake/codenser_descriptionConfig-version.cmake
-- Symlinking: /home/adm-vsp-dv/urdf_update/urdf/install/codenser_description/share/codenser_description/package.xml
