[0.040s] Invoking command in '/home/adm-vsp-dv/urdf_update/urdf/build/m_4730788_001_description': CMAKE_PREFIX_PATH=${CMAKE_PREFIX_PATH}:/opt/ros/rolling DEBUGINFOD_URLS=https://debuginfod.ubuntu.com /usr/bin/cmake --build /home/adm-vsp-dv/urdf_update/urdf/build/m_4730788_001_description -- -j8 -l8
[0.112s] Invoked command in '/home/adm-vsp-dv/urdf_update/urdf/build/m_4730788_001_description' returned '0': CMAKE_PREFIX_PATH=${CMAKE_PREFIX_PATH}:/opt/ros/rolling DEBUGINFOD_URLS=https://debuginfod.ubuntu.com /usr/bin/cmake --build /home/adm-vsp-dv/urdf_update/urdf/build/m_4730788_001_description -- -j8 -l8
[0.160s] Invoking command in '/home/adm-vsp-dv/urdf_update/urdf/build/m_4730788_001_description': CMAKE_PREFIX_PATH=${CMAKE_PREFIX_PATH}:/opt/ros/rolling DEBUGINFOD_URLS=https://debuginfod.ubuntu.com /usr/bin/cmake --install /home/adm-vsp-dv/urdf_update/urdf/build/m_4730788_001_description
[0.203s] -- Install configuration: ""
[0.204s] -- Execute custom install script
[0.204s] -- Up-to-date symlink: /home/adm-vsp-dv/urdf_update/urdf/install/m_4730788_001_description/share/m_4730788_001_description/config/joint_names_m_4730788_001.yaml
[0.204s] -- Up-to-date symlink: /home/adm-vsp-dv/urdf_update/urdf/install/m_4730788_001_description/share/m_4730788_001_description/launch/display.launch
[0.204s] -- Up-to-date symlink: /home/adm-vsp-dv/urdf_update/urdf/install/m_4730788_001_description/share/m_4730788_001_description/launch/gazebo.launch
[0.205s] -- Up-to-date symlink: /home/adm-vsp-dv/urdf_update/urdf/install/m_4730788_001_description/share/m_4730788_001_description/meshes/base_link.STL
[0.205s] -- Up-to-date symlink: /home/adm-vsp-dv/urdf_update/urdf/install/m_4730788_001_description/share/m_4730788_001_description/meshes/link_1.STL
[0.205s] -- Up-to-date symlink: /home/adm-vsp-dv/urdf_update/urdf/install/m_4730788_001_description/share/m_4730788_001_description/meshes/link_2.STL
[0.205s] -- Up-to-date symlink: /home/adm-vsp-dv/urdf_update/urdf/install/m_4730788_001_description/share/m_4730788_001_description/urdf/m_4730788_001.csv
[0.205s] -- Up-to-date symlink: /home/adm-vsp-dv/urdf_update/urdf/install/m_4730788_001_description/share/m_4730788_001_description/urdf/m_4730788_001.urdf
[0.205s] -- Up-to-date symlink: /home/adm-vsp-dv/urdf_update/urdf/install/m_4730788_001_description/share/m_4730788_001_description/urdf/m_4730788_001.urdf.xacro
[0.206s] -- Up-to-date symlink: /home/adm-vsp-dv/urdf_update/urdf/install/m_4730788_001_description/share/ament_index/resource_index/package_run_dependencies/m_4730788_001_description
[0.207s] -- Up-to-date symlink: /home/adm-vsp-dv/urdf_update/urdf/install/m_4730788_001_description/share/ament_index/resource_index/parent_prefix_path/m_4730788_001_description
[0.207s] -- Up-to-date symlink: /home/adm-vsp-dv/urdf_update/urdf/install/m_4730788_001_description/share/m_4730788_001_description/environment/ament_prefix_path.sh
[0.208s] -- Up-to-date symlink: /home/adm-vsp-dv/urdf_update/urdf/install/m_4730788_001_description/share/m_4730788_001_description/environment/ament_prefix_path.dsv
[0.208s] -- Up-to-date symlink: /home/adm-vsp-dv/urdf_update/urdf/install/m_4730788_001_description/share/m_4730788_001_description/environment/path.sh
[0.208s] -- Up-to-date symlink: /home/adm-vsp-dv/urdf_update/urdf/install/m_4730788_001_description/share/m_4730788_001_description/environment/path.dsv
[0.208s] -- Up-to-date symlink: /home/adm-vsp-dv/urdf_update/urdf/install/m_4730788_001_description/share/m_4730788_001_description/local_setup.bash
[0.209s] -- Up-to-date symlink: /home/adm-vsp-dv/urdf_update/urdf/install/m_4730788_001_description/share/m_4730788_001_description/local_setup.sh
[0.209s] -- Up-to-date symlink: /home/adm-vsp-dv/urdf_update/urdf/install/m_4730788_001_description/share/m_4730788_001_description/local_setup.zsh
[0.210s] -- Up-to-date symlink: /home/adm-vsp-dv/urdf_update/urdf/install/m_4730788_001_description/share/m_4730788_001_description/local_setup.dsv
[0.210s] -- Symlinking: /home/adm-vsp-dv/urdf_update/urdf/install/m_4730788_001_description/share/m_4730788_001_description/package.dsv
[0.212s] -- Up-to-date symlink: /home/adm-vsp-dv/urdf_update/urdf/install/m_4730788_001_description/share/ament_index/resource_index/packages/m_4730788_001_description
[0.213s] -- Up-to-date symlink: /home/adm-vsp-dv/urdf_update/urdf/install/m_4730788_001_description/share/m_4730788_001_description/cmake/m_4730788_001_descriptionConfig.cmake
[0.213s] -- Up-to-date symlink: /home/adm-vsp-dv/urdf_update/urdf/install/m_4730788_001_description/share/m_4730788_001_description/cmake/m_4730788_001_descriptionConfig-version.cmake
[0.213s] -- Up-to-date symlink: /home/adm-vsp-dv/urdf_update/urdf/install/m_4730788_001_description/share/m_4730788_001_description/package.xml
[0.264s] Invoked command in '/home/adm-vsp-dv/urdf_update/urdf/build/m_4730788_001_description' returned '0': CMAKE_PREFIX_PATH=${CMAKE_PREFIX_PATH}:/opt/ros/rolling DEBUGINFOD_URLS=https://debuginfod.ubuntu.com /usr/bin/cmake --install /home/adm-vsp-dv/urdf_update/urdf/build/m_4730788_001_description
