[0.050s] Invoking command in '/home/adm-vsp-dv/urdf_update/urdf/build/combined_gp7_description': DEBUGINFOD_URLS=https://debuginfod.ubuntu.com /usr/bin/cmake --build /home/adm-vsp-dv/urdf_update/urdf/build/combined_gp7_description -- -j8 -l8
[0.088s] -- Found ament_cmake: 2.7.0 (/opt/ros/rolling/share/ament_cmake/cmake)
[0.491s] -- Found ament_lint_auto: 0.18.1 (/opt/ros/rolling/share/ament_lint_auto/cmake)
[0.633s] WARNING: Metapackage "combined_gp7_description" must buildtool_depend on catkin.
[0.634s] WARNING: Metapackage "combined_gp7_description" should not have other dependencies besides a buildtool_depend on catkin and exec_depends.
[0.677s] -- Configuring done (0.6s)
[0.678s] -- Generating done (0.0s)
[0.679s] -- Build files have been written to: /home/adm-vsp-dv/urdf_update/urdf/build/combined_gp7_description
[0.747s] Invoked command in '/home/adm-vsp-dv/urdf_update/urdf/build/combined_gp7_description' returned '0': DEBUGINFOD_URLS=https://debuginfod.ubuntu.com /usr/bin/cmake --build /home/adm-vsp-dv/urdf_update/urdf/build/combined_gp7_description -- -j8 -l8
[0.814s] Invoking command in '/home/adm-vsp-dv/urdf_update/urdf/build/combined_gp7_description': DEBUGINFOD_URLS=https://debuginfod.ubuntu.com /usr/bin/cmake --install /home/adm-vsp-dv/urdf_update/urdf/build/combined_gp7_description
[0.822s] -- Install configuration: ""
[0.822s] -- Up-to-date: /home/adm-vsp-dv/urdf_update/urdf/install/combined_gp7_description/share/combined_gp7_description/urdf/urdf
[0.822s] -- Up-to-date: /home/adm-vsp-dv/urdf_update/urdf/install/combined_gp7_description/share/combined_gp7_description/urdf/urdf/combined_gp7.urdf.xacro
[0.823s] -- Up-to-date: /home/adm-vsp-dv/urdf_update/urdf/install/combined_gp7_description/share/combined_gp7_description/launch/launch
[0.823s] -- Up-to-date: /home/adm-vsp-dv/urdf_update/urdf/install/combined_gp7_description/share/combined_gp7_description/launch/launch/combined_gp7.launch.py
[0.823s] -- Up-to-date: /home/adm-vsp-dv/urdf_update/urdf/install/combined_gp7_description/share/ament_index/resource_index/package_run_dependencies/combined_gp7_description
[0.823s] -- Up-to-date: /home/adm-vsp-dv/urdf_update/urdf/install/combined_gp7_description/share/ament_index/resource_index/parent_prefix_path/combined_gp7_description
[0.823s] -- Up-to-date: /home/adm-vsp-dv/urdf_update/urdf/install/combined_gp7_description/share/combined_gp7_description/environment/ament_prefix_path.sh
[0.823s] -- Up-to-date: /home/adm-vsp-dv/urdf_update/urdf/install/combined_gp7_description/share/combined_gp7_description/environment/ament_prefix_path.dsv
[0.823s] -- Up-to-date: /home/adm-vsp-dv/urdf_update/urdf/install/combined_gp7_description/share/combined_gp7_description/environment/path.sh
[0.823s] -- Up-to-date: /home/adm-vsp-dv/urdf_update/urdf/install/combined_gp7_description/share/combined_gp7_description/environment/path.dsv
[0.823s] -- Up-to-date: /home/adm-vsp-dv/urdf_update/urdf/install/combined_gp7_description/share/combined_gp7_description/local_setup.bash
[0.824s] -- Up-to-date: /home/adm-vsp-dv/urdf_update/urdf/install/combined_gp7_description/share/combined_gp7_description/local_setup.sh
[0.824s] -- Up-to-date: /home/adm-vsp-dv/urdf_update/urdf/install/combined_gp7_description/share/combined_gp7_description/local_setup.zsh
[0.824s] -- Up-to-date: /home/adm-vsp-dv/urdf_update/urdf/install/combined_gp7_description/share/combined_gp7_description/local_setup.dsv
[0.824s] -- Installing: /home/adm-vsp-dv/urdf_update/urdf/install/combined_gp7_description/share/combined_gp7_description/package.dsv
[0.824s] -- Up-to-date: /home/adm-vsp-dv/urdf_update/urdf/install/combined_gp7_description/share/ament_index/resource_index/packages/combined_gp7_description
[0.824s] -- Up-to-date: /home/adm-vsp-dv/urdf_update/urdf/install/combined_gp7_description/share/combined_gp7_description/cmake/combined_gp7_descriptionConfig.cmake
[0.824s] -- Up-to-date: /home/adm-vsp-dv/urdf_update/urdf/install/combined_gp7_description/share/combined_gp7_description/cmake/combined_gp7_descriptionConfig-version.cmake
[0.824s] -- Installing: /home/adm-vsp-dv/urdf_update/urdf/install/combined_gp7_description/share/combined_gp7_description/package.xml
[0.825s] Invoked command in '/home/adm-vsp-dv/urdf_update/urdf/build/combined_gp7_description' returned '0': DEBUGINFOD_URLS=https://debuginfod.ubuntu.com /usr/bin/cmake --install /home/adm-vsp-dv/urdf_update/urdf/build/combined_gp7_description
