[0.050s] Invoking command in '/home/adm-vsp-dv/urdf_update/urdf/build/cvrb0609_description': CMAKE_PREFIX_PATH=${CMAKE_PREFIX_PATH}:/opt/ros/rolling DEBUGINFOD_URLS=https://debuginfod.ubuntu.com /usr/bin/cmake --build /home/adm-vsp-dv/urdf_update/urdf/build/cvrb0609_description -- -j8 -l8
[0.122s] Invoked command in '/home/adm-vsp-dv/urdf_update/urdf/build/cvrb0609_description' returned '0': CMAKE_PREFIX_PATH=${CMAKE_PREFIX_PATH}:/opt/ros/rolling DEBUGINFOD_URLS=https://debuginfod.ubuntu.com /usr/bin/cmake --build /home/adm-vsp-dv/urdf_update/urdf/build/cvrb0609_description -- -j8 -l8
[0.169s] Invoking command in '/home/adm-vsp-dv/urdf_update/urdf/build/cvrb0609_description': CMAKE_PREFIX_PATH=${CMAKE_PREFIX_PATH}:/opt/ros/rolling DEBUGINFOD_URLS=https://debuginfod.ubuntu.com /usr/bin/cmake --install /home/adm-vsp-dv/urdf_update/urdf/build/cvrb0609_description
[0.209s] -- Install configuration: ""
[0.210s] -- Execute custom install script
[0.213s] -- Up-to-date symlink: /home/adm-vsp-dv/urdf_update/urdf/install/cvrb0609_description/share/cvrb0609_description/launch/display.launch.py
[0.216s] -- Up-to-date symlink: /home/adm-vsp-dv/urdf_update/urdf/install/cvrb0609_description/share/cvrb0609_description/meshes/J1.dae
[0.216s] -- Up-to-date symlink: /home/adm-vsp-dv/urdf_update/urdf/install/cvrb0609_description/share/cvrb0609_description/meshes/J2.dae
[0.217s] -- Up-to-date symlink: /home/adm-vsp-dv/urdf_update/urdf/install/cvrb0609_description/share/cvrb0609_description/meshes/J3.dae
[0.217s] -- Up-to-date symlink: /home/adm-vsp-dv/urdf_update/urdf/install/cvrb0609_description/share/cvrb0609_description/meshes/J4.dae
[0.217s] -- Up-to-date symlink: /home/adm-vsp-dv/urdf_update/urdf/install/cvrb0609_description/share/cvrb0609_description/meshes/J5.dae
[0.218s] -- Up-to-date symlink: /home/adm-vsp-dv/urdf_update/urdf/install/cvrb0609_description/share/cvrb0609_description/meshes/J6.dae
[0.218s] -- Up-to-date symlink: /home/adm-vsp-dv/urdf_update/urdf/install/cvrb0609_description/share/cvrb0609_description/meshes/base_link.dae
[0.218s] -- Up-to-date symlink: /home/adm-vsp-dv/urdf_update/urdf/install/cvrb0609_description/share/cvrb0609_description/urdf/cvrb0609.urdf.xacro
[0.218s] -- Up-to-date symlink: /home/adm-vsp-dv/urdf_update/urdf/install/cvrb0609_description/share/cvrb0609_description/urdf/example_cvrb0609.urdf.xacro
[0.218s] -- Up-to-date symlink: /home/adm-vsp-dv/urdf_update/urdf/install/cvrb0609_description/share/cvrb0609_description/urdf/home_joint_values.png
[0.219s] -- Up-to-date symlink: /home/adm-vsp-dv/urdf_update/urdf/install/cvrb0609_description/share/ament_index/resource_index/package_run_dependencies/cvrb0609_description
[0.219s] -- Up-to-date symlink: /home/adm-vsp-dv/urdf_update/urdf/install/cvrb0609_description/share/ament_index/resource_index/parent_prefix_path/cvrb0609_description
[0.221s] -- Up-to-date symlink: /home/adm-vsp-dv/urdf_update/urdf/install/cvrb0609_description/share/cvrb0609_description/environment/ament_prefix_path.sh
[0.221s] -- Up-to-date symlink: /home/adm-vsp-dv/urdf_update/urdf/install/cvrb0609_description/share/cvrb0609_description/environment/ament_prefix_path.dsv
[0.222s] -- Up-to-date symlink: /home/adm-vsp-dv/urdf_update/urdf/install/cvrb0609_description/share/cvrb0609_description/environment/path.sh
[0.223s] -- Up-to-date symlink: /home/adm-vsp-dv/urdf_update/urdf/install/cvrb0609_description/share/cvrb0609_description/environment/path.dsv
[0.223s] -- Up-to-date symlink: /home/adm-vsp-dv/urdf_update/urdf/install/cvrb0609_description/share/cvrb0609_description/local_setup.bash
[0.223s] -- Up-to-date symlink: /home/adm-vsp-dv/urdf_update/urdf/install/cvrb0609_description/share/cvrb0609_description/local_setup.sh
[0.223s] -- Up-to-date symlink: /home/adm-vsp-dv/urdf_update/urdf/install/cvrb0609_description/share/cvrb0609_description/local_setup.zsh
[0.224s] -- Up-to-date symlink: /home/adm-vsp-dv/urdf_update/urdf/install/cvrb0609_description/share/cvrb0609_description/local_setup.dsv
[0.225s] -- Symlinking: /home/adm-vsp-dv/urdf_update/urdf/install/cvrb0609_description/share/cvrb0609_description/package.dsv
[0.230s] -- Up-to-date symlink: /home/adm-vsp-dv/urdf_update/urdf/install/cvrb0609_description/share/ament_index/resource_index/packages/cvrb0609_description
[0.231s] -- Up-to-date symlink: /home/adm-vsp-dv/urdf_update/urdf/install/cvrb0609_description/share/cvrb0609_description/cmake/cvrb0609_descriptionConfig.cmake
[0.231s] -- Up-to-date symlink: /home/adm-vsp-dv/urdf_update/urdf/install/cvrb0609_description/share/cvrb0609_description/cmake/cvrb0609_descriptionConfig-version.cmake
[0.231s] -- Up-to-date symlink: /home/adm-vsp-dv/urdf_update/urdf/install/cvrb0609_description/share/cvrb0609_description/package.xml
[0.266s] Invoked command in '/home/adm-vsp-dv/urdf_update/urdf/build/cvrb0609_description' returned '0': CMAKE_PREFIX_PATH=${CMAKE_PREFIX_PATH}:/opt/ros/rolling DEBUGINFOD_URLS=https://debuginfod.ubuntu.com /usr/bin/cmake --install /home/adm-vsp-dv/urdf_update/urdf/build/cvrb0609_description
