[0.053s] Invoking command in '/home/adm-vsp-dv/urdf_update/urdf/build/m_5326927_001_description': CMAKE_PREFIX_PATH=${CMAKE_PREFIX_PATH}:/opt/ros/rolling DEBUGINFOD_URLS=https://debuginfod.ubuntu.com /usr/bin/cmake --build /home/adm-vsp-dv/urdf_update/urdf/build/m_5326927_001_description -- -j8 -l8
[0.143s] Invoked command in '/home/adm-vsp-dv/urdf_update/urdf/build/m_5326927_001_description' returned '0': CMAKE_PREFIX_PATH=${CMAKE_PREFIX_PATH}:/opt/ros/rolling DEBUGINFOD_URLS=https://debuginfod.ubuntu.com /usr/bin/cmake --build /home/adm-vsp-dv/urdf_update/urdf/build/m_5326927_001_description -- -j8 -l8
[0.257s] Invoking command in '/home/adm-vsp-dv/urdf_update/urdf/build/m_5326927_001_description': CMAKE_PREFIX_PATH=${CMAKE_PREFIX_PATH}:/opt/ros/rolling DEBUGINFOD_URLS=https://debuginfod.ubuntu.com /usr/bin/cmake --install /home/adm-vsp-dv/urdf_update/urdf/build/m_5326927_001_description
[0.287s] -- Install configuration: ""
[0.287s] -- Execute custom install script
[0.288s] -- Up-to-date symlink: /home/adm-vsp-dv/urdf_update/urdf/install/m_5326927_001_description/share/m_5326927_001_description/config/joint_names_m_5326927_001.yaml
[0.289s] -- Up-to-date symlink: /home/adm-vsp-dv/urdf_update/urdf/install/m_5326927_001_description/share/m_5326927_001_description/launch/display.launch
[0.289s] -- Up-to-date symlink: /home/adm-vsp-dv/urdf_update/urdf/install/m_5326927_001_description/share/m_5326927_001_description/launch/gazebo.launch
[0.289s] -- Up-to-date symlink: /home/adm-vsp-dv/urdf_update/urdf/install/m_5326927_001_description/share/m_5326927_001_description/meshes/base_link.STL
[0.289s] -- Up-to-date symlink: /home/adm-vsp-dv/urdf_update/urdf/install/m_5326927_001_description/share/m_5326927_001_description/urdf/m_5326927_001.csv
[0.289s] -- Up-to-date symlink: /home/adm-vsp-dv/urdf_update/urdf/install/m_5326927_001_description/share/m_5326927_001_description/urdf/m_5326927_001.urdf.xacro
[0.289s] -- Up-to-date symlink: /home/adm-vsp-dv/urdf_update/urdf/install/m_5326927_001_description/share/ament_index/resource_index/package_run_dependencies/m_5326927_001_description
[0.290s] -- Up-to-date symlink: /home/adm-vsp-dv/urdf_update/urdf/install/m_5326927_001_description/share/ament_index/resource_index/parent_prefix_path/m_5326927_001_description
[0.290s] -- Up-to-date symlink: /home/adm-vsp-dv/urdf_update/urdf/install/m_5326927_001_description/share/m_5326927_001_description/environment/ament_prefix_path.sh
[0.290s] -- Up-to-date symlink: /home/adm-vsp-dv/urdf_update/urdf/install/m_5326927_001_description/share/m_5326927_001_description/environment/ament_prefix_path.dsv
[0.290s] -- Up-to-date symlink: /home/adm-vsp-dv/urdf_update/urdf/install/m_5326927_001_description/share/m_5326927_001_description/environment/path.sh
[0.290s] -- Up-to-date symlink: /home/adm-vsp-dv/urdf_update/urdf/install/m_5326927_001_description/share/m_5326927_001_description/environment/path.dsv
[0.290s] -- Up-to-date symlink: /home/adm-vsp-dv/urdf_update/urdf/install/m_5326927_001_description/share/m_5326927_001_description/local_setup.bash
[0.290s] -- Up-to-date symlink: /home/adm-vsp-dv/urdf_update/urdf/install/m_5326927_001_description/share/m_5326927_001_description/local_setup.sh
[0.290s] -- Up-to-date symlink: /home/adm-vsp-dv/urdf_update/urdf/install/m_5326927_001_description/share/m_5326927_001_description/local_setup.zsh
[0.290s] -- Up-to-date symlink: /home/adm-vsp-dv/urdf_update/urdf/install/m_5326927_001_description/share/m_5326927_001_description/local_setup.dsv
[0.290s] -- Symlinking: /home/adm-vsp-dv/urdf_update/urdf/install/m_5326927_001_description/share/m_5326927_001_description/package.dsv
[0.291s] -- Up-to-date symlink: /home/adm-vsp-dv/urdf_update/urdf/install/m_5326927_001_description/share/ament_index/resource_index/packages/m_5326927_001_description
[0.291s] -- Up-to-date symlink: /home/adm-vsp-dv/urdf_update/urdf/install/m_5326927_001_description/share/m_5326927_001_description/cmake/m_5326927_001_descriptionConfig.cmake
[0.291s] -- Up-to-date symlink: /home/adm-vsp-dv/urdf_update/urdf/install/m_5326927_001_description/share/m_5326927_001_description/cmake/m_5326927_001_descriptionConfig-version.cmake
[0.291s] -- Up-to-date symlink: /home/adm-vsp-dv/urdf_update/urdf/install/m_5326927_001_description/share/m_5326927_001_description/package.xml
[0.384s] Invoked command in '/home/adm-vsp-dv/urdf_update/urdf/build/m_5326927_001_description' returned '0': CMAKE_PREFIX_PATH=${CMAKE_PREFIX_PATH}:/opt/ros/rolling DEBUGINFOD_URLS=https://debuginfod.ubuntu.com /usr/bin/cmake --install /home/adm-vsp-dv/urdf_update/urdf/build/m_5326927_001_description
