-- Install configuration: ""
-- Execute custom install script
-- Up-to-date symlink: /home/adm-vsp-dv/urdf_update/urdf/install/schunk_egp64_c_description/share/schunk_egp64_c_description/launch/display.launch.py
-- Up-to-date symlink: /home/adm-vsp-dv/urdf_update/urdf/install/schunk_egp64_c_description/share/schunk_egp64_c_description/meshes/finger_1_link.STL
-- Up-to-date symlink: /home/adm-vsp-dv/urdf_update/urdf/install/schunk_egp64_c_description/share/schunk_egp64_c_description/meshes/finger_2_link.STL
-- Up-to-date symlink: /home/adm-vsp-dv/urdf_update/urdf/install/schunk_egp64_c_description/share/schunk_egp64_c_description/meshes/housing_link.STL
-- Up-to-date symlink: /home/adm-vsp-dv/urdf_update/urdf/install/schunk_egp64_c_description/share/schunk_egp64_c_description/meshes/housing_link.dae
-- Up-to-date symlink: /home/adm-vsp-dv/urdf_update/urdf/install/schunk_egp64_c_description/share/schunk_egp64_c_description/urdf/example_schunk_egp64_c.urdf.xacro
-- Up-to-date symlink: /home/adm-vsp-dv/urdf_update/urdf/install/schunk_egp64_c_description/share/schunk_egp64_c_description/urdf/schunk_egp64_c.urdf.xacro
-- Up-to-date symlink: /home/adm-vsp-dv/urdf_update/urdf/install/schunk_egp64_c_description/share/ament_index/resource_index/package_run_dependencies/schunk_egp64_c_description
-- Up-to-date symlink: /home/adm-vsp-dv/urdf_update/urdf/install/schunk_egp64_c_description/share/ament_index/resource_index/parent_prefix_path/schunk_egp64_c_description
-- Up-to-date symlink: /home/adm-vsp-dv/urdf_update/urdf/install/schunk_egp64_c_description/share/schunk_egp64_c_description/environment/ament_prefix_path.sh
-- Up-to-date symlink: /home/adm-vsp-dv/urdf_update/urdf/install/schunk_egp64_c_description/share/schunk_egp64_c_description/environment/ament_prefix_path.dsv
-- Up-to-date symlink: /home/adm-vsp-dv/urdf_update/urdf/install/schunk_egp64_c_description/share/schunk_egp64_c_description/environment/path.sh
-- Up-to-date symlink: /home/adm-vsp-dv/urdf_update/urdf/install/schunk_egp64_c_description/share/schunk_egp64_c_description/environment/path.dsv
-- Up-to-date symlink: /home/adm-vsp-dv/urdf_update/urdf/install/schunk_egp64_c_description/share/schunk_egp64_c_description/local_setup.bash
-- Up-to-date symlink: /home/adm-vsp-dv/urdf_update/urdf/install/schunk_egp64_c_description/share/schunk_egp64_c_description/local_setup.sh
-- Up-to-date symlink: /home/adm-vsp-dv/urdf_update/urdf/install/schunk_egp64_c_description/share/schunk_egp64_c_description/local_setup.zsh
-- Up-to-date symlink: /home/adm-vsp-dv/urdf_update/urdf/install/schunk_egp64_c_description/share/schunk_egp64_c_description/local_setup.dsv
-- Up-to-date symlink: /home/adm-vsp-dv/urdf_update/urdf/install/schunk_egp64_c_description/share/schunk_egp64_c_description/package.dsv
-- Up-to-date symlink: /home/adm-vsp-dv/urdf_update/urdf/install/schunk_egp64_c_description/share/ament_index/resource_index/packages/schunk_egp64_c_description
-- Up-to-date symlink: /home/adm-vsp-dv/urdf_update/urdf/install/schunk_egp64_c_description/share/schunk_egp64_c_description/cmake/schunk_egp64_c_descriptionConfig.cmake
-- Up-to-date symlink: /home/adm-vsp-dv/urdf_update/urdf/install/schunk_egp64_c_description/share/schunk_egp64_c_description/cmake/schunk_egp64_c_descriptionConfig-version.cmake
-- Up-to-date symlink: /home/adm-vsp-dv/urdf_update/urdf/install/schunk_egp64_c_description/share/schunk_egp64_c_description/package.xml
