[0.074s] Invoking command in '/home/adm-vsp-dv/urdf_update/urdf/build/m_2154940_001_description': CMAKE_PREFIX_PATH=${CMAKE_PREFIX_PATH}:/opt/ros/rolling DEBUGINFOD_URLS=https://debuginfod.ubuntu.com /usr/bin/cmake --build /home/adm-vsp-dv/urdf_update/urdf/build/m_2154940_001_description -- -j8 -l8
[0.182s] Invoked command in '/home/adm-vsp-dv/urdf_update/urdf/build/m_2154940_001_description' returned '0': CMAKE_PREFIX_PATH=${CMAKE_PREFIX_PATH}:/opt/ros/rolling DEBUGINFOD_URLS=https://debuginfod.ubuntu.com /usr/bin/cmake --build /home/adm-vsp-dv/urdf_update/urdf/build/m_2154940_001_description -- -j8 -l8
[0.236s] Invoking command in '/home/adm-vsp-dv/urdf_update/urdf/build/m_2154940_001_description': CMAKE_PREFIX_PATH=${CMAKE_PREFIX_PATH}:/opt/ros/rolling DEBUGINFOD_URLS=https://debuginfod.ubuntu.com /usr/bin/cmake --install /home/adm-vsp-dv/urdf_update/urdf/build/m_2154940_001_description
[0.256s] -- Install configuration: ""
[0.256s] -- Execute custom install script
[0.256s] -- Up-to-date symlink: /home/adm-vsp-dv/urdf_update/urdf/install/m_2154940_001_description/share/m_2154940_001_description/config/joint_names_m_2154940_001.yaml
[0.258s] -- Up-to-date symlink: /home/adm-vsp-dv/urdf_update/urdf/install/m_2154940_001_description/share/m_2154940_001_description/launch/display.launch
[0.258s] -- Up-to-date symlink: /home/adm-vsp-dv/urdf_update/urdf/install/m_2154940_001_description/share/m_2154940_001_description/launch/gazebo.launch
[0.259s] -- Up-to-date symlink: /home/adm-vsp-dv/urdf_update/urdf/install/m_2154940_001_description/share/m_2154940_001_description/meshes/base_link.STL
[0.259s] -- Up-to-date symlink: /home/adm-vsp-dv/urdf_update/urdf/install/m_2154940_001_description/share/m_2154940_001_description/urdf/m_2154940_001.csv
[0.260s] -- Up-to-date symlink: /home/adm-vsp-dv/urdf_update/urdf/install/m_2154940_001_description/share/m_2154940_001_description/urdf/m_2154940_001.urdf.xacro
[0.260s] -- Up-to-date symlink: /home/adm-vsp-dv/urdf_update/urdf/install/m_2154940_001_description/share/ament_index/resource_index/package_run_dependencies/m_2154940_001_description
[0.266s] -- Up-to-date symlink: /home/adm-vsp-dv/urdf_update/urdf/install/m_2154940_001_description/share/ament_index/resource_index/parent_prefix_path/m_2154940_001_description
[0.267s] -- Up-to-date symlink: /home/adm-vsp-dv/urdf_update/urdf/install/m_2154940_001_description/share/m_2154940_001_description/environment/ament_prefix_path.sh
[0.267s] -- Up-to-date symlink: /home/adm-vsp-dv/urdf_update/urdf/install/m_2154940_001_description/share/m_2154940_001_description/environment/ament_prefix_path.dsv
[0.267s] -- Up-to-date symlink: /home/adm-vsp-dv/urdf_update/urdf/install/m_2154940_001_description/share/m_2154940_001_description/environment/path.sh
[0.267s] -- Up-to-date symlink: /home/adm-vsp-dv/urdf_update/urdf/install/m_2154940_001_description/share/m_2154940_001_description/environment/path.dsv
[0.268s] -- Up-to-date symlink: /home/adm-vsp-dv/urdf_update/urdf/install/m_2154940_001_description/share/m_2154940_001_description/local_setup.bash
[0.268s] -- Up-to-date symlink: /home/adm-vsp-dv/urdf_update/urdf/install/m_2154940_001_description/share/m_2154940_001_description/local_setup.sh
[0.268s] -- Up-to-date symlink: /home/adm-vsp-dv/urdf_update/urdf/install/m_2154940_001_description/share/m_2154940_001_description/local_setup.zsh
[0.269s] -- Up-to-date symlink: /home/adm-vsp-dv/urdf_update/urdf/install/m_2154940_001_description/share/m_2154940_001_description/local_setup.dsv
[0.269s] -- Symlinking: /home/adm-vsp-dv/urdf_update/urdf/install/m_2154940_001_description/share/m_2154940_001_description/package.dsv
[0.283s] -- Up-to-date symlink: /home/adm-vsp-dv/urdf_update/urdf/install/m_2154940_001_description/share/ament_index/resource_index/packages/m_2154940_001_description
[0.283s] -- Up-to-date symlink: /home/adm-vsp-dv/urdf_update/urdf/install/m_2154940_001_description/share/m_2154940_001_description/cmake/m_2154940_001_descriptionConfig.cmake
[0.284s] -- Up-to-date symlink: /home/adm-vsp-dv/urdf_update/urdf/install/m_2154940_001_description/share/m_2154940_001_description/cmake/m_2154940_001_descriptionConfig-version.cmake
[0.285s] -- Up-to-date symlink: /home/adm-vsp-dv/urdf_update/urdf/install/m_2154940_001_description/share/m_2154940_001_description/package.xml
[0.323s] Invoked command in '/home/adm-vsp-dv/urdf_update/urdf/build/m_2154940_001_description' returned '0': CMAKE_PREFIX_PATH=${CMAKE_PREFIX_PATH}:/opt/ros/rolling DEBUGINFOD_URLS=https://debuginfod.ubuntu.com /usr/bin/cmake --install /home/adm-vsp-dv/urdf_update/urdf/build/m_2154940_001_description
