[0.068s] Invoking command in '/home/adm-vsp-dv/urdf_update/urdf/build/cvrb0609_description': CMAKE_PREFIX_PATH=${CMAKE_PREFIX_PATH}:/opt/ros/rolling DEBUGINFOD_URLS=https://debuginfod.ubuntu.com /usr/bin/cmake /home/adm-vsp-dv/urdf_update/urdf/component_models-main/std_components/cvrb0609_description -DAMENT_CMAKE_SYMLINK_INSTALL=1 -DCMAKE_INSTALL_PREFIX=/home/adm-vsp-dv/urdf_update/urdf/install/cvrb0609_description
[0.218s] -- The C compiler identification is GNU 13.2.0
[0.422s] -- The CXX compiler identification is GNU 13.2.0
[0.461s] -- Detecting C compiler ABI info
[0.666s] -- Detecting C compiler ABI info - done
[0.704s] -- Check for working C compiler: /usr/bin/cc - skipped
[0.708s] -- Detecting C compile features
[0.708s] -- Detecting C compile features - done
[0.736s] -- Detecting CXX compiler ABI info
[0.998s] -- Detecting CXX compiler ABI info - done
[1.025s] -- Check for working CXX compiler: /usr/bin/c++ - skipped
[1.026s] -- Detecting CXX compile features
[1.027s] -- Detecting CXX compile features - done
[1.039s] -- Found ament_cmake: 2.7.0 (/opt/ros/rolling/share/ament_cmake/cmake)
[1.476s] -- Found Python3: /usr/bin/python3 (found version "3.12.3") found components: Interpreter 
[1.696s] -- Override CMake install command with custom implementation using symlinks instead of copying resources
[2.029s] -- Configuring done (1.9s)
[2.030s] -- Generating done (0.0s)
[2.032s] -- Build files have been written to: /home/adm-vsp-dv/urdf_update/urdf/build/cvrb0609_description
[2.045s] Invoked command in '/home/adm-vsp-dv/urdf_update/urdf/build/cvrb0609_description' returned '0': CMAKE_PREFIX_PATH=${CMAKE_PREFIX_PATH}:/opt/ros/rolling DEBUGINFOD_URLS=https://debuginfod.ubuntu.com /usr/bin/cmake /home/adm-vsp-dv/urdf_update/urdf/component_models-main/std_components/cvrb0609_description -DAMENT_CMAKE_SYMLINK_INSTALL=1 -DCMAKE_INSTALL_PREFIX=/home/adm-vsp-dv/urdf_update/urdf/install/cvrb0609_description
[2.047s] Invoking command in '/home/adm-vsp-dv/urdf_update/urdf/build/cvrb0609_description': CMAKE_PREFIX_PATH=${CMAKE_PREFIX_PATH}:/opt/ros/rolling DEBUGINFOD_URLS=https://debuginfod.ubuntu.com /usr/bin/cmake --build /home/adm-vsp-dv/urdf_update/urdf/build/cvrb0609_description -- -j8 -l8
