[0.050s] Invoking command in '/home/adm-vsp-dv/urdf_update/urdf/build/motoman_gp7_description': CMAKE_PREFIX_PATH=${CMAKE_PREFIX_PATH}:/opt/ros/rolling DEBUGINFOD_URLS=https://debuginfod.ubuntu.com /usr/bin/cmake /home/adm-vsp-dv/urdf_update/urdf/motoman_gp7_description -DAMENT_CMAKE_SYMLINK_INSTALL=1 -DCMAKE_INSTALL_PREFIX=/home/adm-vsp-dv/urdf_update/urdf/install/motoman_gp7_description
[0.198s] -- The C compiler identification is GNU 13.2.0
[0.360s] -- The CXX compiler identification is GNU 13.2.0
[0.407s] -- Detecting C compiler ABI info
[0.582s] -- Detecting C compiler ABI info - done
[0.609s] -- Check for working C compiler: /usr/bin/cc - skipped
[0.609s] -- Detecting C compile features
[0.610s] -- Detecting C compile features - done
[0.632s] -- Detecting CXX compiler ABI info
[0.876s] -- Detecting CXX compiler ABI info - done
[0.927s] -- Check for working CXX compiler: /usr/bin/c++ - skipped
[0.928s] -- Detecting CXX compile features
[0.931s] -- Detecting CXX compile features - done
[0.938s] -- Found ament_cmake: 2.7.0 (/opt/ros/rolling/share/ament_cmake/cmake)
[1.358s] -- Found Python3: /usr/bin/python3 (found version "3.12.3") found components: Interpreter 
[1.548s] -- Override CMake install command with custom implementation using symlinks instead of copying resources
[1.691s] -- Found xacro: 2.0.11 (/opt/ros/rolling/share/xacro/cmake)
[1.699s] -- Found ament_lint_auto: 0.18.1 (/opt/ros/rolling/share/ament_lint_auto/cmake)
[1.946s] -- Added test 'flake8' to check Python code syntax and style conventions
[1.946s] -- Configured 'flake8' exclude dirs and/or files: 
[1.949s] -- Added test 'lint_cmake' to check CMake code style
[1.952s] -- Added test 'pep257' to check Python code against some of the docstring style conventions in PEP 257
[1.957s] -- Added test 'xmllint' to check XML markup files
[1.961s] -- Configuring done (1.9s)
[1.970s] -- Generating done (0.0s)
[1.976s] -- Build files have been written to: /home/adm-vsp-dv/urdf_update/urdf/build/motoman_gp7_description
[1.980s] Invoked command in '/home/adm-vsp-dv/urdf_update/urdf/build/motoman_gp7_description' returned '0': CMAKE_PREFIX_PATH=${CMAKE_PREFIX_PATH}:/opt/ros/rolling DEBUGINFOD_URLS=https://debuginfod.ubuntu.com /usr/bin/cmake /home/adm-vsp-dv/urdf_update/urdf/motoman_gp7_description -DAMENT_CMAKE_SYMLINK_INSTALL=1 -DCMAKE_INSTALL_PREFIX=/home/adm-vsp-dv/urdf_update/urdf/install/motoman_gp7_description
[1.982s] Invoking command in '/home/adm-vsp-dv/urdf_update/urdf/build/motoman_gp7_description': CMAKE_PREFIX_PATH=${CMAKE_PREFIX_PATH}:/opt/ros/rolling DEBUGINFOD_URLS=https://debuginfod.ubuntu.com /usr/bin/cmake --build /home/adm-vsp-dv/urdf_update/urdf/build/motoman_gp7_description -- -j8 -l8
