[0.048s] Invoking command in '/home/adm-vsp-dv/urdf_update/urdf/build/motoman_resources': CMAKE_PREFIX_PATH=${CMAKE_PREFIX_PATH}:/opt/ros/rolling DEBUGINFOD_URLS=https://debuginfod.ubuntu.com /usr/bin/cmake --build /home/adm-vsp-dv/urdf_update/urdf/build/motoman_resources -- -j8 -l8
[0.112s] Invoked command in '/home/adm-vsp-dv/urdf_update/urdf/build/motoman_resources' returned '0': CMAKE_PREFIX_PATH=${CMAKE_PREFIX_PATH}:/opt/ros/rolling DEBUGINFOD_URLS=https://debuginfod.ubuntu.com /usr/bin/cmake --build /home/adm-vsp-dv/urdf_update/urdf/build/motoman_resources -- -j8 -l8
[0.146s] Invoking command in '/home/adm-vsp-dv/urdf_update/urdf/build/motoman_resources': CMAKE_PREFIX_PATH=${CMAKE_PREFIX_PATH}:/opt/ros/rolling DEBUGINFOD_URLS=https://debuginfod.ubuntu.com /usr/bin/cmake --install /home/adm-vsp-dv/urdf_update/urdf/build/motoman_resources
[0.172s] -- Install configuration: ""
[0.172s] -- Execute custom install script
[0.172s] -- Up-to-date symlink: /home/adm-vsp-dv/urdf_update/urdf/install/motoman_resources/share/motoman_resources/urdf/common_colors.xacro
[0.173s] -- Up-to-date symlink: /home/adm-vsp-dv/urdf_update/urdf/install/motoman_resources/share/motoman_resources/urdf/common_materials.xacro
[0.173s] -- Up-to-date symlink: /home/adm-vsp-dv/urdf_update/urdf/install/motoman_resources/share/ament_index/resource_index/package_run_dependencies/motoman_resources
[0.173s] -- Up-to-date symlink: /home/adm-vsp-dv/urdf_update/urdf/install/motoman_resources/share/ament_index/resource_index/parent_prefix_path/motoman_resources
[0.173s] -- Up-to-date symlink: /home/adm-vsp-dv/urdf_update/urdf/install/motoman_resources/share/motoman_resources/environment/ament_prefix_path.sh
[0.175s] -- Up-to-date symlink: /home/adm-vsp-dv/urdf_update/urdf/install/motoman_resources/share/motoman_resources/environment/ament_prefix_path.dsv
[0.176s] -- Up-to-date symlink: /home/adm-vsp-dv/urdf_update/urdf/install/motoman_resources/share/motoman_resources/environment/path.sh
[0.176s] -- Up-to-date symlink: /home/adm-vsp-dv/urdf_update/urdf/install/motoman_resources/share/motoman_resources/environment/path.dsv
[0.177s] -- Up-to-date symlink: /home/adm-vsp-dv/urdf_update/urdf/install/motoman_resources/share/motoman_resources/local_setup.bash
[0.178s] -- Up-to-date symlink: /home/adm-vsp-dv/urdf_update/urdf/install/motoman_resources/share/motoman_resources/local_setup.sh
[0.179s] -- Up-to-date symlink: /home/adm-vsp-dv/urdf_update/urdf/install/motoman_resources/share/motoman_resources/local_setup.zsh
[0.179s] -- Up-to-date symlink: /home/adm-vsp-dv/urdf_update/urdf/install/motoman_resources/share/motoman_resources/local_setup.dsv
[0.179s] -- Symlinking: /home/adm-vsp-dv/urdf_update/urdf/install/motoman_resources/share/motoman_resources/package.dsv
[0.189s] -- Up-to-date symlink: /home/adm-vsp-dv/urdf_update/urdf/install/motoman_resources/share/ament_index/resource_index/packages/motoman_resources
[0.190s] -- Up-to-date symlink: /home/adm-vsp-dv/urdf_update/urdf/install/motoman_resources/share/motoman_resources/cmake/motoman_resourcesConfig.cmake
[0.190s] -- Up-to-date symlink: /home/adm-vsp-dv/urdf_update/urdf/install/motoman_resources/share/motoman_resources/cmake/motoman_resourcesConfig-version.cmake
[0.190s] -- Up-to-date symlink: /home/adm-vsp-dv/urdf_update/urdf/install/motoman_resources/share/motoman_resources/package.xml
[0.229s] Invoked command in '/home/adm-vsp-dv/urdf_update/urdf/build/motoman_resources' returned '0': CMAKE_PREFIX_PATH=${CMAKE_PREFIX_PATH}:/opt/ros/rolling DEBUGINFOD_URLS=https://debuginfod.ubuntu.com /usr/bin/cmake --install /home/adm-vsp-dv/urdf_update/urdf/build/motoman_resources
