[0.099s] Invoking command in '/home/adm-vsp-dv/urdf_update/urdf/build/schunk_egp64_c_description': CMAKE_PREFIX_PATH=${CMAKE_PREFIX_PATH}:/opt/ros/rolling DEBUGINFOD_URLS=https://debuginfod.ubuntu.com /usr/bin/cmake --build /home/adm-vsp-dv/urdf_update/urdf/build/schunk_egp64_c_description -- -j8 -l8
[0.180s] Invoked command in '/home/adm-vsp-dv/urdf_update/urdf/build/schunk_egp64_c_description' returned '0': CMAKE_PREFIX_PATH=${CMAKE_PREFIX_PATH}:/opt/ros/rolling DEBUGINFOD_URLS=https://debuginfod.ubuntu.com /usr/bin/cmake --build /home/adm-vsp-dv/urdf_update/urdf/build/schunk_egp64_c_description -- -j8 -l8
[0.230s] Invoking command in '/home/adm-vsp-dv/urdf_update/urdf/build/schunk_egp64_c_description': CMAKE_PREFIX_PATH=${CMAKE_PREFIX_PATH}:/opt/ros/rolling DEBUGINFOD_URLS=https://debuginfod.ubuntu.com /usr/bin/cmake --install /home/adm-vsp-dv/urdf_update/urdf/build/schunk_egp64_c_description
[0.265s] -- Install configuration: ""
[0.272s] -- Execute custom install script
[0.272s] -- Up-to-date symlink: /home/adm-vsp-dv/urdf_update/urdf/install/schunk_egp64_c_description/share/schunk_egp64_c_description/launch/display.launch.py
[0.274s] -- Up-to-date symlink: /home/adm-vsp-dv/urdf_update/urdf/install/schunk_egp64_c_description/share/schunk_egp64_c_description/meshes/finger_1_link.STL
[0.275s] -- Up-to-date symlink: /home/adm-vsp-dv/urdf_update/urdf/install/schunk_egp64_c_description/share/schunk_egp64_c_description/meshes/finger_2_link.STL
[0.280s] -- Up-to-date symlink: /home/adm-vsp-dv/urdf_update/urdf/install/schunk_egp64_c_description/share/schunk_egp64_c_description/meshes/housing_link.STL
[0.280s] -- Up-to-date symlink: /home/adm-vsp-dv/urdf_update/urdf/install/schunk_egp64_c_description/share/schunk_egp64_c_description/meshes/housing_link.dae
[0.280s] -- Up-to-date symlink: /home/adm-vsp-dv/urdf_update/urdf/install/schunk_egp64_c_description/share/schunk_egp64_c_description/urdf/example_schunk_egp64_c.urdf.xacro
[0.280s] -- Up-to-date symlink: /home/adm-vsp-dv/urdf_update/urdf/install/schunk_egp64_c_description/share/schunk_egp64_c_description/urdf/schunk_egp64_c.urdf.xacro
[0.281s] -- Up-to-date symlink: /home/adm-vsp-dv/urdf_update/urdf/install/schunk_egp64_c_description/share/ament_index/resource_index/package_run_dependencies/schunk_egp64_c_description
[0.281s] -- Up-to-date symlink: /home/adm-vsp-dv/urdf_update/urdf/install/schunk_egp64_c_description/share/ament_index/resource_index/parent_prefix_path/schunk_egp64_c_description
[0.281s] -- Up-to-date symlink: /home/adm-vsp-dv/urdf_update/urdf/install/schunk_egp64_c_description/share/schunk_egp64_c_description/environment/ament_prefix_path.sh
[0.281s] -- Up-to-date symlink: /home/adm-vsp-dv/urdf_update/urdf/install/schunk_egp64_c_description/share/schunk_egp64_c_description/environment/ament_prefix_path.dsv
[0.282s] -- Up-to-date symlink: /home/adm-vsp-dv/urdf_update/urdf/install/schunk_egp64_c_description/share/schunk_egp64_c_description/environment/path.sh
[0.282s] -- Up-to-date symlink: /home/adm-vsp-dv/urdf_update/urdf/install/schunk_egp64_c_description/share/schunk_egp64_c_description/environment/path.dsv
[0.282s] -- Up-to-date symlink: /home/adm-vsp-dv/urdf_update/urdf/install/schunk_egp64_c_description/share/schunk_egp64_c_description/local_setup.bash
[0.282s] -- Up-to-date symlink: /home/adm-vsp-dv/urdf_update/urdf/install/schunk_egp64_c_description/share/schunk_egp64_c_description/local_setup.sh
[0.283s] -- Up-to-date symlink: /home/adm-vsp-dv/urdf_update/urdf/install/schunk_egp64_c_description/share/schunk_egp64_c_description/local_setup.zsh
[0.283s] -- Up-to-date symlink: /home/adm-vsp-dv/urdf_update/urdf/install/schunk_egp64_c_description/share/schunk_egp64_c_description/local_setup.dsv
[0.283s] -- Symlinking: /home/adm-vsp-dv/urdf_update/urdf/install/schunk_egp64_c_description/share/schunk_egp64_c_description/package.dsv
[0.296s] -- Up-to-date symlink: /home/adm-vsp-dv/urdf_update/urdf/install/schunk_egp64_c_description/share/ament_index/resource_index/packages/schunk_egp64_c_description
[0.297s] -- Up-to-date symlink: /home/adm-vsp-dv/urdf_update/urdf/install/schunk_egp64_c_description/share/schunk_egp64_c_description/cmake/schunk_egp64_c_descriptionConfig.cmake
[0.298s] -- Up-to-date symlink: /home/adm-vsp-dv/urdf_update/urdf/install/schunk_egp64_c_description/share/schunk_egp64_c_description/cmake/schunk_egp64_c_descriptionConfig-version.cmake
[0.299s] -- Up-to-date symlink: /home/adm-vsp-dv/urdf_update/urdf/install/schunk_egp64_c_description/share/schunk_egp64_c_description/package.xml
[0.316s] Invoked command in '/home/adm-vsp-dv/urdf_update/urdf/build/schunk_egp64_c_description' returned '0': CMAKE_PREFIX_PATH=${CMAKE_PREFIX_PATH}:/opt/ros/rolling DEBUGINFOD_URLS=https://debuginfod.ubuntu.com /usr/bin/cmake --install /home/adm-vsp-dv/urdf_update/urdf/build/schunk_egp64_c_description
