-- The C compiler identification is GNU 13.2.0
-- The CXX compiler identification is GNU 13.2.0
-- Detecting C compiler ABI info
-- Detecting C compiler ABI info - done
-- Check for working C compiler: /usr/bin/cc - skipped
-- Detecting C compile features
-- Detecting C compile features - done
-- Detecting CXX compiler ABI info
-- Detecting CXX compiler ABI info - done
-- Check for working CXX compiler: /usr/bin/c++ - skipped
-- Detecting CXX compile features
-- Detecting CXX compile features - done
-- Found ament_cmake: 2.7.0 (/opt/ros/rolling/share/ament_cmake/cmake)
-- Found Python3: /usr/bin/python3 (found version "3.12.3") found components: Interpreter 
-- Override CMake install command with custom implementation using symlinks instead of copying resources
-- Configuring done (1.8s)
-- Generating done (0.0s)
-- Build files have been written to: /home/adm-vsp-dv/urdf_update/urdf/build/pneumatic_disassembly_unit_description
-- Install configuration: ""
-- Execute custom install script
-- Symlinking: /home/adm-vsp-dv/urdf_update/urdf/install/pneumatic_disassembly_unit_description/share/pneumatic_disassembly_unit_description/launch/display.launch.py
-- Symlinking: /home/adm-vsp-dv/urdf_update/urdf/install/pneumatic_disassembly_unit_description/share/pneumatic_disassembly_unit_description/meshes/base_plate_link1.dae
-- Symlinking: /home/adm-vsp-dv/urdf_update/urdf/install/pneumatic_disassembly_unit_description/share/pneumatic_disassembly_unit_description/meshes/pull_cylinder_link.STL
-- Symlinking: /home/adm-vsp-dv/urdf_update/urdf/install/pneumatic_disassembly_unit_description/share/pneumatic_disassembly_unit_description/meshes/pull_cylinder_link.dae
-- Symlinking: /home/adm-vsp-dv/urdf_update/urdf/install/pneumatic_disassembly_unit_description/share/pneumatic_disassembly_unit_description/meshes/push_cylinder_link.STL
-- Symlinking: /home/adm-vsp-dv/urdf_update/urdf/install/pneumatic_disassembly_unit_description/share/pneumatic_disassembly_unit_description/meshes/push_cylinder_link.dae
-- Symlinking: /home/adm-vsp-dv/urdf_update/urdf/install/pneumatic_disassembly_unit_description/share/pneumatic_disassembly_unit_description/urdf/example.png
-- Symlinking: /home/adm-vsp-dv/urdf_update/urdf/install/pneumatic_disassembly_unit_description/share/pneumatic_disassembly_unit_description/urdf/examplepneumatic_disassembly_unit.urdf.xacro
-- Symlinking: /home/adm-vsp-dv/urdf_update/urdf/install/pneumatic_disassembly_unit_description/share/pneumatic_disassembly_unit_description/urdf/pneumatic_disassembly_unit.urdf.xacro
-- Symlinking: /home/adm-vsp-dv/urdf_update/urdf/install/pneumatic_disassembly_unit_description/share/ament_index/resource_index/package_run_dependencies/pneumatic_disassembly_unit_description
-- Symlinking: /home/adm-vsp-dv/urdf_update/urdf/install/pneumatic_disassembly_unit_description/share/ament_index/resource_index/parent_prefix_path/pneumatic_disassembly_unit_description
-- Symlinking: /home/adm-vsp-dv/urdf_update/urdf/install/pneumatic_disassembly_unit_description/share/pneumatic_disassembly_unit_description/environment/ament_prefix_path.sh
-- Symlinking: /home/adm-vsp-dv/urdf_update/urdf/install/pneumatic_disassembly_unit_description/share/pneumatic_disassembly_unit_description/environment/ament_prefix_path.dsv
-- Symlinking: /home/adm-vsp-dv/urdf_update/urdf/install/pneumatic_disassembly_unit_description/share/pneumatic_disassembly_unit_description/environment/path.sh
-- Symlinking: /home/adm-vsp-dv/urdf_update/urdf/install/pneumatic_disassembly_unit_description/share/pneumatic_disassembly_unit_description/environment/path.dsv
-- Symlinking: /home/adm-vsp-dv/urdf_update/urdf/install/pneumatic_disassembly_unit_description/share/pneumatic_disassembly_unit_description/local_setup.bash
-- Symlinking: /home/adm-vsp-dv/urdf_update/urdf/install/pneumatic_disassembly_unit_description/share/pneumatic_disassembly_unit_description/local_setup.sh
-- Symlinking: /home/adm-vsp-dv/urdf_update/urdf/install/pneumatic_disassembly_unit_description/share/pneumatic_disassembly_unit_description/local_setup.zsh
-- Symlinking: /home/adm-vsp-dv/urdf_update/urdf/install/pneumatic_disassembly_unit_description/share/pneumatic_disassembly_unit_description/local_setup.dsv
-- Symlinking: /home/adm-vsp-dv/urdf_update/urdf/install/pneumatic_disassembly_unit_description/share/pneumatic_disassembly_unit_description/package.dsv
-- Symlinking: /home/adm-vsp-dv/urdf_update/urdf/install/pneumatic_disassembly_unit_description/share/ament_index/resource_index/packages/pneumatic_disassembly_unit_description
-- Symlinking: /home/adm-vsp-dv/urdf_update/urdf/install/pneumatic_disassembly_unit_description/share/pneumatic_disassembly_unit_description/cmake/pneumatic_disassembly_unit_descriptionConfig.cmake
-- Symlinking: /home/adm-vsp-dv/urdf_update/urdf/install/pneumatic_disassembly_unit_description/share/pneumatic_disassembly_unit_description/cmake/pneumatic_disassembly_unit_descriptionConfig-version.cmake
-- Symlinking: /home/adm-vsp-dv/urdf_update/urdf/install/pneumatic_disassembly_unit_description/share/pneumatic_disassembly_unit_description/package.xml
