-- Install configuration: ""
-- Execute custom install script
-- Symlinking: /home/adm-vsp-dv/urdf_update/urdf/install/motoman_gp7_description/share/motoman_gp7_description/config/joint_names_gp7.yaml
-- Symlinking: /home/adm-vsp-dv/urdf_update/urdf/install/motoman_gp7_description/share/motoman_gp7_description/config/view.rviz
-- Symlinking: /home/adm-vsp-dv/urdf_update/urdf/install/motoman_gp7_description/share/motoman_gp7_description/launch/view_gp7.launch.py
-- Symlinking: /home/adm-vsp-dv/urdf_update/urdf/install/motoman_gp7_description/share/motoman_gp7_description/urdf/gp7.xacro
-- Symlinking: /home/adm-vsp-dv/urdf_update/urdf/install/motoman_gp7_description/share/motoman_gp7_description/urdf/gp7_macro.xacro
-- Symlinking: /home/adm-vsp-dv/urdf_update/urdf/install/motoman_gp7_description/share/motoman_gp7_description/meshes/collision/gp7_base_link.stl
-- Symlinking: /home/adm-vsp-dv/urdf_update/urdf/install/motoman_gp7_description/share/motoman_gp7_description/meshes/collision/gp7_link_1_s.stl
-- Symlinking: /home/adm-vsp-dv/urdf_update/urdf/install/motoman_gp7_description/share/motoman_gp7_description/meshes/collision/gp7_link_2_l.stl
-- Symlinking: /home/adm-vsp-dv/urdf_update/urdf/install/motoman_gp7_description/share/motoman_gp7_description/meshes/collision/gp7_link_3_u.stl
-- Symlinking: /home/adm-vsp-dv/urdf_update/urdf/install/motoman_gp7_description/share/motoman_gp7_description/meshes/collision/gp7_link_4_r.stl
-- Symlinking: /home/adm-vsp-dv/urdf_update/urdf/install/motoman_gp7_description/share/motoman_gp7_description/meshes/collision/gp7_link_5_b.stl
-- Symlinking: /home/adm-vsp-dv/urdf_update/urdf/install/motoman_gp7_description/share/motoman_gp7_description/meshes/collision/gp7_link_6_t.stl
-- Symlinking: /home/adm-vsp-dv/urdf_update/urdf/install/motoman_gp7_description/share/motoman_gp7_description/meshes/visual/gp7_base_link.stl
-- Symlinking: /home/adm-vsp-dv/urdf_update/urdf/install/motoman_gp7_description/share/motoman_gp7_description/meshes/visual/gp7_link_1_s.stl
-- Symlinking: /home/adm-vsp-dv/urdf_update/urdf/install/motoman_gp7_description/share/motoman_gp7_description/meshes/visual/gp7_link_2_l.stl
-- Symlinking: /home/adm-vsp-dv/urdf_update/urdf/install/motoman_gp7_description/share/motoman_gp7_description/meshes/visual/gp7_link_3_u.stl
-- Symlinking: /home/adm-vsp-dv/urdf_update/urdf/install/motoman_gp7_description/share/motoman_gp7_description/meshes/visual/gp7_link_4_r.stl
-- Symlinking: /home/adm-vsp-dv/urdf_update/urdf/install/motoman_gp7_description/share/motoman_gp7_description/meshes/visual/gp7_link_5_b.stl
-- Symlinking: /home/adm-vsp-dv/urdf_update/urdf/install/motoman_gp7_description/share/motoman_gp7_description/meshes/visual/gp7_link_6_t.stl
-- Symlinking: /home/adm-vsp-dv/urdf_update/urdf/install/motoman_gp7_description/share/ament_index/resource_index/package_run_dependencies/motoman_gp7_description
-- Symlinking: /home/adm-vsp-dv/urdf_update/urdf/install/motoman_gp7_description/share/ament_index/resource_index/parent_prefix_path/motoman_gp7_description
-- Symlinking: /home/adm-vsp-dv/urdf_update/urdf/install/motoman_gp7_description/share/motoman_gp7_description/environment/ament_prefix_path.sh
-- Symlinking: /home/adm-vsp-dv/urdf_update/urdf/install/motoman_gp7_description/share/motoman_gp7_description/environment/ament_prefix_path.dsv
-- Symlinking: /home/adm-vsp-dv/urdf_update/urdf/install/motoman_gp7_description/share/motoman_gp7_description/environment/path.sh
-- Symlinking: /home/adm-vsp-dv/urdf_update/urdf/install/motoman_gp7_description/share/motoman_gp7_description/environment/path.dsv
-- Symlinking: /home/adm-vsp-dv/urdf_update/urdf/install/motoman_gp7_description/share/motoman_gp7_description/local_setup.bash
-- Symlinking: /home/adm-vsp-dv/urdf_update/urdf/install/motoman_gp7_description/share/motoman_gp7_description/local_setup.sh
-- Symlinking: /home/adm-vsp-dv/urdf_update/urdf/install/motoman_gp7_description/share/motoman_gp7_description/local_setup.zsh
-- Symlinking: /home/adm-vsp-dv/urdf_update/urdf/install/motoman_gp7_description/share/motoman_gp7_description/local_setup.dsv
-- Symlinking: /home/adm-vsp-dv/urdf_update/urdf/install/motoman_gp7_description/share/motoman_gp7_description/package.dsv
-- Symlinking: /home/adm-vsp-dv/urdf_update/urdf/install/motoman_gp7_description/share/ament_index/resource_index/packages/motoman_gp7_description
-- Symlinking: /home/adm-vsp-dv/urdf_update/urdf/install/motoman_gp7_description/share/motoman_gp7_description/cmake/motoman_gp7_descriptionConfig.cmake
-- Symlinking: /home/adm-vsp-dv/urdf_update/urdf/install/motoman_gp7_description/share/motoman_gp7_description/cmake/motoman_gp7_descriptionConfig-version.cmake
-- Symlinking: /home/adm-vsp-dv/urdf_update/urdf/install/motoman_gp7_description/share/motoman_gp7_description/package.xml
