[0.041s] Invoking command in '/home/adm-vsp-dv/urdf_update/urdf/build/m_4730788_001_description': CMAKE_PREFIX_PATH=${CMAKE_PREFIX_PATH}:/opt/ros/rolling DEBUGINFOD_URLS=https://debuginfod.ubuntu.com /usr/bin/cmake --build /home/adm-vsp-dv/urdf_update/urdf/build/m_4730788_001_description -- -j8 -l8
[0.109s] Invoked command in '/home/adm-vsp-dv/urdf_update/urdf/build/m_4730788_001_description' returned '0': CMAKE_PREFIX_PATH=${CMAKE_PREFIX_PATH}:/opt/ros/rolling DEBUGINFOD_URLS=https://debuginfod.ubuntu.com /usr/bin/cmake --build /home/adm-vsp-dv/urdf_update/urdf/build/m_4730788_001_description -- -j8 -l8
[0.148s] Invoking command in '/home/adm-vsp-dv/urdf_update/urdf/build/m_4730788_001_description': CMAKE_PREFIX_PATH=${CMAKE_PREFIX_PATH}:/opt/ros/rolling DEBUGINFOD_URLS=https://debuginfod.ubuntu.com /usr/bin/cmake --install /home/adm-vsp-dv/urdf_update/urdf/build/m_4730788_001_description
[0.177s] -- Install configuration: ""
[0.177s] -- Execute custom install script
[0.177s] -- Up-to-date symlink: /home/adm-vsp-dv/urdf_update/urdf/install/m_4730788_001_description/share/m_4730788_001_description/config/joint_names_m_4730788_001.yaml
[0.177s] -- Up-to-date symlink: /home/adm-vsp-dv/urdf_update/urdf/install/m_4730788_001_description/share/m_4730788_001_description/launch/display.launch
[0.177s] -- Up-to-date symlink: /home/adm-vsp-dv/urdf_update/urdf/install/m_4730788_001_description/share/m_4730788_001_description/launch/gazebo.launch
[0.177s] -- Up-to-date symlink: /home/adm-vsp-dv/urdf_update/urdf/install/m_4730788_001_description/share/m_4730788_001_description/meshes/base_link.STL
[0.178s] -- Up-to-date symlink: /home/adm-vsp-dv/urdf_update/urdf/install/m_4730788_001_description/share/m_4730788_001_description/meshes/link_1.STL
[0.178s] -- Up-to-date symlink: /home/adm-vsp-dv/urdf_update/urdf/install/m_4730788_001_description/share/m_4730788_001_description/meshes/link_2.STL
[0.178s] -- Up-to-date symlink: /home/adm-vsp-dv/urdf_update/urdf/install/m_4730788_001_description/share/m_4730788_001_description/urdf/m_4730788_001.csv
[0.185s] -- Up-to-date symlink: /home/adm-vsp-dv/urdf_update/urdf/install/m_4730788_001_description/share/m_4730788_001_description/urdf/m_4730788_001.urdf
[0.185s] -- Up-to-date symlink: /home/adm-vsp-dv/urdf_update/urdf/install/m_4730788_001_description/share/m_4730788_001_description/urdf/m_4730788_001.urdf.xacro
[0.186s] -- Up-to-date symlink: /home/adm-vsp-dv/urdf_update/urdf/install/m_4730788_001_description/share/ament_index/resource_index/package_run_dependencies/m_4730788_001_description
[0.186s] -- Up-to-date symlink: /home/adm-vsp-dv/urdf_update/urdf/install/m_4730788_001_description/share/ament_index/resource_index/parent_prefix_path/m_4730788_001_description
[0.186s] -- Up-to-date symlink: /home/adm-vsp-dv/urdf_update/urdf/install/m_4730788_001_description/share/m_4730788_001_description/environment/ament_prefix_path.sh
[0.186s] -- Up-to-date symlink: /home/adm-vsp-dv/urdf_update/urdf/install/m_4730788_001_description/share/m_4730788_001_description/environment/ament_prefix_path.dsv
[0.186s] -- Up-to-date symlink: /home/adm-vsp-dv/urdf_update/urdf/install/m_4730788_001_description/share/m_4730788_001_description/environment/path.sh
[0.187s] -- Up-to-date symlink: /home/adm-vsp-dv/urdf_update/urdf/install/m_4730788_001_description/share/m_4730788_001_description/environment/path.dsv
[0.187s] -- Up-to-date symlink: /home/adm-vsp-dv/urdf_update/urdf/install/m_4730788_001_description/share/m_4730788_001_description/local_setup.bash
[0.187s] -- Up-to-date symlink: /home/adm-vsp-dv/urdf_update/urdf/install/m_4730788_001_description/share/m_4730788_001_description/local_setup.sh
[0.188s] -- Up-to-date symlink: /home/adm-vsp-dv/urdf_update/urdf/install/m_4730788_001_description/share/m_4730788_001_description/local_setup.zsh
[0.188s] -- Up-to-date symlink: /home/adm-vsp-dv/urdf_update/urdf/install/m_4730788_001_description/share/m_4730788_001_description/local_setup.dsv
[0.188s] -- Symlinking: /home/adm-vsp-dv/urdf_update/urdf/install/m_4730788_001_description/share/m_4730788_001_description/package.dsv
[0.191s] -- Up-to-date symlink: /home/adm-vsp-dv/urdf_update/urdf/install/m_4730788_001_description/share/ament_index/resource_index/packages/m_4730788_001_description
[0.191s] -- Up-to-date symlink: /home/adm-vsp-dv/urdf_update/urdf/install/m_4730788_001_description/share/m_4730788_001_description/cmake/m_4730788_001_descriptionConfig.cmake
[0.191s] -- Up-to-date symlink: /home/adm-vsp-dv/urdf_update/urdf/install/m_4730788_001_description/share/m_4730788_001_description/cmake/m_4730788_001_descriptionConfig-version.cmake
[0.191s] -- Up-to-date symlink: /home/adm-vsp-dv/urdf_update/urdf/install/m_4730788_001_description/share/m_4730788_001_description/package.xml
[0.209s] Invoked command in '/home/adm-vsp-dv/urdf_update/urdf/build/m_4730788_001_description' returned '0': CMAKE_PREFIX_PATH=${CMAKE_PREFIX_PATH}:/opt/ros/rolling DEBUGINFOD_URLS=https://debuginfod.ubuntu.com /usr/bin/cmake --install /home/adm-vsp-dv/urdf_update/urdf/build/m_4730788_001_description
