-- The C compiler identification is GNU 13.2.0
-- The CXX compiler identification is GNU 13.2.0
-- Detecting C compiler ABI info
-- Detecting C compiler ABI info - done
-- Check for working C compiler: /usr/bin/cc - skipped
-- Detecting C compile features
-- Detecting C compile features - done
-- Detecting CXX compiler ABI info
-- Detecting CXX compiler ABI info - done
-- Check for working CXX compiler: /usr/bin/c++ - skipped
-- Detecting CXX compile features
-- Detecting CXX compile features - done
-- Found ament_cmake: 2.7.0 (/opt/ros/rolling/share/ament_cmake/cmake)
-- Found Python3: /usr/bin/python3 (found version "3.12.3") found components: Interpreter 
-- Override CMake install command with custom implementation using symlinks instead of copying resources
-- Configuring done (1.6s)
-- Generating done (0.0s)
-- Build files have been written to: /home/adm-vsp-dv/urdf_update/urdf/build/m_2025642_001_moveit_config_pkg
-- Install configuration: ""
-- Execute custom install script
-- Symlinking: /home/adm-vsp-dv/urdf_update/urdf/install/m_2025642_001_moveit_config_pkg/share/ament_index/resource_index/package_run_dependencies/m_2025642_001_moveit_config_pkg
-- Symlinking: /home/adm-vsp-dv/urdf_update/urdf/install/m_2025642_001_moveit_config_pkg/share/ament_index/resource_index/parent_prefix_path/m_2025642_001_moveit_config_pkg
-- Symlinking: /home/adm-vsp-dv/urdf_update/urdf/install/m_2025642_001_moveit_config_pkg/share/m_2025642_001_moveit_config_pkg/environment/ament_prefix_path.sh
-- Symlinking: /home/adm-vsp-dv/urdf_update/urdf/install/m_2025642_001_moveit_config_pkg/share/m_2025642_001_moveit_config_pkg/environment/ament_prefix_path.dsv
-- Symlinking: /home/adm-vsp-dv/urdf_update/urdf/install/m_2025642_001_moveit_config_pkg/share/m_2025642_001_moveit_config_pkg/environment/path.sh
-- Symlinking: /home/adm-vsp-dv/urdf_update/urdf/install/m_2025642_001_moveit_config_pkg/share/m_2025642_001_moveit_config_pkg/environment/path.dsv
-- Symlinking: /home/adm-vsp-dv/urdf_update/urdf/install/m_2025642_001_moveit_config_pkg/share/m_2025642_001_moveit_config_pkg/local_setup.bash
-- Symlinking: /home/adm-vsp-dv/urdf_update/urdf/install/m_2025642_001_moveit_config_pkg/share/m_2025642_001_moveit_config_pkg/local_setup.sh
-- Symlinking: /home/adm-vsp-dv/urdf_update/urdf/install/m_2025642_001_moveit_config_pkg/share/m_2025642_001_moveit_config_pkg/local_setup.zsh
-- Symlinking: /home/adm-vsp-dv/urdf_update/urdf/install/m_2025642_001_moveit_config_pkg/share/m_2025642_001_moveit_config_pkg/local_setup.dsv
-- Symlinking: /home/adm-vsp-dv/urdf_update/urdf/install/m_2025642_001_moveit_config_pkg/share/m_2025642_001_moveit_config_pkg/package.dsv
-- Symlinking: /home/adm-vsp-dv/urdf_update/urdf/install/m_2025642_001_moveit_config_pkg/share/ament_index/resource_index/packages/m_2025642_001_moveit_config_pkg
-- Symlinking: /home/adm-vsp-dv/urdf_update/urdf/install/m_2025642_001_moveit_config_pkg/share/m_2025642_001_moveit_config_pkg/cmake/m_2025642_001_moveit_config_pkgConfig.cmake
-- Symlinking: /home/adm-vsp-dv/urdf_update/urdf/install/m_2025642_001_moveit_config_pkg/share/m_2025642_001_moveit_config_pkg/cmake/m_2025642_001_moveit_config_pkgConfig-version.cmake
-- Symlinking: /home/adm-vsp-dv/urdf_update/urdf/install/m_2025642_001_moveit_config_pkg/share/m_2025642_001_moveit_config_pkg/package.xml
-- Symlinking: /home/adm-vsp-dv/urdf_update/urdf/install/m_2025642_001_moveit_config_pkg/share/m_2025642_001_moveit_config_pkg/launch/demo.launch.py
-- Symlinking: /home/adm-vsp-dv/urdf_update/urdf/install/m_2025642_001_moveit_config_pkg/share/m_2025642_001_moveit_config_pkg/launch/move_group.launch.py
-- Symlinking: /home/adm-vsp-dv/urdf_update/urdf/install/m_2025642_001_moveit_config_pkg/share/m_2025642_001_moveit_config_pkg/launch/moveit_rviz.launch.py
-- Symlinking: /home/adm-vsp-dv/urdf_update/urdf/install/m_2025642_001_moveit_config_pkg/share/m_2025642_001_moveit_config_pkg/launch/rsp.launch.py
-- Symlinking: /home/adm-vsp-dv/urdf_update/urdf/install/m_2025642_001_moveit_config_pkg/share/m_2025642_001_moveit_config_pkg/launch/setup_assistant.launch.py
-- Symlinking: /home/adm-vsp-dv/urdf_update/urdf/install/m_2025642_001_moveit_config_pkg/share/m_2025642_001_moveit_config_pkg/launch/spawn_controllers.launch.py
-- Symlinking: /home/adm-vsp-dv/urdf_update/urdf/install/m_2025642_001_moveit_config_pkg/share/m_2025642_001_moveit_config_pkg/launch/static_virtual_joint_tfs.launch.py
-- Symlinking: /home/adm-vsp-dv/urdf_update/urdf/install/m_2025642_001_moveit_config_pkg/share/m_2025642_001_moveit_config_pkg/launch/warehouse_db.launch.py
-- Symlinking: /home/adm-vsp-dv/urdf_update/urdf/install/m_2025642_001_moveit_config_pkg/share/m_2025642_001_moveit_config_pkg/config/initial_positions.yaml
-- Symlinking: /home/adm-vsp-dv/urdf_update/urdf/install/m_2025642_001_moveit_config_pkg/share/m_2025642_001_moveit_config_pkg/config/joint_limits.yaml
-- Symlinking: /home/adm-vsp-dv/urdf_update/urdf/install/m_2025642_001_moveit_config_pkg/share/m_2025642_001_moveit_config_pkg/config/kinematics.yaml
-- Symlinking: /home/adm-vsp-dv/urdf_update/urdf/install/m_2025642_001_moveit_config_pkg/share/m_2025642_001_moveit_config_pkg/config/m_2025642_001.ros2_control.xacro
-- Symlinking: /home/adm-vsp-dv/urdf_update/urdf/install/m_2025642_001_moveit_config_pkg/share/m_2025642_001_moveit_config_pkg/config/m_2025642_001.srdf
-- Symlinking: /home/adm-vsp-dv/urdf_update/urdf/install/m_2025642_001_moveit_config_pkg/share/m_2025642_001_moveit_config_pkg/config/m_2025642_001.urdf.xacro
-- Symlinking: /home/adm-vsp-dv/urdf_update/urdf/install/m_2025642_001_moveit_config_pkg/share/m_2025642_001_moveit_config_pkg/config/moveit.rviz
-- Symlinking: /home/adm-vsp-dv/urdf_update/urdf/install/m_2025642_001_moveit_config_pkg/share/m_2025642_001_moveit_config_pkg/config/moveit_controllers.yaml
-- Symlinking: /home/adm-vsp-dv/urdf_update/urdf/install/m_2025642_001_moveit_config_pkg/share/m_2025642_001_moveit_config_pkg/config/ompl_planning.yaml
-- Symlinking: /home/adm-vsp-dv/urdf_update/urdf/install/m_2025642_001_moveit_config_pkg/share/m_2025642_001_moveit_config_pkg/config/pilz_cartesian_limits.yaml
-- Symlinking: /home/adm-vsp-dv/urdf_update/urdf/install/m_2025642_001_moveit_config_pkg/share/m_2025642_001_moveit_config_pkg/config/ros2_controllers.yaml
-- Symlinking: /home/adm-vsp-dv/urdf_update/urdf/install/m_2025642_001_moveit_config_pkg/share/m_2025642_001_moveit_config_pkg/.setup_assistant
