-- Install configuration: ""
-- Execute custom install script
-- Up-to-date symlink: /home/adm-vsp-dv/urdf_update/urdf/install/pneumatic_disassembly_unit_description/share/pneumatic_disassembly_unit_description/launch/display.launch.py
-- Up-to-date symlink: /home/adm-vsp-dv/urdf_update/urdf/install/pneumatic_disassembly_unit_description/share/pneumatic_disassembly_unit_description/meshes/base_plate_link1.dae
-- Up-to-date symlink: /home/adm-vsp-dv/urdf_update/urdf/install/pneumatic_disassembly_unit_description/share/pneumatic_disassembly_unit_description/meshes/pull_cylinder_link.STL
-- Up-to-date symlink: /home/adm-vsp-dv/urdf_update/urdf/install/pneumatic_disassembly_unit_description/share/pneumatic_disassembly_unit_description/meshes/pull_cylinder_link.dae
-- Up-to-date symlink: /home/adm-vsp-dv/urdf_update/urdf/install/pneumatic_disassembly_unit_description/share/pneumatic_disassembly_unit_description/meshes/push_cylinder_link.STL
-- Up-to-date symlink: /home/adm-vsp-dv/urdf_update/urdf/install/pneumatic_disassembly_unit_description/share/pneumatic_disassembly_unit_description/meshes/push_cylinder_link.dae
-- Up-to-date symlink: /home/adm-vsp-dv/urdf_update/urdf/install/pneumatic_disassembly_unit_description/share/pneumatic_disassembly_unit_description/urdf/example.png
-- Up-to-date symlink: /home/adm-vsp-dv/urdf_update/urdf/install/pneumatic_disassembly_unit_description/share/pneumatic_disassembly_unit_description/urdf/examplepneumatic_disassembly_unit.urdf.xacro
-- Up-to-date symlink: /home/adm-vsp-dv/urdf_update/urdf/install/pneumatic_disassembly_unit_description/share/pneumatic_disassembly_unit_description/urdf/pneumatic_disassembly_unit.urdf.xacro
-- Up-to-date symlink: /home/adm-vsp-dv/urdf_update/urdf/install/pneumatic_disassembly_unit_description/share/ament_index/resource_index/package_run_dependencies/pneumatic_disassembly_unit_description
-- Up-to-date symlink: /home/adm-vsp-dv/urdf_update/urdf/install/pneumatic_disassembly_unit_description/share/ament_index/resource_index/parent_prefix_path/pneumatic_disassembly_unit_description
-- Up-to-date symlink: /home/adm-vsp-dv/urdf_update/urdf/install/pneumatic_disassembly_unit_description/share/pneumatic_disassembly_unit_description/environment/ament_prefix_path.sh
-- Up-to-date symlink: /home/adm-vsp-dv/urdf_update/urdf/install/pneumatic_disassembly_unit_description/share/pneumatic_disassembly_unit_description/environment/ament_prefix_path.dsv
-- Up-to-date symlink: /home/adm-vsp-dv/urdf_update/urdf/install/pneumatic_disassembly_unit_description/share/pneumatic_disassembly_unit_description/environment/path.sh
-- Up-to-date symlink: /home/adm-vsp-dv/urdf_update/urdf/install/pneumatic_disassembly_unit_description/share/pneumatic_disassembly_unit_description/environment/path.dsv
-- Up-to-date symlink: /home/adm-vsp-dv/urdf_update/urdf/install/pneumatic_disassembly_unit_description/share/pneumatic_disassembly_unit_description/local_setup.bash
-- Up-to-date symlink: /home/adm-vsp-dv/urdf_update/urdf/install/pneumatic_disassembly_unit_description/share/pneumatic_disassembly_unit_description/local_setup.sh
-- Up-to-date symlink: /home/adm-vsp-dv/urdf_update/urdf/install/pneumatic_disassembly_unit_description/share/pneumatic_disassembly_unit_description/local_setup.zsh
-- Up-to-date symlink: /home/adm-vsp-dv/urdf_update/urdf/install/pneumatic_disassembly_unit_description/share/pneumatic_disassembly_unit_description/local_setup.dsv
-- Up-to-date symlink: /home/adm-vsp-dv/urdf_update/urdf/install/pneumatic_disassembly_unit_description/share/pneumatic_disassembly_unit_description/package.dsv
-- Up-to-date symlink: /home/adm-vsp-dv/urdf_update/urdf/install/pneumatic_disassembly_unit_description/share/ament_index/resource_index/packages/pneumatic_disassembly_unit_description
-- Up-to-date symlink: /home/adm-vsp-dv/urdf_update/urdf/install/pneumatic_disassembly_unit_description/share/pneumatic_disassembly_unit_description/cmake/pneumatic_disassembly_unit_descriptionConfig.cmake
-- Up-to-date symlink: /home/adm-vsp-dv/urdf_update/urdf/install/pneumatic_disassembly_unit_description/share/pneumatic_disassembly_unit_description/cmake/pneumatic_disassembly_unit_descriptionConfig-version.cmake
-- Up-to-date symlink: /home/adm-vsp-dv/urdf_update/urdf/install/pneumatic_disassembly_unit_description/share/pneumatic_disassembly_unit_description/package.xml
