[0.037s] Invoking command in '/home/adm-vsp-dv/urdf_update/urdf/build/m_5326927_001_description': CMAKE_PREFIX_PATH=${CMAKE_PREFIX_PATH}:/opt/ros/rolling DEBUGINFOD_URLS=https://debuginfod.ubuntu.com /usr/bin/cmake /home/adm-vsp-dv/urdf_update/urdf/component_models-main/std_components/m_5326927_001/m_5326927_001_description -DAMENT_CMAKE_SYMLINK_INSTALL=1 -DCMAKE_INSTALL_PREFIX=/home/adm-vsp-dv/urdf_update/urdf/install/m_5326927_001_description
[1.641s] -- The C compiler identification is GNU 13.2.0
[1.641s] -- The CXX compiler identification is GNU 13.2.0
[1.642s] -- Detecting C compiler ABI info
[1.642s] -- Detecting C compiler ABI info - done
[1.642s] -- Check for working C compiler: /usr/bin/cc - skipped
[1.642s] -- Detecting C compile features
[1.642s] -- Detecting C compile features - done
[1.643s] -- Detecting CXX compiler ABI info
[1.643s] -- Detecting CXX compiler ABI info - done
[1.646s] -- Check for working CXX compiler: /usr/bin/c++ - skipped
[1.647s] -- Detecting CXX compile features
[1.647s] -- Detecting CXX compile features - done
[1.647s] -- Found ament_cmake: 2.7.0 (/opt/ros/rolling/share/ament_cmake/cmake)
[1.647s] -- Found Python3: /usr/bin/python3 (found version "3.12.3") found components: Interpreter 
[1.647s] -- Override CMake install command with custom implementation using symlinks instead of copying resources
[1.664s] -- Configuring done (1.6s)
[1.670s] -- Generating done (0.0s)
[1.678s] -- Build files have been written to: /home/adm-vsp-dv/urdf_update/urdf/build/m_5326927_001_description
[1.682s] Invoked command in '/home/adm-vsp-dv/urdf_update/urdf/build/m_5326927_001_description' returned '0': CMAKE_PREFIX_PATH=${CMAKE_PREFIX_PATH}:/opt/ros/rolling DEBUGINFOD_URLS=https://debuginfod.ubuntu.com /usr/bin/cmake /home/adm-vsp-dv/urdf_update/urdf/component_models-main/std_components/m_5326927_001/m_5326927_001_description -DAMENT_CMAKE_SYMLINK_INSTALL=1 -DCMAKE_INSTALL_PREFIX=/home/adm-vsp-dv/urdf_update/urdf/install/m_5326927_001_description
[1.686s] Invoking command in '/home/adm-vsp-dv/urdf_update/urdf/build/m_5326927_001_description': CMAKE_PREFIX_PATH=${CMAKE_PREFIX_PATH}:/opt/ros/rolling DEBUGINFOD_URLS=https://debuginfod.ubuntu.com /usr/bin/cmake --build /home/adm-vsp-dv/urdf_update/urdf/build/m_5326927_001_description -- -j8 -l8
[1.769s] Invoked command in '/home/adm-vsp-dv/urdf_update/urdf/build/m_5326927_001_description' returned '0': CMAKE_PREFIX_PATH=${CMAKE_PREFIX_PATH}:/opt/ros/rolling DEBUGINFOD_URLS=https://debuginfod.ubuntu.com /usr/bin/cmake --build /home/adm-vsp-dv/urdf_update/urdf/build/m_5326927_001_description -- -j8 -l8
[1.812s] Invoking command in '/home/adm-vsp-dv/urdf_update/urdf/build/m_5326927_001_description': CMAKE_PREFIX_PATH=${CMAKE_PREFIX_PATH}:/opt/ros/rolling DEBUGINFOD_URLS=https://debuginfod.ubuntu.com /usr/bin/cmake --install /home/adm-vsp-dv/urdf_update/urdf/build/m_5326927_001_description
[2.157s] -- Install configuration: ""
[2.157s] -- Execute custom install script
[2.157s] -- Symlinking: /home/adm-vsp-dv/urdf_update/urdf/install/m_5326927_001_description/share/m_5326927_001_description/config/joint_names_m_5326927_001.yaml
[2.157s] -- Symlinking: /home/adm-vsp-dv/urdf_update/urdf/install/m_5326927_001_description/share/m_5326927_001_description/launch/display.launch
[2.157s] -- Symlinking: /home/adm-vsp-dv/urdf_update/urdf/install/m_5326927_001_description/share/m_5326927_001_description/launch/gazebo.launch
[2.157s] -- Symlinking: /home/adm-vsp-dv/urdf_update/urdf/install/m_5326927_001_description/share/m_5326927_001_description/meshes/base_link.STL
[2.158s] -- Symlinking: /home/adm-vsp-dv/urdf_update/urdf/install/m_5326927_001_description/share/m_5326927_001_description/urdf/m_5326927_001.csv
[2.158s] -- Symlinking: /home/adm-vsp-dv/urdf_update/urdf/install/m_5326927_001_description/share/m_5326927_001_description/urdf/m_5326927_001.urdf.xacro
[2.163s] -- Symlinking: /home/adm-vsp-dv/urdf_update/urdf/install/m_5326927_001_description/share/ament_index/resource_index/package_run_dependencies/m_5326927_001_description
[2.163s] -- Symlinking: /home/adm-vsp-dv/urdf_update/urdf/install/m_5326927_001_description/share/ament_index/resource_index/parent_prefix_path/m_5326927_001_description
[2.163s] -- Symlinking: /home/adm-vsp-dv/urdf_update/urdf/install/m_5326927_001_description/share/m_5326927_001_description/environment/ament_prefix_path.sh
[2.163s] -- Symlinking: /home/adm-vsp-dv/urdf_update/urdf/install/m_5326927_001_description/share/m_5326927_001_description/environment/ament_prefix_path.dsv
[2.163s] -- Symlinking: /home/adm-vsp-dv/urdf_update/urdf/install/m_5326927_001_description/share/m_5326927_001_description/environment/path.sh
[2.163s] -- Symlinking: /home/adm-vsp-dv/urdf_update/urdf/install/m_5326927_001_description/share/m_5326927_001_description/environment/path.dsv
[2.164s] -- Symlinking: /home/adm-vsp-dv/urdf_update/urdf/install/m_5326927_001_description/share/m_5326927_001_description/local_setup.bash
[2.164s] -- Symlinking: /home/adm-vsp-dv/urdf_update/urdf/install/m_5326927_001_description/share/m_5326927_001_description/local_setup.sh
[2.164s] -- Symlinking: /home/adm-vsp-dv/urdf_update/urdf/install/m_5326927_001_description/share/m_5326927_001_description/local_setup.zsh
[2.164s] -- Symlinking: /home/adm-vsp-dv/urdf_update/urdf/install/m_5326927_001_description/share/m_5326927_001_description/local_setup.dsv
[2.164s] -- Symlinking: /home/adm-vsp-dv/urdf_update/urdf/install/m_5326927_001_description/share/m_5326927_001_description/package.dsv
[2.164s] -- Symlinking: /home/adm-vsp-dv/urdf_update/urdf/install/m_5326927_001_description/share/ament_index/resource_index/packages/m_5326927_001_description
[2.165s] -- Symlinking: /home/adm-vsp-dv/urdf_update/urdf/install/m_5326927_001_description/share/m_5326927_001_description/cmake/m_5326927_001_descriptionConfig.cmake
[2.165s] -- Symlinking: /home/adm-vsp-dv/urdf_update/urdf/install/m_5326927_001_description/share/m_5326927_001_description/cmake/m_5326927_001_descriptionConfig-version.cmake
[2.173s] -- Symlinking: /home/adm-vsp-dv/urdf_update/urdf/install/m_5326927_001_description/share/m_5326927_001_description/package.xml
[2.219s] Invoked command in '/home/adm-vsp-dv/urdf_update/urdf/build/m_5326927_001_description' returned '0': CMAKE_PREFIX_PATH=${CMAKE_PREFIX_PATH}:/opt/ros/rolling DEBUGINFOD_URLS=https://debuginfod.ubuntu.com /usr/bin/cmake --install /home/adm-vsp-dv/urdf_update/urdf/build/m_5326927_001_description
